<?xml version="1.0" encoding="UTF-8"?>
<!-- Generated by org.testng.reporters.JUnitReportReporter -->
<testsuite skipped="0" hostname="LAPTOP-N84L60DU" name="org.testing.testcase.TC10_DeleteRequest" tests="1" failures="0" timestamp="2022-10-05T12:49:03 CDT" time="0.353" errors="0">
  <testcase name="Testcase10" time="0.353" classname="org.testing.testcase.TC10_DeleteRequest"/>
  <system-out/>
</testsuite> <!-- org.testing.testcase.TC10_DeleteRequest -->
