<?xml version="1.0" encoding="UTF-8"?>
<!-- Generated by org.testng.reporters.JUnitReportReporter -->
<testsuite skipped="0" hostname="LAPTOP-N84L60DU" name="org.testing.testcase.TC7_GetAllRequest" tests="1" failures="0" timestamp="2022-10-05T12:49:03 CDT" time="1.293" errors="0">
  <testcase name="Testcase7" time="1.293" classname="org.testing.testcase.TC7_GetAllRequest"/>
  <system-out/>
</testsuite> <!-- org.testing.testcase.TC7_GetAllRequest -->
