<?xml version="1.0" encoding="UTF-8"?>
<!-- Generated by org.testng.reporters.JUnitReportReporter -->
<testsuite skipped="0" hostname="LAPTOP-N84L60DU" name="org.testing.testcase.TC9_UpdateRequest" tests="1" failures="0" timestamp="2022-10-05T12:49:03 CDT" time="1.461" errors="0">
  <testcase name="Testcase9" time="1.461" classname="org.testing.testcase.TC9_UpdateRequest"/>
  <system-out/>
</testsuite> <!-- org.testing.testcase.TC9_UpdateRequest -->
