<?xml version="1.0" encoding="UTF-8"?>
<testsuite xmlns:xsi="http://www.w3.org/2001/XMLSchema-instance" xsi:noNamespaceSchemaLocation="https://maven.apache.org/surefire/maven-surefire-plugin/xsd/surefire-test-report-3.0.xsd" version="3.0" name="TestSuite" time="17.023" tests="10" errors="0" skipped="0" failures="0">
  <properties>
    <property name="sun.desktop" value="windows"/>
    <property name="awt.toolkit" value="sun.awt.windows.WToolkit"/>
    <property name="file.encoding.pkg" value="sun.io"/>
    <property name="java.specification.version" value="1.8"/>
    <property name="sun.cpu.isalist" value="amd64"/>
    <property name="sun.jnu.encoding" value="Cp1252"/>
    <property name="java.class.path" value="C:\Users\Ashish\git\APIrepo\API_Automation\target\test-classes;C:\Users\Ashish\git\APIrepo\API_Automation\target\classes;C:\Users\Ashish\.m2\repository\com\jayway\jsonpath\json-path\2.4.0\json-path-2.4.0.jar;C:\Users\Ashish\.m2\repository\net\minidev\json-smart\2.3\json-smart-2.3.jar;C:\Users\Ashish\.m2\repository\net\minidev\accessors-smart\1.2\accessors-smart-1.2.jar;C:\Users\Ashish\.m2\repository\org\ow2\asm\asm\5.0.4\asm-5.0.4.jar;C:\Users\Ashish\.m2\repository\org\slf4j\slf4j-api\1.7.25\slf4j-api-1.7.25.jar;C:\Users\Ashish\.m2\repository\org\testng\testng\7.3.0\testng-7.3.0.jar;C:\Users\Ashish\.m2\repository\com\beust\jcommander\1.78\jcommander-1.78.jar;C:\Users\Ashish\.m2\repository\org\apache\ant\ant\1.10.3\ant-1.10.3.jar;C:\Users\Ashish\.m2\repository\org\apache\ant\ant-launcher\1.10.3\ant-launcher-1.10.3.jar;C:\Users\Ashish\.m2\repository\junit\junit\4.12\junit-4.12.jar;C:\Users\Ashish\.m2\repository\org\hamcrest\hamcrest-core\1.3\hamcrest-core-1.3.jar;C:\Users\Ashish\.m2\repository\com\google\inject\guice\4.2.2\guice-4.2.2-no_aop.jar;C:\Users\Ashish\.m2\repository\javax\inject\javax.inject\1\javax.inject-1.jar;C:\Users\Ashish\.m2\repository\aopalliance\aopalliance\1.0\aopalliance-1.0.jar;C:\Users\Ashish\.m2\repository\com\google\guava\guava\25.1-android\guava-25.1-android.jar;C:\Users\Ashish\.m2\repository\org\checkerframework\checker-compat-qual\2.0.0\checker-compat-qual-2.0.0.jar;C:\Users\Ashish\.m2\repository\com\google\errorprone\error_prone_annotations\2.1.3\error_prone_annotations-2.1.3.jar;C:\Users\Ashish\.m2\repository\com\google\j2objc\j2objc-annotations\1.1\j2objc-annotations-1.1.jar;C:\Users\Ashish\.m2\repository\org\codehaus\mojo\animal-sniffer-annotations\1.14\animal-sniffer-annotations-1.14.jar;C:\Users\Ashish\.m2\repository\org\yaml\snakeyaml\1.21\snakeyaml-1.21.jar;C:\Users\Ashish\.m2\repository\io\rest-assured\rest-assured\4.4.0\rest-assured-4.4.0.jar;C:\Users\Ashish\.m2\repository\org\codehaus\groovy\groovy\3.0.8\groovy-3.0.8.jar;C:\Users\Ashish\.m2\repository\org\codehaus\groovy\groovy-xml\3.0.8\groovy-xml-3.0.8.jar;C:\Users\Ashish\.m2\repository\org\apache\httpcomponents\httpclient\4.5.13\httpclient-4.5.13.jar;C:\Users\Ashish\.m2\repository\org\apache\httpcomponents\httpcore\4.4.13\httpcore-4.4.13.jar;C:\Users\Ashish\.m2\repository\commons-logging\commons-logging\1.2\commons-logging-1.2.jar;C:\Users\Ashish\.m2\repository\commons-codec\commons-codec\1.11\commons-codec-1.11.jar;C:\Users\Ashish\.m2\repository\org\apache\httpcomponents\httpmime\4.5.13\httpmime-4.5.13.jar;C:\Users\Ashish\.m2\repository\org\hamcrest\hamcrest\2.1\hamcrest-2.1.jar;C:\Users\Ashish\.m2\repository\org\ccil\cowan\tagsoup\tagsoup\1.2.1\tagsoup-1.2.1.jar;C:\Users\Ashish\.m2\repository\io\rest-assured\xml-path\4.4.0\xml-path-4.4.0.jar;C:\Users\Ashish\.m2\repository\org\apache\commons\commons-lang3\3.11\commons-lang3-3.11.jar;C:\Users\Ashish\.m2\repository\jakarta\xml\bind\jakarta.xml.bind-api\2.3.3\jakarta.xml.bind-api-2.3.3.jar;C:\Users\Ashish\.m2\repository\jakarta\activation\jakarta.activation-api\1.2.2\jakarta.activation-api-1.2.2.jar;C:\Users\Ashish\.m2\repository\com\sun\xml\bind\jaxb-impl\2.3.3\jaxb-impl-2.3.3.jar;C:\Users\Ashish\.m2\repository\io\rest-assured\json-schema-validator\4.4.0\json-schema-validator-4.4.0.jar;C:\Users\Ashish\.m2\repository\com\github\java-json-tools\json-schema-validator\2.2.14\json-schema-validator-2.2.14.jar;C:\Users\Ashish\.m2\repository\com\github\java-json-tools\jackson-coreutils-equivalence\1.0\jackson-coreutils-equivalence-1.0.jar;C:\Users\Ashish\.m2\repository\com\fasterxml\jackson\core\jackson-databind\2.11.0\jackson-databind-2.11.0.jar;C:\Users\Ashish\.m2\repository\com\fasterxml\jackson\core\jackson-annotations\2.11.0\jackson-annotations-2.11.0.jar;C:\Users\Ashish\.m2\repository\com\fasterxml\jackson\core\jackson-core\2.11.0\jackson-core-2.11.0.jar;C:\Users\Ashish\.m2\repository\com\github\java-json-tools\jackson-coreutils\2.0\jackson-coreutils-2.0.jar;C:\Users\Ashish\.m2\repository\com\github\java-json-tools\msg-simple\1.2\msg-simple-1.2.jar;C:\Users\Ashish\.m2\repository\com\github\java-json-tools\btf\1.3\btf-1.3.jar;C:\Users\Ashish\.m2\repository\com\github\java-json-tools\json-schema-core\1.2.14\json-schema-core-1.2.14.jar;C:\Users\Ashish\.m2\repository\com\github\java-json-tools\uri-template\0.10\uri-template-0.10.jar;C:\Users\Ashish\.m2\repository\org\mozilla\rhino\1.7.7.2\rhino-1.7.7.2.jar;C:\Users\Ashish\.m2\repository\com\sun\mail\mailapi\1.6.2\mailapi-1.6.2.jar;C:\Users\Ashish\.m2\repository\joda-time\joda-time\2.10.5\joda-time-2.10.5.jar;C:\Users\Ashish\.m2\repository\com\googlecode\libphonenumber\libphonenumber\8.11.1\libphonenumber-8.11.1.jar;C:\Users\Ashish\.m2\repository\com\google\code\findbugs\jsr305\3.0.2\jsr305-3.0.2.jar;C:\Users\Ashish\.m2\repository\net\sf\jopt-simple\jopt-simple\5.0.4\jopt-simple-5.0.4.jar;C:\Users\Ashish\.m2\repository\io\rest-assured\json-path\4.4.0\json-path-4.4.0.jar;C:\Users\Ashish\.m2\repository\org\codehaus\groovy\groovy-json\3.0.8\groovy-json-3.0.8.jar;C:\Users\Ashish\.m2\repository\io\rest-assured\rest-assured-common\4.4.0\rest-assured-common-4.4.0.jar;C:\Users\Ashish\.m2\repository\org\json\json\20210307\json-20210307.jar;"/>
    <property name="java.vm.vendor" value="Oracle Corporation"/>
    <property name="sun.arch.data.model" value="64"/>
    <property name="user.variant" value=""/>
    <property name="java.vendor.url" value="http://java.oracle.com/"/>
    <property name="user.timezone" value="America/Chicago"/>
    <property name="java.vm.specification.version" value="1.8"/>
    <property name="os.name" value="Windows 10"/>
    <property name="user.country" value="IN"/>
    <property name="sun.java.launcher" value="SUN_STANDARD"/>
    <property name="sun.boot.library.path" value="C:\Program Files\Java\jdk1.8.0_261\jre\bin"/>
    <property name="sun.java.command" value="C:\Users\Ashish\AppData\Local\Temp\surefire6261463119092145562\surefirebooter-20221005124844633_3.jar C:\Users\Ashish\AppData\Local\Temp\surefire6261463119092145562 2022-10-05T12-48-40_869-jvmRun1 surefire-20221005124844633_1tmp surefire_0-20221005124844633_2tmp"/>
    <property name="surefire.test.class.path" value="C:\Users\Ashish\git\APIrepo\API_Automation\target\test-classes;C:\Users\Ashish\git\APIrepo\API_Automation\target\classes;C:\Users\Ashish\.m2\repository\com\jayway\jsonpath\json-path\2.4.0\json-path-2.4.0.jar;C:\Users\Ashish\.m2\repository\net\minidev\json-smart\2.3\json-smart-2.3.jar;C:\Users\Ashish\.m2\repository\net\minidev\accessors-smart\1.2\accessors-smart-1.2.jar;C:\Users\Ashish\.m2\repository\org\ow2\asm\asm\5.0.4\asm-5.0.4.jar;C:\Users\Ashish\.m2\repository\org\slf4j\slf4j-api\1.7.25\slf4j-api-1.7.25.jar;C:\Users\Ashish\.m2\repository\org\testng\testng\7.3.0\testng-7.3.0.jar;C:\Users\Ashish\.m2\repository\com\beust\jcommander\1.78\jcommander-1.78.jar;C:\Users\Ashish\.m2\repository\org\apache\ant\ant\1.10.3\ant-1.10.3.jar;C:\Users\Ashish\.m2\repository\org\apache\ant\ant-launcher\1.10.3\ant-launcher-1.10.3.jar;C:\Users\Ashish\.m2\repository\junit\junit\4.12\junit-4.12.jar;C:\Users\Ashish\.m2\repository\org\hamcrest\hamcrest-core\1.3\hamcrest-core-1.3.jar;C:\Users\Ashish\.m2\repository\com\google\inject\guice\4.2.2\guice-4.2.2-no_aop.jar;C:\Users\Ashish\.m2\repository\javax\inject\javax.inject\1\javax.inject-1.jar;C:\Users\Ashish\.m2\repository\aopalliance\aopalliance\1.0\aopalliance-1.0.jar;C:\Users\Ashish\.m2\repository\com\google\guava\guava\25.1-android\guava-25.1-android.jar;C:\Users\Ashish\.m2\repository\org\checkerframework\checker-compat-qual\2.0.0\checker-compat-qual-2.0.0.jar;C:\Users\Ashish\.m2\repository\com\google\errorprone\error_prone_annotations\2.1.3\error_prone_annotations-2.1.3.jar;C:\Users\Ashish\.m2\repository\com\google\j2objc\j2objc-annotations\1.1\j2objc-annotations-1.1.jar;C:\Users\Ashish\.m2\repository\org\codehaus\mojo\animal-sniffer-annotations\1.14\animal-sniffer-annotations-1.14.jar;C:\Users\Ashish\.m2\repository\org\yaml\snakeyaml\1.21\snakeyaml-1.21.jar;C:\Users\Ashish\.m2\repository\io\rest-assured\rest-assured\4.4.0\rest-assured-4.4.0.jar;C:\Users\Ashish\.m2\repository\org\codehaus\groovy\groovy\3.0.8\groovy-3.0.8.jar;C:\Users\Ashish\.m2\repository\org\codehaus\groovy\groovy-xml\3.0.8\groovy-xml-3.0.8.jar;C:\Users\Ashish\.m2\repository\org\apache\httpcomponents\httpclient\4.5.13\httpclient-4.5.13.jar;C:\Users\Ashish\.m2\repository\org\apache\httpcomponents\httpcore\4.4.13\httpcore-4.4.13.jar;C:\Users\Ashish\.m2\repository\commons-logging\commons-logging\1.2\commons-logging-1.2.jar;C:\Users\Ashish\.m2\repository\commons-codec\commons-codec\1.11\commons-codec-1.11.jar;C:\Users\Ashish\.m2\repository\org\apache\httpcomponents\httpmime\4.5.13\httpmime-4.5.13.jar;C:\Users\Ashish\.m2\repository\org\hamcrest\hamcrest\2.1\hamcrest-2.1.jar;C:\Users\Ashish\.m2\repository\org\ccil\cowan\tagsoup\tagsoup\1.2.1\tagsoup-1.2.1.jar;C:\Users\Ashish\.m2\repository\io\rest-assured\xml-path\4.4.0\xml-path-4.4.0.jar;C:\Users\Ashish\.m2\repository\org\apache\commons\commons-lang3\3.11\commons-lang3-3.11.jar;C:\Users\Ashish\.m2\repository\jakarta\xml\bind\jakarta.xml.bind-api\2.3.3\jakarta.xml.bind-api-2.3.3.jar;C:\Users\Ashish\.m2\repository\jakarta\activation\jakarta.activation-api\1.2.2\jakarta.activation-api-1.2.2.jar;C:\Users\Ashish\.m2\repository\com\sun\xml\bind\jaxb-impl\2.3.3\jaxb-impl-2.3.3.jar;C:\Users\Ashish\.m2\repository\io\rest-assured\json-schema-validator\4.4.0\json-schema-validator-4.4.0.jar;C:\Users\Ashish\.m2\repository\com\github\java-json-tools\json-schema-validator\2.2.14\json-schema-validator-2.2.14.jar;C:\Users\Ashish\.m2\repository\com\github\java-json-tools\jackson-coreutils-equivalence\1.0\jackson-coreutils-equivalence-1.0.jar;C:\Users\Ashish\.m2\repository\com\fasterxml\jackson\core\jackson-databind\2.11.0\jackson-databind-2.11.0.jar;C:\Users\Ashish\.m2\repository\com\fasterxml\jackson\core\jackson-annotations\2.11.0\jackson-annotations-2.11.0.jar;C:\Users\Ashish\.m2\repository\com\fasterxml\jackson\core\jackson-core\2.11.0\jackson-core-2.11.0.jar;C:\Users\Ashish\.m2\repository\com\github\java-json-tools\jackson-coreutils\2.0\jackson-coreutils-2.0.jar;C:\Users\Ashish\.m2\repository\com\github\java-json-tools\msg-simple\1.2\msg-simple-1.2.jar;C:\Users\Ashish\.m2\repository\com\github\java-json-tools\btf\1.3\btf-1.3.jar;C:\Users\Ashish\.m2\repository\com\github\java-json-tools\json-schema-core\1.2.14\json-schema-core-1.2.14.jar;C:\Users\Ashish\.m2\repository\com\github\java-json-tools\uri-template\0.10\uri-template-0.10.jar;C:\Users\Ashish\.m2\repository\org\mozilla\rhino\1.7.7.2\rhino-1.7.7.2.jar;C:\Users\Ashish\.m2\repository\com\sun\mail\mailapi\1.6.2\mailapi-1.6.2.jar;C:\Users\Ashish\.m2\repository\joda-time\joda-time\2.10.5\joda-time-2.10.5.jar;C:\Users\Ashish\.m2\repository\com\googlecode\libphonenumber\libphonenumber\8.11.1\libphonenumber-8.11.1.jar;C:\Users\Ashish\.m2\repository\com\google\code\findbugs\jsr305\3.0.2\jsr305-3.0.2.jar;C:\Users\Ashish\.m2\repository\net\sf\jopt-simple\jopt-simple\5.0.4\jopt-simple-5.0.4.jar;C:\Users\Ashish\.m2\repository\io\rest-assured\json-path\4.4.0\json-path-4.4.0.jar;C:\Users\Ashish\.m2\repository\org\codehaus\groovy\groovy-json\3.0.8\groovy-json-3.0.8.jar;C:\Users\Ashish\.m2\repository\io\rest-assured\rest-assured-common\4.4.0\rest-assured-common-4.4.0.jar;C:\Users\Ashish\.m2\repository\org\json\json\20210307\json-20210307.jar;"/>
    <property name="sun.cpu.endian" value="little"/>
    <property name="user.home" value="C:\Users\Ashish"/>
    <property name="user.language" value="en"/>
    <property name="java.specification.vendor" value="Oracle Corporation"/>
    <property name="java.home" value="C:\Program Files\Java\jdk1.8.0_261\jre"/>
    <property name="basedir" value="C:\Users\Ashish\git\APIrepo\API_Automation"/>
    <property name="file.separator" value="\"/>
    <property name="line.separator" value="&#10;"/>
    <property name="java.vm.specification.vendor" value="Oracle Corporation"/>
    <property name="java.specification.name" value="Java Platform API Specification"/>
    <property name="java.awt.graphicsenv" value="sun.awt.Win32GraphicsEnvironment"/>
    <property name="surefire.real.class.path" value="C:\Users\Ashish\AppData\Local\Temp\surefire6261463119092145562\surefirebooter-20221005124844633_3.jar"/>
    <property name="sun.boot.class.path" value="C:\Program Files\Java\jdk1.8.0_261\jre\lib\resources.jar;C:\Program Files\Java\jdk1.8.0_261\jre\lib\rt.jar;C:\Program Files\Java\jdk1.8.0_261\jre\lib\sunrsasign.jar;C:\Program Files\Java\jdk1.8.0_261\jre\lib\jsse.jar;C:\Program Files\Java\jdk1.8.0_261\jre\lib\jce.jar;C:\Program Files\Java\jdk1.8.0_261\jre\lib\charsets.jar;C:\Program Files\Java\jdk1.8.0_261\jre\lib\jfr.jar;C:\Program Files\Java\jdk1.8.0_261\jre\classes"/>
    <property name="user.script" value=""/>
    <property name="sun.management.compiler" value="HotSpot 64-Bit Tiered Compilers"/>
    <property name="java.runtime.version" value="1.8.0_261-b12"/>
    <property name="user.name" value="Ashish"/>
    <property name="path.separator" value=";"/>
    <property name="os.version" value="10.0"/>
    <property name="java.endorsed.dirs" value="C:\Program Files\Java\jdk1.8.0_261\jre\lib\endorsed"/>
    <property name="java.runtime.name" value="Java(TM) SE Runtime Environment"/>
    <property name="file.encoding" value="Cp1252"/>
    <property name="java.vm.name" value="Java HotSpot(TM) 64-Bit Server VM"/>
    <property name="localRepository" value="C:\Users\Ashish\.m2\repository"/>
    <property name="java.vendor.url.bug" value="http://bugreport.sun.com/bugreport/"/>
    <property name="java.io.tmpdir" value="C:\Users\Ashish\AppData\Local\Temp\"/>
    <property name="java.version" value="1.8.0_261"/>
    <property name="user.dir" value="C:\Users\Ashish\git\APIrepo\API_Automation"/>
    <property name="os.arch" value="amd64"/>
    <property name="java.vm.specification.name" value="Java Virtual Machine Specification"/>
    <property name="java.awt.printerjob" value="sun.awt.windows.WPrinterJob"/>
    <property name="sun.os.patch.level" value=""/>
    <property name="java.library.path" value="C:\Program Files\Java\jdk1.8.0_261\jre\bin;C:\WINDOWS\Sun\Java\bin;C:\WINDOWS\system32;C:\WINDOWS;C:/Program Files/Java/jre1.8.0_261/bin/server;C:/Program Files/Java/jre1.8.0_261/bin;C:/Program Files/Java/jre1.8.0_261/lib/amd64;C:\Program Files (x86)\Common Files\Oracle\Java\javapath;C:\Program Files (x86)\Intel\iCLS Client\;C:\Program Files\Intel\iCLS Client\;C:\WINDOWS\system32;C:\WINDOWS;C:\WINDOWS\System32\Wbem;C:\WINDOWS\System32\WindowsPowerShell\v1.0\;C:\Program Files (x86)\Intel\Intel(R) Management Engine Components\DAL;C:\Program Files\Intel\Intel(R) Management Engine Components\DAL;C:\Program Files (x86)\Intel\Intel(R) Management Engine Components\IPT;C:\Program Files\Intel\Intel(R) Management Engine Components\IPT;C:\Program Files\Selenium\geckodriver;C:\WINDOWS\System32\OpenSSH\;C:\Program Files\Java\jdk1.8.0_261\bin;C:\Users\Ashish\Downloads\apache-maven-3.6.3-bin\apache-maven-3.6.3\bin;C:\Users\Ashish\AppData\Local\Android\Sdk\tools;C:\Users\Ashish\AppData\Local\Android\Sdk\tools\bin;C:\Users\Ashish\AppData\Local\Android\Sdk\platform-tools;C:\log4j-1.2.17\apache-log4j-1.2.17;C:\Users\Ashish\Downloads\chromedriver_win32\chromedriver.exe;C:\Program Files\Git\cmd;C:\Program Files\nodejs\;C:\Program Files\nodejs;C:\Program Files\nodejs\node_modules;C:\Users\Ashish\AppData\Local\Microsoft\WindowsApps;C:\Users\Ashish\AppData\Roaming\npm;C:\Users\Ashish\Downloads\eclipse-java-2020-06-R-win32-x86_64\eclipse;;."/>
    <property name="java.vm.info" value="mixed mode"/>
    <property name="java.vendor" value="Oracle Corporation"/>
    <property name="java.vm.version" value="25.261-b12"/>
    <property name="java.ext.dirs" value="C:\Program Files\Java\jdk1.8.0_261\jre\lib\ext;C:\WINDOWS\Sun\Java\lib\ext"/>
    <property name="sun.io.unicode.encoding" value="UnicodeLittle"/>
    <property name="java.class.version" value="52.0"/>
  </properties>
  <testcase name="Testcase1" classname="org.testing.testcase.TC1_PostRequest" time="5.946">
    <system-out><![CDATA[SfXBYYZ
jRdiDdX
The status code is:201
{
  "Designation": "TL",
  "firstname": "SfXBYYZ",
  "id": "1098248877",
  "lastname": "jRdiDdX"
}
*************************Test Case #1************************************
1098248877
]]></system-out>
  </testcase>
  <testcase name="Testcase2" classname="org.testing.testcase.TC2_GetAllRequest" time="0.384">
    <system-out><![CDATA[The status code is:200
Payload is:[
  {
    "Designation": "Lead",
    "firstname": "Deepti",
    "Id": "abc123",
    "lastname": "Verma",
    "id": "OFBIrXN"
  },
  {
    "Designation": "Lead",
    "firstname": "Deepti",
    "Id": "abc123",
    "lastname": "Verma",
    "id": "DsawAHA"
  },
  {
    "Designation": "Lead",
    "firstname": "Deepti",
    "Id": "abc123",
    "lastname": "Verma",
    "id": "VJDH7jv"
  },
  {
    "Designation": "Lead",
    "firstname": "Deepti",
    "Id": "abc123",
    "lastname": "Verma",
    "id": "Bbhg62Q"
  },
  {
    "Designation": "Lead",
    "firstname": "Deepti",
    "Id": "abc123",
    "lastname": "Verma",
    "id": "oi_0VPK"
  },
  {
    "Designation": "Lead",
    "firstname": "Deepti",
    "Id": "abc123",
    "lastname": "Verma",
    "id": "7VF_9k8"
  },
  {
    "Designation": "Lead",
    "firstname": "Deepti",
    "Id": "abc123",
    "lastname": "Verma",
    "id": "0ECKaW2"
  },
  {
    "Designation": "TL",
    "firstname": "Deepti",
    "Id": "abc123",
    "lastname": "Verma",
    "id": "eL-RQ3c"
  },
  {
    "Designation": "TL",
    "firstname": "Deepti",
    "Id": "abc123",
    "lastname": "Verma",
    "id": "9tOmQ-E"
  },
  {
    "Designation": "TL",
    "firstname": "Deepti",
    "Id": "abc124",
    "lastname": "Verma",
    "id": "k4e0vOx"
  },
  {
    "Designation": "TL",
    "firstname": "Deepti",
    "Id": "abc125",
    "lastname": "Verma",
    "id": "YGHRhsR"
  },
  {
    "Designation": "TL",
    "firstname": "Deepti",
    "Id": "abc125",
    "lastname": "Verma",
    "id": "TBCRjSk"
  },
  {
    "Designation": "TL",
    "firstname": "Deepti",
    "Id": "abc125",
    "lastname": "Verma",
    "id": "S5wiVhH"
  },
  {
    "Designation": "TL",
    "firstname": "Deepti",
    "Id": "abc126",
    "lastname": "Verma",
    "id": "NGuxOis"
  },
  {
    "Designation": "TL",
    "firstname": "Deepti",
    "Id": "abc126",
    "lastname": "Verma",
    "id": "vJaY_2t"
  },
  {
    "Designation": "TL",
    "firstname": "Deepti",
    "Id": "abc126",
    "lastname": "Verma",
    "id": "NkY4q2U"
  },
  {
    "Designation": "TL",
    "firstname": "Deepti",
    "Id": "abc126",
    "lastname": "Verma",
    "id": "TQo6UhD"
  },
  {
    "Designation": "TL",
    "firstname": "Deepti",
    "Id": "abc126",
    "lastname": "Verma",
    "id": "YKMYN16"
  },
  {
    "Designation": "TL",
    "firstname": "Deepti",
    "Id": "abc126",
    "lastname": "Verma",
    "id": "-cl25Bq"
  },
  {
    "Designation": "TL",
    "firstname": "Deepti",
    "Id": "abc127",
    "lastname": "Verma",
    "id": "1YKO7eA"
  },
  {
    "Designation": "TL",
    "firstname": "Deepti",
    "Id": "abc127",
    "lastname": "Verma",
    "id": "aahaW6K"
  },
  {
    "Designation": "TL",
    "firstname": "Deepti",
    "Id": "abc127",
    "lastname": "Verma",
    "id": "uQEgi8o"
  },
  {
    "Designation": "TL",
    "firstname": "Deepti",
    "id": "abc127",
    "lastname": "Verma"
  },
  {
    "Designation": "TL",
    "firstname": "Deepti",
    "id": "{{id}}",
    "lastname": "Verma"
  },
  {
    "Designation": "TL",
    "firstname": "Deepti",
    "id": "vdtrd487",
    "lastname": "Verma"
  },
  {
    "Designation": "TL",
    "firstname": "Deepti",
    "id": "93514198",
    "lastname": "Verma"
  },
  {
    "Designation": "TL",
    "firstname": "Deepti",
    "id": "-1162203684",
    "lastname": "Verma"
  },
  {
    "Designation": "TL",
    "firstname": "Deepti",
    "id": "1999435911",
    "lastname": "Verma"
  },
  {
    "Designation": "TL",
    "firstname": "{{firstname}}",
    "id": "1880903374",
    "lastname": "{{lastname}}"
  },
  {
    "Designation": "TL",
    "firstname": "MiQaEXJ",
    "id": "-184654307",
    "lastname": "Verma"
  },
  {
    "Designation": "TL",
    "firstname": "DPXJGDd",
    "id": "-1233098430",
    "lastname": "TDfedVD"
  },
  {
    "Designation": "Manager",
    "firstname": "{{firstname}}",
    "id": "-2033898525",
    "lastname": "{{lastname}}"
  },
  {
    "Designation": "Manager",
    "firstname": "{{firstname}}",
    "id": "-1041062283",
    "lastname": "{{lastname}}"
  },
  {
    "Designation": "Manager",
    "firstname": "jbWMXjb",
    "id": "2101108715",
    "lastname": "IahkfHD"
  },
  {
    "Designation": "Manager",
    "firstname": "dRkWici",
    "id": "-1435206696",
    "lastname": "gYPebeY"
  },
  {
    "Designation": "TL",
    "firstname": "SfXBYYZ",
    "id": "1098248877",
    "lastname": "jRdiDdX"
  }
]
The Value of id is:OFBIrXN
The Value of id is:DsawAHA
The Value of id is:VJDH7jv
The Value of id is:Bbhg62Q
The Value of id is:oi_0VPK
The Value of id is:7VF_9k8
The Value of id is:0ECKaW2
The Value of id is:eL-RQ3c
The Value of id is:9tOmQ-E
The Value of id is:k4e0vOx
The Value of id is:YGHRhsR
The Value of id is:TBCRjSk
The Value of id is:S5wiVhH
The Value of id is:NGuxOis
The Value of id is:vJaY_2t
The Value of id is:NkY4q2U
The Value of id is:TQo6UhD
The Value of id is:YKMYN16
The Value of id is:-cl25Bq
The Value of id is:1YKO7eA
The Value of id is:aahaW6K
The Value of id is:uQEgi8o
The Value of id is:abc127
The Value of id is:{{id}}
The Value of id is:vdtrd487
The Value of id is:93514198
The Value of id is:-1162203684
The Value of id is:1999435911
The Value of id is:1880903374
The Value of id is:-184654307
The Value of id is:-1233098430
The Value of id is:-2033898525
The Value of id is:-1041062283
The Value of id is:2101108715
The Value of id is:-1435206696
The Value of id is:1098248877
**************************TestCase2*****************************
]]></system-out>
  </testcase>
  <testcase name="Testcase3" classname="org.testing.testcase.TC3_GetRequest" time="0.115">
    <system-out><![CDATA[1098248877
****************************TestCase3*****************************
Status code is:200
{
  "Designation": "TL",
  "firstname": "SfXBYYZ",
  "id": "1098248877",
  "lastname": "jRdiDdX"
}
]]></system-out>
  </testcase>
  <testcase name="Testcase4" classname="org.testing.testcase.TC4_PutRequest" time="0.072">
    <system-out><![CDATA[gHQIUcb
SbaZEWT
***********************TestCase 4**************************************
{
  "Designation": "Manager",
  "firstname": "gHQIUcb",
  "id": "1098248877",
  "lastname": "SbaZEWT"
}
Status Code is200
]]></system-out>
  </testcase>
  <testcase name="Testcase5" classname="org.testing.testcase.TC5_DeleteRequest" time="0.286">
    <system-out><![CDATA[1098248877
****************************TestCase 5*****************************
Status code is:404
{}
]]></system-out>
    <system-err><![CDATA[Oct 05, 2022 12:48:53 PM org.apache.http.impl.client.DefaultHttpClient tryExecute
INFO: I/O exception (org.apache.http.NoHttpResponseException) caught when processing request to {}->http://localhost:3000: The target server failed to respond
Oct 05, 2022 12:48:53 PM org.apache.http.impl.client.DefaultHttpClient tryExecute
INFO: Retrying request to {}->http://localhost:3000
]]></system-err>
  </testcase>
  <testcase name="Testcase6" classname="org.testing.testcase.TC6_PostRequest" time="4.984">
    <system-out><![CDATA[The return value is:-1813686293
The status code is:200
{"_id":"633dc388f0922ba8cf62f2a8","id":-1813686293,"name":"Sri Lankan Airways","country":"Sri Lanka","logo":"https://upload.wikimedia.org/wikipedia/en/thumb/9/9b/Qatar_Airways_Logo.svg/sri_lanka.png","slogan":"From Sri Lanka","head_quaters":"Katunayake, Sri Lanka","website":"www.srilankaairways.com","established":"1990","__v":0}
****************************TestCase6*****************************
Status code is:200
{"_id":"633dc388f0922ba8cf62f2a8","id":-1813686293,"name":"Sri Lankan Airways","country":"Sri Lanka","logo":"https://upload.wikimedia.org/wikipedia/en/thumb/9/9b/Qatar_Airways_Logo.svg/sri_lanka.png","slogan":"From Sri Lanka","head_quaters":"Katunayake, Sri Lanka","website":"www.srilankaairways.com","established":"1990","__v":0}
]]></system-out>
  </testcase>
  <testcase name="Testcase7" classname="org.testing.testcase.TC7_GetAllRequest" time="2.068">
    <system-out><![CDATA[The status code is:200
Payload is:[{"id":1,"name":"Quatar Airways","country":"Quatar","logo":"https://upload.wikimedia.org/wikipedia/en/thumb/9/9b/Qatar_Airways_Logo.svg/300px-Qatar_Airways_Logo.svg.png","slogan":"Going Places Together","head_quaters":"Qatar Airways Towers, Doha, Qatar","website":"www.qatarairways.com","established":"1994"},{"id":2,"name":"Singapore Airlines","country":"Singapore","logo":"https://upload.wikimedia.org/wikipedia/en/thumb/6/6b/Singapore_Airlines_Logo_2.svg/250px-Singapore_Airlines_Logo_2.svg.png","slogan":"A Great Way to Fly","head_quaters":"Airline House, 25 Airline Road, Singapore 819829","website":"www.singaporeair.com","established":"1947"},{"id":5,"name":"Eva Air","country":"Taiwan","logo":"https://upload.wikimedia.org/wikipedia/en/thumb/e/ed/EVA_Air_logo.svg/250px-EVA_Air_logo.svg.png","slogan":"Sharing the World, Flying Together","head_quaters":"376, Hsin-Nan Rd., Sec. 1, Luzhu, Taoyuan City, Taiwan","website":"www.evaair.com","established":"1989"},{"id":6,"name":"Qantas","country":"Austrailia","logo":"https://upload.wikimedia.org/wikipedia/en/thumb/0/02/Qantas_Airways_logo_2016.svg/300px-Qantas_Airways_logo_2016.svg.png","slogan":"Spirit of Australia","head_quaters":"Mascot, Sydney, Australia","website":"qantas.com","established":"1920"},{"id":8,"name":"Thai Airways","country":"Thailand","logo":"https://upload.wikimedia.org/wikipedia/en/thumb/5/58/Thai_Airways_Logo.svg/200px-Thai_Airways_Logo.svg.png","slogan":"Smooth as Silk / I Fly THAI","head_quaters":"Jom Phol Subdistrict, Chatuchak, Bangkok, Thailand","website":"www.thaiairways.com","established":"1960"},{"id":9,"name":"Japan Airlines","country":"Japan","logo":"https://upload.wikimedia.org/wikipedia/en/thumb/d/dd/Japan_Airlines_Logo_%282011%29.svg/300px-Japan_Airlines_Logo_%282011%29.svg.png","slogan":"Fly into tomorrow","head_quaters":"Shinagawa, Tokyo, Japan","website":"www.jal.com","established":"1951"},{"id":3,"name":"Cathay Pacific","country":"Hong Kong","logo":"https://upload.wikimedia.org/wikipedia/en/thumb/1/17/Cathay_Pacific_logo.svg/300px-Cathay_Pacific_logo.svg.png","slogan":"Move Beyond","head_quaters":"Cathay City, Hong Kong International Airport, Chek Lap Kok, Hong Kong","website":"www.cathaypacific.com","established":"1946"},{"id":4,"name":"Emirates","country":"Dubai","logo":"https://upload.wikimedia.org/wikipedia/commons/thumb/d/d0/Emirates_logo.svg/150px-Emirates_logo.svg.png","slogan":"From Dubai to destinations around the world.","head_quaters":"Garhoud, Dubai, United Arab Emirates","website":"www.emirates.com/","established":"1985"},{"id":12,"name":"Sri Lankan Airways","country":"Sri Lanka","logo":"https://upload.wikimedia.org/wikipedia/en/thumb/9/9b/Qatar_Airways_Logo.svg/sri_lanka.png","slogan":"From Sri Lanka","head_quaters":"Katunayake, Sri Lanka","website":"www.srilankaairways.com","established":"1990"},{"id":7,"name":"Deutsche Lufthansa AG","country":"Germany","logo":"https://upload.wikimedia.org/wikipedia/commons/thumb/b/b8/Lufthansa_Logo_2018.svg/300px-Lufthansa_Logo_2018.svg.png","slogan":"Say yes to the world","head_quaters":"Cologne, Germany","website":"lufthansa.com","established":"1953"},{"id":10,"name":"Swiss International Air Lines","country":"Switzerland","logo":"https://upload.wikimedia.org/wikipedia/commons/thumb/f/f8/Swiss_International_Air_Lines_Logo_2011.svg/200px-Swiss_International_Air_Lines_Logo_2011.svg.png","slogan":"Made of Switzerland. The Airline of Switzerland","head_quaters":"EuroAirport Basel Mulhouse Freiburg near Basel, Switzerland","website":"www.swiss.com","established":"2002"},{"id":929292,"name":"tareqh Airways","country":"india","logo":"https://upload.wikimedia.org/wikipedia/en/thumb/9/9b/Qatar_Airways_Logo.svg/300px-Qatar_Airways_Logo.svg.png","slogan":"Going Places Together","head_quaters":"dubai emirates","website":"www.dubai-Emirates.com","established":"1998"},{"id":786,"name":"Tareqh Ahmed Shah","country":"India","logo":"https://upload.wikimedia.org/wikipedia/en/thumb/9/9b/Qatar_Airways_Logo.svg/300px-Qatar_Airways_Logo.svg.png","slogan":"Going Places Together","head_quaters":"Dubai Airways Towers, Doha, Qatar","website":"www.Dubai-Emirates.com","established":"1998"},{"id":92,"name":"Tareqh Ahmed Shah","country":"India","logo":"https://upload.wikimedia.org/wikipedia/en/thumb/9/9b/Qatar_Airways_Logo.svg/300px-Qatar_Airways_Logo.svg.png","slogan":"Going Places Together","head_quaters":"Dubai Airways Towers, Doha, Qatar","website":"www.Dubai-Emirates.com","established":"1998"},{"id":123,"name":"Tareqh Ahmed Shah","country":"India","logo":"https://upload.wikimedia.org/wikipedia/en/thumb/9/9b/Qatar_Airways_Logo.svg/300px-Qatar_Airways_Logo.svg.png","slogan":"Going Places Together","head_quaters":"Dubai Airways Towers, Doha, Qatar","website":"www.Dubai-Emirates.com","established":"1998"},{"id":999,"name":"Tareqh Ahmed Shah","country":"India","logo":"https://upload.wikimedia.org/wikipedia/en/thumb/9/9b/Qatar_Airways_Logo.svg/300px-Qatar_Airways_Logo.svg.png","slogan":"Going Places Together","head_quaters":"Dubai Airways Towers, Doha, Qatar","website":"www.Dubai-Emirates.com","established":"1998"},{"id":78692,"name":"Tareqh Ahmed Shah","country":"India","logo":"https://upload.wikimedia.org/wikipedia/en/thumb/9/9b/Qatar_Airways_Logo.svg/300px-Qatar_Airways_Logo.svg.png","slogan":"Going Places Together","head_quaters":"Dubai Airways Towers, Doha, Qatar","website":"www.Dubai-Emirates.com","established":"1998"},{"id":12345677241241,"name":"Codepanda airline","country":"India","logo":"https://upload.wikimedia.org/wikipedia/en/thumb/9/9b/Qatar_Airways_Logo.svg/sri_lanka.png","slogan":"From India","head_quaters":"Noida, India","website":"codepanda.in","established":"1990"},{"id":135,"name":"TATA Airways","country":"India","logo":"https://upload.wikimedia.org/wikipedia/en/thumb/9/9b/Qatar_Airways_Logo.svg/sri_lanka.png","slogan":"TATA","head_quaters":"Mumbai, India","website":"www.TATAAirways.com","established":"2021"},{"name":"Mayank"},{"name":"Mayank"},{"name":"Mayank"},{"name":"Mayank"},{"name":"Mayank"},{"name":"Mayank"},{"name":"Mayank"},{"name":"Mayank"},{"name":"Mayank"},{"name":"Mayank"},{"name":"Mayank"},{"id":1223,"name":"Sri Lankan Airways","country":"Sri Lanka","logo":"https://upload.wikimedia.org/wikipedia/en/thumb/9/9b/Qatar_Airways_Logo.svg/sri_lanka.png","slogan":"From Sri Lanka","head_quaters":"Katunayake, Sri Lanka","website":"www.srilankaairways.com","established":"1990"},{"name":"MAO","logo":"","slogan":"We are from Ukraine","head_quaters":"","website":"","established":""},{"name":"MAO","logo":"","slogan":"We are from Ukraine","head_quaters":"","website":"","established":""},{"name":"MAO","logo":"","slogan":"We are from Ukraine","head_quaters":"","website":"","established":""},{"name":"MAO","logo":"","slogan":"We are from Ukraine","head_quaters":"","website":"","established":""},{"name":"MAO","logo":"","slogan":"We are from Ukraine","head_quaters":"","website":"","established":""},{"name":"MAO","logo":"","slogan":"We are from Ukraine","head_quaters":"","website":"","established":""},{"id":1211,"name":"Sri Lankan Airways","country":"Sri Lanka","logo":"https://upload.wikimedia.org/wikipedia/en/thumb/9/9b/Qatar_Airways_Logo.svg/sri_lanka.png","slogan":"From Sri Lanka","head_quaters":"Katunayake, Sri Lanka","website":"www.srilankaairways.com","established":"1990"},{"name":"Air India","country":"India","logo":"https://upload.wikimedia.org/wikipedia/en/thumb/9/9b/Qatar_Airways_Logo.svg/sri_lanka.png","slogan":"From India","head_quaters":"CP, India","website":"www.airindia.com","established":"1990"},{"id":3079,"name":"Air India","country":"India","logo":"https://upload.wikimedia.org/wikipedia/en/thumb/9/9b/Qatar_Airways_Logo.svg/sri_lanka.png","slogan":"From India","head_quaters":"CP, India","website":"www.airindia.com","established":"1990"},{"id":1234,"name":"Sri Lankan Airways","country":"Sri Lanka","logo":"https://upload.wikimedia.org/wikipedia/en/thumb/9/9b/Qatar_Airways_Logo.svg/sri_lanka.png","slogan":"From Sri Lanka","head_quaters":"Katunayake, Sri Lanka","website":"www.srilankaairways.com","established":"1990"},{"id":88,"name":"Sri Lankan Airways","country":"Sri Lanka","logo":"https://upload.wikimedia.org/wikipedia/en/thumb/9/9b/Qatar_Airways_Logo.svg/sri_lanka.png","slogan":"From Sri Lanka","head_quaters":"Katunayake, Sri Lanka","website":"www.srilankaairways.com","established":"1990"},{"name":"MAO","logo":"","slogan":"We are from Ukraine","head_quaters":"","website":"","established":""},{"id":1998,"name":"shah ahmed","country":"INDIA","logo":"https://upload.wikimedia.org/wikipedia/en/thumb/9/9b/Qatar_Airways_Logo.svg/300px-Qatar_Airways_Logo.svg.png","slogan":"Going Places Together","head_quaters":"INDIA Airways Towers, Doha, Qatar","website":"www.INDIA.com","established":"1998"},{"id":92786,"name":"tareqh shah","country":"DUBAI","logo":"https://upload.wikimedia.org/wikipedia/en/thumb/9/9b/Qatar_Airways_Logo.svg/300px-Qatar_Airways_Logo.svg.png","slogan":"Going Places Together","head_quaters":"DUBAI Airways Towers, Doha, Qatar","website":"www.DUBAI.com","established":"1996"},{"id":45,"name":"FinnAir Airways","country":"Finland","logo":"https://upload.wikimedia.org/wikipedia/en/thumb/9/9b/Qatar_Airways_Logo.svg/sri_lanka.png","slogan":"From Finland","head_quaters":"Helsinki, Denmark","website":"www.finnair.com","established":"1994"},{"id":56,"name":"FinnAir Airways","country":"Finland","logo":"https://upload.wikimedia.org/wikipedia/en/thumb/9/9b/Qatar_Airways_Logo.svg/sri_lanka.png","slogan":"From Finland","head_quaters":"Helsinki, Denmark","website":"www.finnair.com","established":"1994"},{"id":991102,"name":"Test Airways","country":"Test12322","logo":"https://upload.wikimedia.org/wikipedia/en/thumb/9/9b/Qatar_Airways_Logo.svg/sri_lanka.png","slogan":"From Russia","head_quaters":"Read, Russia","website":"www.testaerfoflow.com","established":"1997"},{"name":"australia","country":"melbourne","logo":"https://upload.wikimedia.org/wikipedia/commons/thumb/d/d0/Emirates_logo.svg/150px-Emirates_logo.svg.png","slogan":"From Dubai to destinations around the world.","head_quaters":"Garhoud, Dubai, United Arab Emirates","website":"www.emirates.com/","established":"1985"},{"name":"Emirates","country":"Dubai","logo":"https://upload.wikimedia.org/wikipedia/commons/thumb/d/d0/Emirates_logo.svg/150px-Emirates_logo.svg.png","slogan":"From Dubai to destinations around the world.","head_quaters":"Garhoud, Dubai, United Arab Emirates","website":"www.emirates.com/","established":"1985"},{"name":"England","country":"dubline","logo":"https://upload.wikimedia.org/wikipedia/commons/thumb/d/d0/Emirates_logo.svg/150px-Emirates_logo.svg.png","slogan":"From Dubai to destinations around the world.","head_quaters":"Garhoud, Dubai, United Arab Emirates","website":"www.emirates.com/","established":"1985"},{"name":"England","country":"dubline","logo":"https://upload.wikimedia.org/wikipedia/commons/thumb/d/d0/Emirates_logo.svg/150px-Emirates_logo.svg.png","slogan":"From Dubai to destinations around the world.","head_quaters":"Garhoud, Dubai, United Arab Emirates","website":"www.emirates.com/","established":"1985"},{"id":31321,"name":"Sri Lankan Airways","country":"Sri Lanka","logo":"https://upload.wikimedia.org/wikipedia/en/thumb/9/9b/Qatar_Airways_Logo.svg/sri_lanka.png","slogan":"From Sri Lanka","head_quaters":"Katunayake, Sri Lanka","website":"www.srilankaairways.com","established":"1990"},{"name":"Sri Lankan Airways","country":"Sri Lanka","logo":"https://upload.wikimedia.org/wikipedia/en/thumb/9/9b/Qatar_Airways_Logo.svg/sri_lanka.png","slogan":"From Sri Lanka","head_quaters":"Katunayake, Sri Lanka","website":"www.srilankaairways.com","established":"1990"},{"id":31,"name":"Sri Lankan Airways","country":"Sri Lanka","logo":"https://upload.wikimedia.org/wikipedia/en/thumb/9/9b/Qatar_Airways_Logo.svg/sri_lanka.png","slogan":"From Sri Lanka","head_quaters":"Katunayake, Sri Lanka","website":"www.srilankaairways.com","established":"1990"},{"name":"Sri Lankan Airways","country":"Sri Lanka","logo":"https://upload.wikimedia.org/wikipedia/en/thumb/9/9b/Qatar_Airways_Logo.svg/sri_lanka.png","slogan":"From Sri Lanka","head_quaters":"Katunayake, Sri Lanka","website":"www.srilankaairways.com","established":"1990"},{"name":"Sri Lankan Airways","country":"Sri Lanka","logo":"https://upload.wikimedia.org/wikipedia/en/thumb/9/9b/Qatar_Airways_Logo.svg/sri_lanka.png","slogan":"From Sri Lanka","head_quaters":"Katunayake, Sri Lanka","website":"www.srilankaairways.com","established":"1990"},{"id":99245,"name":"Dutch Airways","country":"Germany","logo":"https://upload.wikimedia.org/wikipedia/en/thumb/9/9b/Qatar_Airways_Logo.svg/sri_lanka.png","slogan":"From Germany","head_quaters":"Berlin, Germany","website":"www.dutchairways.com","established":"1998"},{"name":"Sri Lankan Airways","country":"Sri Lanka","logo":"https://upload.wikimedia.org/wikipedia/en/thumb/9/9b/Qatar_Airways_Logo.svg/sri_lanka.png","slogan":"From Sri Lanka","head_quaters":"Katunayake, Sri Lanka","website":"www.srilankaairways.com","established":"1990"},{"name":"Sri Lankan Airways","country":"Sri Lanka","logo":"https://upload.wikimedia.org/wikipedia/en/thumb/9/9b/Qatar_Airways_Logo.svg/sri_lanka.png","slogan":"From Sri Lanka","head_quaters":"Katunayake, Sri Lanka","website":"www.srilankaairways.com","established":"1990"},{"name":"Sri Lankan Airways","country":"Sri Lanka","logo":"https://upload.wikimedia.org/wikipedia/en/thumb/9/9b/Qatar_Airways_Logo.svg/sri_lanka.png","slogan":"From Sri Lanka","head_quaters":"Katunayake, Sri Lanka","website":"www.srilankaairways.com","established":"1990"},{"name":"pai"},{"name":"pai"},{"name":"Sri Lankan Airways","country":"Sri Lanka","logo":"https://upload.wikimedia.org/wikipedia/en/thumb/9/9b/Qatar_Airways_Logo.svg/sri_lanka.png","slogan":"From Sri Lanka","head_quaters":"Katunayake, Sri Lanka","website":"www.srilankaairways.com","established":"1990"},{"name":"Sri Lankan Airways","country":"Sri Lanka","logo":"https://upload.wikimedia.org/wikipedia/en/thumb/9/9b/Qatar_Airways_Logo.svg/sri_lanka.png","slogan":"From Sri Lanka","head_quaters":"Katunayake, Sri Lanka","website":"www.srilankaairways.com","established":"1990"},{"name":"pai"},{"name":"pai"},{"name":"FLYUIA","country":"Ukrain"},{"name":"FLYUIA","country":"Ukrain","logo":"https://www.flyuia.com/assets/img/header/logo-full-white-small.svg","head_quaters":"Ukrline","established":"1993"},{"name":"FLYUIA","country":"Ukrain","head_quaters":"Ukrline","established":"1993"},{"id":331,"name":"Sri Lankan Airways","country":"Sri Lanka","logo":"https://upload.wikimedia.org/wikipedia/en/thumb/9/9b/Qatar_Airways_Logo.svg/sri_lanka.png","slogan":"From Sri Lanka","head_quaters":"Katunayake, Sri Lanka","website":"www.srilankaairways.com","established":"1990"},{"id":0,"name":"FLYUIA","country":"Ukrain","logo":"https://www.flyuia.com/assets/img/header/logo-full-white-small.svg","slogan":"Хреновей нас нету","head_quaters":"Ukrline","website":"https://www.flyuia.com/hu/ru/home","established":"1993"},{"id":321,"name":"TEST","country":"TEST","logo":"TEST","slogan":"TEST","head_quaters":"TEST","website":"TEST","established":"TEST"},{"id":1154,"name":"Quatar Airways","country":"Quatar","logo":"https://upload.wikimedia.org/wikipedia/en/thumb/9/9b/Qatar_Airways_Logo.svg/300px-Qatar_Airways_Logo.svg.png","slogan":"Going Places Together","head_quaters":"Qatar Airways Towers, Doha, Qatar","website":"www.qatarairways.com","established":"1994"},{"id":5252,"name":"Quatar Airways","country":"Quatar","logo":"https://upload.wikimedia.org/wikipedia/en/thumb/9/9b/Qatar_Airways_Logo.svg/300px-Qatar_Airways_Logo.svg.png","slogan":"Going Places Together","head_quaters":"Qatar Airways Towers, Doha, Qatar","website":"www.qatarairways.com","established":"1994"},{"id":13,"name":"Raj Airways","country":"Sri Lanka","logo":"https://upload.wikimedia.org/wikipedia/en/thumb/9/9b/Qatar_Airways_Logo.svg/sri_lanka.png","slogan":"From Sri Lanka","head_quaters":"Katunayake, Sri Lanka","website":"www.srilankaairways.com","established":"1990"},{"id":14,"name":"Sri Lankan Airways","country":"Sri Lanka","logo":"https://upload.wikimedia.org/wikipedia/en/thumb/9/9b/Qatar_Airways_Logo.svg/sri_lanka.png","slogan":"From Sri Lanka","head_quaters":"Katunayake, Sri Lanka","website":"www.srilankaairways.com","established":"1990"},{"id":55442,"name":"Jatin Test Airways","country":"Italy","logo":"https://upload.wikimedia.org/wikipedia/en/thumb/9/9b/Qatar_Airways_Logo.svg/sri_lanka.png","slogan":"From Italy","head_quaters":"Italy, Italy","website":"www.jatintestairways.com","established":"2011"},{"id":9982,"name":"Jatin Test Airways","country":"Italy","logo":"https://upload.wikimedia.org/wikipedia/en/thumb/9/9b/Qatar_Airways_Logo.svg/sri_lanka.png","slogan":"From Italy","head_quaters":"Italy, Italy","website":"www.jatintestairways.com","established":"2011"},{"id":120032,"name":"Nupur Test Airways","country":"Rome","logo":"https://upload.wikimedia.org/wikipedia/en/thumb/9/9b/Qatar_Airways_Logo.svg/sri_lanka.png","slogan":"From Rome","head_quaters":"Rome, Europe","website":"www.romeairways.com","established":"2001"},{"id":100,"name":"india Airways","country":"Quatar","logo":"https://upload.wikimedia.org/wikipedia/en/thumb/9/9b/Qatar_Airways_Logo.svg/300px-Qatar_Airways_Logo.svg.png","slogan":"Going Places Together","head_quaters":"Qatar Airways Towers, Doha, Qatar","website":"www.qatarairways.com","established":"1994"},{"id":909,"name":"saudia Airways","country":"saudia arabia","logo":"https://upload.wikimedia.org/wikipedia/en/thumb/9/9b/Qatar_Airways_Logo.svg/300px-Qatar_Airways_Logo.svg.png","slogan":"Going Places Together","head_quaters":"saudia arabia Towers, Doha, Qatar","website":"www.saudiaarabia.com","established":"1996"},{"id":124205,"name":"Sssp Airways","country":"Sri Lanka","logo":"https://upload.wikimedia.org/wikipedia/en/thumb/9/9b/Qatar_Airways_Logo.svg/sri_lanka.png","slogan":"From Sri Lanka","head_quaters":"Katunayake, Sri Lanka","website":"www.srilankaairways.com","established":"1990"},{"name":"Nguyen Van A"},{"id":85,"name":"Nguyen Van A"},{"name":"Vietnam Airlines","country":"Vietnam","slogan":"Vietnam Airlines","head_quaters":"Vietnam","website":"https://www.vietnamairlines.com/","established":"2021"},{"id":81,"name":"Vietnam Airlines","country":"Vietnam","slogan":"Vietnam Airlines","head_quaters":"Vietnam","website":"https://www.vietnamairlines.com/","established":"2021"},{"name":"Nirmal Airways","country":"Quatar","logo":"https://upload.wikimedia.org/wikipedia/en/thumb/9/9b/Qatar_Airways_Logo.svg/300px-Qatar_Airways_Logo.svg.png","slogan":"Going Places Together","head_quaters":"Qatar Airways Towers, Doha, Qatar","website":"www.qatarairways.com","established":"1994"},{"id":2000023,"name":"Nirmal1 Airways","country":"Quatar","logo":"https://upload.wikimedia.org/wikipedia/en/thumb/9/9b/Qatar_Airways_Logo.svg/300px-Qatar_Airways_Logo.svg.png","slogan":"Going Places Together","head_quaters":"Qatar Airways Towers, Doha, Qatar","website":"www.qatarairways.com","established":"1994"},{"id":143,"name":"Sri Lankan Airways","country":"Sri Lanka","logo":"https://upload.wikimedia.org/wikipedia/en/thumb/9/9b/Qatar_Airways_Logo.svg/sri_lanka.png","slogan":"From Sri Lanka","head_quaters":"Katunayake, Sri Lanka","website":"www.srilankaairways.com","established":"1990"},{"name":"dsfds","country":"gfhgfhg"},{"name":"vineetha devi","country":"tpgd"},{"id":144,"name":"Sri Lankan Airways","country":"Sri Lanka","logo":"https://upload.wikimedia.org/wikipedia/en/thumb/9/9b/Qatar_Airways_Logo.svg/sri_lanka.png","slogan":"From Sri Lanka","head_quaters":"Katunayake, Sri Lanka","website":"www.srilankaairways.com","established":"1990"},{"id":18,"name":"Sri Lankan Airways","country":"Sri Lanka","logo":"https://upload.wikimedia.org/wikipedia/en/thumb/9/9b/Qatar_Airways_Logo.svg/sri_lanka.png","slogan":"From Sri Lanka","head_quaters":"Katunayake, Sri Lanka","website":"www.srilankaairways.com","established":"1990"},{"id":38,"name":"Sri Lankan Airways","country":"Sri Lanka","logo":"https://upload.wikimedia.org/wikipedia/en/thumb/9/9b/Qatar_Airways_Logo.svg/sri_lanka.png","slogan":"From Sri Lanka","head_quaters":"Katunayake, Sri Lanka","website":"www.srilankaairways.com","established":"1990"},{"id":10101010,"name":"tareqh ahmed shah","country":"Sri Lanka","logo":"https://upload.wikimedia.org/wikipedia/en/thumb/9/9b/Qatar_Airways_Logo.svg/sri_lanka.png","slogan":"From Sri Lanka","head_quaters":"Katunayake, Sri Lanka","website":"www.srilankaairways.com","established":"1990"},{"id":1000,"name":"Quatar Airways","country":"Quatar","logo":"https://upload.wikimedia.org/wikipedia/en/thumb/9/9b/Qatar_Airways_Logo.svg/300px-Qatar_Airways_Logo.svg.png","slogan":"Going Places Together","head_quaters":"Qatar Airways Towers, Doha, Qatar","website":"www.qatarairways.com","established":"1994"},{"id":10001,"name":"Quatar Airways","country":"Quatar","logo":"https://upload.wikimedia.org/wikipedia/en/thumb/9/9b/Qatar_Airways_Logo.svg/300px-Qatar_Airways_Logo.svg.png","slogan":"Going Places Together","head_quaters":"Qatar Airways Towers, Doha, Qatar","website":"www.qatarairways.com","established":"1994"},{"id":789912,"name":"Singapore Airlines2","country":"Sri Lanka","logo":"https://upload.wikimedia.org/wikipedia/en/thumb/9/9b/Qatar_Airways_Logo.svg/sri_lanka.png","slogan":"From Sri Lanka","head_quaters":"Katunayake, Sri Lanka","website":"www.srilankaairways.com","established":"1990"},{"name":"Herb Bartell","country":"Comoros","logo":"Bernini","slogan":"Chuck Norris can recite π. Backwards.","head_quaters":"Saudi Arabia","website":"crona.net","established":"2017"},{"id":993847,"name":"bio","country":"India","logo":"https://upload.wikimedia.org/wikipedia/en/thumb/6/6b/Singapore_Airlines_Logo_2.svg/250px-Singapore_Airlines_Logo_2.svg.png","slogan":"India","head_quaters":"India","website":"www.India.com","established":"2017"},{"name":"tef","country":"india"},{"name":"techefolks","country":"india"},{"id":null,"name":"durgavenkatdfs","country":"india"},{"id":94379840,"name":"aaaa","country":"tttt","slogan":"gfg gfg","head_quaters":"uuu","website":"www.India.com","established":"2019"},{"name":"ram prasad","country":"aus"},{"name":"durga","country":"sa"},{"id":1234512345,"name":"ggg","country":"Dan","logo":"https://dev.mydrona.in/backend/uploads/student/uploads09142022125719_1542218017.png","slogan":"sdfgh","head_quaters":"wefrgh","website":"eighth","established":"tfgyhuj"},{"name":"venkat","country":"india"},{"id":996969,"name":"333","country":"22","logo":"airlines/uploads09142022125719_1542218017.png","slogan":"22","head_quaters":"dddd","website":"dddd","established":"dddd"},{"id":36,"name":"Quatar Airways","country":"Quatar","logo":"https://upload.wikimedia.org/wikipedia/en/thumb/9/9b/Qatar_Airways_Logo.svg/300px-Qatar_Airways_Logo.svg.png","slogan":"Going Places Together","head_quaters":"Qatar Airways Towers, Doha, Qatar","website":"www.qatarairways.com","established":"1994"},{"id":989,"name":"Quatar Airways","logo":"https://upload.wikimedia.org/wikipedia/en/thumb/9/9b/Qatar_Airways_Logo.svg/300px-Qatar_Airways_Logo.svg.png","slogan":"Going Places Together","head_quaters":"Qatar Airways Towers, Doha, Qatar","website":"www.qatarairways.com","established":"1994"},{"id":1737,"name":"FlighteLUEJCorporation","country":"Poland","logo":"https://upload.wikimedia.org/wikipedia/en/thumb/9/9b/Qatar_Airways_Logo.svg/sri_lanka.png","slogan":"Keep Calm","head_quaters":"Warszawa, Polska","website":"www.freeukraine.com","established":"2021"},{"id":2046,"name":"FlightcljdwCorporation","country":"Poland","logo":"https://upload.wikimedia.org/wikipedia/en/thumb/9/9b/Qatar_Airways_Logo.svg/sri_lanka.png","slogan":"Keep Calm","head_quaters":"Warszawa, Polska","website":"www.freeukraine.com","established":"2021"},{"id":1298765,"name":"Sri Lankan Airways","country":"Sri Lanka","logo":"https://upload.wikimedia.org/wikipedia/en/thumb/9/9b/Qatar_Airways_Logo.svg/sri_lanka.png","slogan":"From Sri Lanka","head_quaters":"Katunayake, Sri Lanka","website":"www.srilankaairways.com","established":"1990"},{"id":1762,"name":"FlightcaOWZCorporation","country":"Poland","logo":"https://upload.wikimedia.org/wikipedia/en/thumb/9/9b/Qatar_Airways_Logo.svg/sri_lanka.png","slogan":"Keep Calm","head_quaters":"Warszawa, Polska","website":"www.freeukraine.com","established":"2021"},{"id":27092022,"name":"test","country":"test","logo":"https://upload.wikimedia.org/wikipedia/en/thumb/9/9b/Qatar_Airways_Logo.svg/sri_lanka.png","slogan":"From Sri Lanka","head_quaters":"Katunayake, Sri Lanka","website":"www.srilankaairways.com","established":"2022"},{"name":"Sri Lankan Airways","country":"Sri Lanka","logo":"https://upload.wikimedia.org/wikipedia/en/thumb/9/9b/Qatar_Airways_Logo.svg/sri_lanka.png","slogan":"From Sri Lanka","head_quaters":"Katunayake, Sri Lanka","website":"www.srilankaairways.com","established":"1990"},{"id":15,"name":"Sri Lankan Airways","country":"Sri Lanka","logo":"https://upload.wikimedia.org/wikipedia/en/thumb/9/9b/Qatar_Airways_Logo.svg/sri_lanka.png","slogan":"From Sri Lanka","head_quaters":"Katunayake, Sri Lanka","website":"www.srilankaairways.com","established":"1990"},{"id":17,"name":"Sri Lankan Airways","country":"Sri Lanka","logo":"https://upload.wikimedia.org/wikipedia/en/thumb/9/9b/Qatar_Airways_Logo.svg/sri_lanka.png","slogan":"From Sri Lanka","head_quaters":"Katunayake, Sri Lanka","website":"www.srilankaairways.com","established":"1990"},{"id":null,"name":"eeedm","country":"hfrjnfrn","logo":"kjrje","slogan":"","website":"rkmtg","established":"rjfnrgn"},{"id":null,"name":"gtgnjtng","country":"rv jrrvj","logo":"jjfrjfjr","slogan":"","website":"rkejjfnr","established":"3rkjgj"},{"id":7290,"name":"test","country":"test","logo":"https://upload.wikimedia.org/wikipedia/en/thumb/9/9b/Qatar_Airways_Logo.svg/sri_lanka.png","slogan":"From Sri Lanka","head_quaters":"Katunayake, Sri Lanka","website":"www.srilankaairways.com","established":"1990"},{"id":1200,"name":"Sri Lankan Airways","country":"Sri Lanka","logo":"https://upload.wikimedia.org/wikipedia/en/thumb/9/9b/Qatar_Airways_Logo.svg/sri_lanka.png","slogan":"From Sri Lanka","head_quaters":"Katunayake, Sri Lanka","website":"www.srilankaairways.com","established":"1990"},{"id":1300,"name":"Sri Lankan Airways","country":"Sri Lanka","logo":"https://upload.wikimedia.org/wikipedia/en/thumb/9/9b/Qatar_Airways_Logo.svg/sri_lanka.png","slogan":"From Sri Lanka","head_quaters":"Katunayake, Sri Lanka","website":"www.srilankaairways.com","established":"1990"},{"id":50,"name":"Sri Lankan Airways","country":"Sri Lanka","logo":"https://upload.wikimedia.org/wikipedia/en/thumb/9/9b/Qatar_Airways_Logo.svg/sri_lanka.png","slogan":"From Sri Lanka","head_quaters":"Katunayake, Sri Lanka","website":"www.srilankaairways.com","established":"1990"},{"id":51,"name":"Sri Arvind","country":"Sri Lanka","logo":"https://upload.wikimedia.org/wikipedia/en/thumb/9/9b/Qatar_Airways_Logo.svg/sri_lanka.png","slogan":"From Sri Lanka","head_quaters":"Katunayake, Sri Lanka","website":"www.srilankaairways.com","established":"1990"},{"id":8700,"name":"Rest API Practice","country":"Sri Lanka","logo":"https://upload.wikimedia.org/wikipedia/en/thumb/9/9b/Qatar_Airways_Logo.svg/sri_lanka.png","slogan":"From Sri Lanka","head_quaters":"Katunayake, Sri Lanka","website":"www.srilankaairways.com","established":"1990"},{"id":11,"name":"Sri Lankan delhi new","country":"Sri Lanka","logo":"https://upload.wikimedia.org/wikipedia/en/thumb/9/9b/Qatar_Airways_Logo.svg/sri_lanka.png","slogan":"From Sri Lanka","head_quaters":"Katunayake, Sri Lanka","website":"www.srilankaairways.com","established":"1990"},{"id":29,"name":"Sri Lankan delhi new","country":"Sri Lanka","logo":"https://upload.wikimedia.org/wikipedia/en/thumb/9/9b/Qatar_Airways_Logo.svg/sri_lanka.png","slogan":"From Sri Lanka","head_quaters":"Katunayake, Sri Lanka","website":"www.srilankaairways.com","established":"1990"},{"id":1400,"name":"Sri Lankan Airways","country":"Sri Lanka","logo":"https://upload.wikimedia.org/wikipedia/en/thumb/9/9b/Qatar_Airways_Logo.svg/sri_lanka.png","slogan":"From Sri Lanka","head_quaters":"Katunayake, Sri Lanka","website":"www.srilankaairways.com","established":"1990"},{"name":"dsyhgnby","country":"kjhnbg","slogan":"98iuy","head_quaters":"oiuy","website":"gfhgr.com","established":"634"},{"id":250,"name":"Sri Lankan Airways","country":"Sri Lanka","logo":"https://upload.wikimedia.org/wikipedia/en/thumb/9/9b/Qatar_Airways_Logo.svg/sri_lanka.png","slogan":"From Sri Lanka","head_quaters":"Katunayake, Sri Lanka","website":"www.srilankaairways.com","established":"1990"},{"name":"yuyt","country":"jrt","slogan":"rters","head_quaters":"rtrty","website":"gfhgr.com","established":"esrtry"},{"name":"uyjhbmn ","country":"qwsd","slogan":"werdtfghb","head_quaters":"qwdf","website":"erty","established":"qwsd"},{"name":"uyjhbmn ","country":"qwsd","slogan":"werdtfghb","head_quaters":"qwdf","website":"erty","established":"qwsd"},{"name":"uyjhbmn ","country":"qwsd","slogan":"werdtfghb","head_quaters":"qwdf","website":"erty","established":"qwsd"},{"name":"uyjhbmn ","country":"qwsd","slogan":"werdtfghb","head_quaters":"qwdf","website":"erty","established":"qwsd"},{"name":"uyjhbmn ","country":"qwsd","slogan":"werdtfghb","head_quaters":"qwdf","website":"erty","established":"qwsd"},{"name":"uyjhbmn ","country":"qwsd","slogan":"werdtfghb","head_quaters":"qwdf","website":"erty","established":"qwsd"},{"name":"uyjhbmn ","country":"qwsd","slogan":"werdtfghb","head_quaters":"qwdf","website":"erty","established":"qwsd"},{"name":"Sri Lankan Airways","country":"Sri Lanka","logo":"https://upload.wikimedia.org/wikipedia/en/thumb/9/9b/Qatar_Airways_Logo.svg/sri_lanka.png","slogan":"From Sri Lanka","head_quaters":"Katunayake, Sri Lanka","website":"www.srilankaairways.com","established":"1990"},{"name":"dsyhgnby","country":"kjhnbg","slogan":"98iuy","head_quaters":"oiuy","website":"gfhgr.com","established":"634"},{"name":"dsyhgnby","country":"kjhnbg","slogan":"98iuy","head_quaters":"oiuy","website":"gfhgr.com","established":"634"},{"name":"dsyhgnby","country":"kjhnbg","slogan":"98iuy","head_quaters":"oiuy","website":"gfhgr.com","established":"634"},{"name":"dsyhgnby","country":"kjhnbg","slogan":"98iuy","head_quaters":"oiuy","website":"gfhgr.com","established":"634"},{"name":"dsyhgnby","country":"kjhnbg","slogan":"98iuy","head_quaters":"oiuy","website":"gfhgr.com","established":"634"},{"name":"dsyhgnby","country":"kjhnbg","slogan":"98iuy","head_quaters":"oiuy","website":"gfhgr.com","established":"634"},{"name":"dsyhgnby","country":"kjhnbg","slogan":"98iuy","head_quaters":"oiuy","website":"gfhgr.com","established":"634"},{"name":"learn pthon","country":"kjhnbg","slogan":"98iuy","head_quaters":"oiuy","website":"gfhgr.com","established":"634"},{"name":"learn pthon","country":"kjhnbg","slogan":"98iuy","head_quaters":"oiuy","website":"gfhgr.com","established":"634"},{"name":"dsyhgnby","country":"kjhnbg","slogan":"98iuy","head_quaters":"oiuy","website":"gfhgr.com","established":"634"},{"name":"dsyhgnby","country":"kjhnbg","slogan":"98iuy","head_quaters":"oiuy","website":"gfhgr.com","established":"634"},{"name":"dsyhgnby","country":"kjhnbg","slogan":"98iuy","head_quaters":"oiuy","website":"gfhgr.com","established":"634"},{"name":"dsyhgnby","country":"kjhnbg","slogan":"98iuy","head_quaters":"oiuy","website":"gfhgr.com","established":"634"},{"name":"dsyhgnby","country":"kjhnbg","slogan":"98iuy","head_quaters":"oiuy","website":"gfhgr.com","established":"634"},{"name":"kenya airways","country":"kenya","slogan":"kguh","head_quaters":"Nairobi","website":"kwnyaaiways.com","established":"2021"},{"name":"Sri Lankan Airways","country":"Sri Lanka","slogan":"fhvh","head_quaters":"Katunayake, Sri Lanka","website":"www.srilankaairways.com","established":"1991"},{"name":"Sri Lankan Airways","country":"Sri Lanka","logo":"https://upload.wikimedia.org/wikipedia/en/thumb/9/9b/Qatar_Airways_Logo.svg/sri_lanka.png","slogan":"From Sri Lanka","head_quaters":"Katunayake, Sri Lanka","website":"www.srilankaairways.com","established":"1990"},{"name":"Sri Lankan Airways","country":"Sri Lanka","logo":"https://upload.wikimedia.org/wikipedia/en/thumb/9/9b/Qatar_Airways_Logo.svg/sri_lanka.png","slogan":"From Sri Lanka","head_quaters":"Katunayake, Sri Lanka","website":"www.srilankaairways.com","established":"1990"},{"name":"Sri Lankan Airways","country":"Sri Lanka","logo":"https://upload.wikimedia.org/wikipedia/en/thumb/9/9b/Qatar_Airways_Logo.svg/sri_lanka.png","slogan":"From Sri Lanka","head_quaters":"Katunayake, Sri Lanka","website":"www.srilankaairways.com","established":"1990"},{"id":1111,"name":"Imran Airline","country":"Sri Lanka","logo":"https://upload.wikimedia.org/wikipedia/en/thumb/9/9b/Qatar_Airways_Logo.svg/sri_lanka.png","slogan":"From Sri Lanka","head_quaters":"Katunayake, Sri Lanka","website":"www.srilankaairways.com","established":"1990"},{"id":1112,"name":"Imran Airline","country":"Pakistan","logo":"https://upload.wikimedia.org/wikipedia/en/thumb/9/9b/Qatar_Airways_Logo.svg/sri_lanka.png","slogan":"From Pakistan","head_quaters":"Karachi, Pakistan","website":"www.ImranAirways.com","established":"1990"},{"id":1113,"name":"Imran Airline","country":"Pakistan","logo":"https://upload.wikimedia.org/wikipedia/en/thumb/9/9b/Qatar_Airways_Logo.svg/sri_lanka.png","slogan":"From Pakistan","head_quaters":"Karachi, Pakistan","website":"www.ImranAirways.com","established":"1990"},{"name":"Sri Lankan Airways","country":"Sri Lanka","logo":"https://upload.wikimedia.org/wikipedia/en/thumb/9/9b/Qatar_Airways_Logo.svg/sri_lanka.png","slogan":"From Sri Lanka","head_quaters":"Katunayake, Sri Lanka","website":"www.srilankaairways.com","established":"1990"},{"name":"Sri Lankan Airways","country":"Sri Lanka","logo":"https://upload.wikimedia.org/wikipedia/en/thumb/9/9b/Qatar_Airways_Logo.svg/sri_lanka.png","slogan":"From Sri Lanka","head_quaters":"Katunayake, Sri Lanka","website":"www.srilankaairways.com","established":"1990"},{"name":"Sri Lankan Airways","country":"Sri Lanka","logo":"https://upload.wikimedia.org/wikipedia/en/thumb/9/9b/Qatar_Airways_Logo.svg/sri_lanka.png","slogan":"From Sri Lanka","head_quaters":"Katunayake, Sri Lanka","website":"www.srilankaairways.com","established":"1990"},{"name":"Sri Lankan Airways","country":"Sri Lanka","logo":"https://upload.wikimedia.org/wikipedia/en/thumb/9/9b/Qatar_Airways_Logo.svg/sri_lanka.png","slogan":"From Sri Lanka","head_quaters":"Katunayake, Sri Lanka","website":"www.srilankaairways.com","established":"1990"},{"name":"Sri Lankan Airways","country":"Sri Lanka","logo":"https://upload.wikimedia.org/wikipedia/en/thumb/9/9b/Qatar_Airways_Logo.svg/sri_lanka.png","slogan":"From Sri Lanka","head_quaters":"Katunayake, Sri Lanka","website":"www.srilankaairways.com","established":"1990"},{"name":"Sri Lankan Airways","country":"Sri Lanka","logo":"https://upload.wikimedia.org/wikipedia/en/thumb/9/9b/Qatar_Airways_Logo.svg/sri_lanka.png","slogan":"From Sri Lanka","head_quaters":"Katunayake, Sri Lanka","website":"www.srilankaairways.com","established":"1990"},{"id":1114,"name":"Imran Airline","country":"Pakistan","logo":"https://upload.wikimedia.org/wikipedia/en/thumb/9/9b/Qatar_Airways_Logo.svg/sri_lanka.png","slogan":"From Pakistan","head_quaters":"Karachi, Pakistan","website":"www.ImranAirways.com","established":"1990"},{"name":"Indian Airways","country":"India","logo":"https://upload.wikimedia.org/wikipedia/en/thumb/9/9b/Qatar_Airways_Logo.svg/sri_lanka.png","slogan":"From India","head_quaters":"Nagpur, India","website":"www.indianairways.com","established":"2022"},{"id":1115,"name":"Indian Airways","country":"India","logo":"https://upload.wikimedia.org/wikipedia/en/thumb/9/9b/Qatar_Airways_Logo.svg/sri_lanka.png","slogan":"From India","head_quaters":"Nagpur, India","website":"www.indianairways.com","established":"2022"},{"name":"dsyhgnby","country":"kjhnbg","slogan":"98iuy","head_quaters":"oiuy","website":"gfhgr.com","established":"634"},{"name":"dsyhgnby","country":"kjhnbg","slogan":"98iuy","head_quaters":"oiuy","website":"gfhgr.com","established":"634"},{"name":"dsyhgnby","country":"kjhnbg","slogan":"rters","head_quaters":"oiuy","website":"gfhgr.com","established":""},{"name":"Sri Lankan Airways","country":"Sri Lanka","logo":"https://upload.wikimedia.org/wikipedia/en/thumb/9/9b/Qatar_Airways_Logo.svg/sri_lanka.png","slogan":"From Sri Lanka","head_quaters":"Katunayake, Sri Lanka","website":"www.srilankaairways.com","established":"1990"},{"name":"Sri Lankan Airways","country":"Sri Lanka","logo":"https://upload.wikimedia.org/wikipedia/en/thumb/9/9b/Qatar_Airways_Logo.svg/sri_lanka.png","slogan":"From Sri Lanka","head_quaters":"Katunayake, Sri Lanka","website":"www.srilankaairways.com","established":"1990"},{"id":145,"name":"Sri Lankan Airways","country":"Sri Lanka","logo":"https://upload.wikimedia.org/wikipedia/en/thumb/9/9b/Qatar_Airways_Logo.svg/sri_lanka.png","slogan":"From Sri Lanka","head_quaters":"Katunayake, Sri Lanka","website":"www.srilankaairways.com","established":"1990"},{"id":1118,"name":"Indian Airways","country":"India","logo":"https://upload.wikimedia.org/wikipedia/en/thumb/9/9b/Qatar_Airways_Logo.svg/sri_lanka.png","slogan":"From India","head_quaters":"Nagpur, India","website":"www.indianairways.com","established":"2022"},{"name":"Sri Lankan Airways","country":"Sri Lanka","logo":"https://upload.wikimedia.org/wikipedia/en/thumb/9/9b/Qatar_Airways_Logo.svg/sri_lanka.png","slogan":"From Sri Lanka","head_quaters":"Katunayake, Sri Lanka","website":"www.srilankaairways.com","established":"1990"},{"name":"Sri Lankan Airways","country":"Sri Lanka","logo":"https://upload.wikimedia.org/wikipedia/en/thumb/9/9b/Qatar_Airways_Logo.svg/sri_lanka.png","slogan":"From Sri Lanka","head_quaters":"Katunayake, Sri Lanka","website":"www.srilankaairways.com","established":"1990"},{"name":"Sri Lankan Airways","country":"Sri Lanka","logo":"https://upload.wikimedia.org/wikipedia/en/thumb/9/9b/Qatar_Airways_Logo.svg/sri_lanka.png","slogan":"From Sri Lanka","head_quaters":"Katunayake, Sri Lanka","website":"www.srilankaairways.com","established":"1990"},{"name":"Sri Lankan Airways","country":"Sri Lanka","logo":"https://upload.wikimedia.org/wikipedia/en/thumb/9/9b/Qatar_Airways_Logo.svg/sri_lanka.png","slogan":"From Sri Lanka","head_quaters":"Katunayake, Sri Lanka","website":"www.srilankaairways.com","established":"1990"},{"id":77,"name":"Sri Lankan Airways","country":"Sri Lanka","logo":"https://upload.wikimedia.org/wikipedia/en/thumb/9/9b/Qatar_Airways_Logo.svg/sri_lanka.png","slogan":"From Sri Lanka","head_quaters":"Katunayake, Sri Lanka","website":"www.srilankaairways.com","established":"1990"},{"id":78,"name":"Sri Lankan Airways","country":"Sri Lanka","logo":"https://upload.wikimedia.org/wikipedia/en/thumb/9/9b/Qatar_Airways_Logo.svg/sri_lanka.png","slogan":"From Sri Lanka","head_quaters":"Katunayake, Sri Lanka","website":"www.srilankaairways.com","established":"1990"},{"id":1116,"name":"Imran Airline","country":"Pakistan","logo":"https://upload.wikimedia.org/wikipedia/en/thumb/9/9b/Qatar_Airways_Logo.svg/sri_lanka.png","slogan":"From Pakistan","head_quaters":"Karachi, Pakistan","website":"www.ImranAirways.com","established":"1990"},{"id":79,"name":"Sri Lankan Airways","country":"Sri Lanka","logo":"https://upload.wikimedia.org/wikipedia/en/thumb/9/9b/Qatar_Airways_Logo.svg/sri_lanka.png","slogan":"From Sri Lanka","head_quaters":"Katunayake, Sri Lanka","website":"www.srilankaairways.com","established":"test"},{"id":1117,"name":"Imran Airline","country":"Pakistan","logo":"https://upload.wikimedia.org/wikipedia/en/thumb/9/9b/Qatar_Airways_Logo.svg/sri_lanka.png","slogan":"From Pakistan","head_quaters":"Karachi, Pakistan","website":"www.ImranAirways.com","established":"1990"},{"id":80,"name":"Sri Lankan Airways","country":"Sri Lanka","logo":"https://upload.wikimedia.org/wikipedia/en/thumb/9/9b/Qatar_Airways_Logo.svg/sri_lanka.png","slogan":"From Sri Lanka","head_quaters":"Katunayake, Sri Lanka","website":"www.srilankaairways.com","established":"test"},{"id":82,"name":"Sri Lankan Airways","country":"Sri Lanka","logo":"https://upload.wikimedia.org/wikipedia/en/thumb/9/9b/Qatar_Airways_Logo.svg/sri_lanka.png","slogan":"From Sri Lanka","head_quaters":"Katunayake, Sri Lanka","website":"www.srilankaairways.com","established":"test"},{"id":83,"name":"Sri Lankan Airways","country":"Sri Lanka","logo":"https://upload.wikimedia.org/wikipedia/en/thumb/9/9b/Qatar_Airways_Logo.svg/sri_lanka.png","slogan":"From Sri Lanka","head_quaters":"Katunayake, Sri Lanka","website":"www.srilankaairways.com","established":"test"},{"id":84,"name":"test","country":"test","logo":"test","slogan":"test","head_quaters":"test","website":"test","established":"test"},{"id":-1698180901,"name":"Sri Lankan Airways","country":"Sri Lanka","logo":"https://upload.wikimedia.org/wikipedia/en/thumb/9/9b/Qatar_Airways_Logo.svg/sri_lanka.png","slogan":"From Sri Lanka","head_quaters":"Katunayake, Sri Lanka","website":"www.srilankaairways.com","established":"1990"},{"id":1650517429,"name":"Sri Lankan Airways","country":"Sri Lanka","logo":"https://upload.wikimedia.org/wikipedia/en/thumb/9/9b/Qatar_Airways_Logo.svg/sri_lanka.png","slogan":"From Sri Lanka","head_quaters":"Katunayake, Sri Lanka","website":"www.srilankaairways.com","established":"1990"},{"id":-1676843262,"name":"Sri Lankan Airways","country":"Sri Lanka","logo":"https://upload.wikimedia.org/wikipedia/en/thumb/9/9b/Qatar_Airways_Logo.svg/sri_lanka.png","slogan":"From Sri Lanka","head_quaters":"Katunayake, Sri Lanka","website":"www.srilankaairways.com","established":"1990"},{"id":1587336958,"name":"Sri Lankan Airways","country":"Sri Lanka","logo":"https://upload.wikimedia.org/wikipedia/en/thumb/9/9b/Qatar_Airways_Logo.svg/sri_lanka.png","slogan":"From Sri Lanka","head_quaters":"Katunayake, Sri Lanka","website":"www.srilankaairways.com","established":"1990"},{"id":-941983358,"name":"Sri Lankan Airways","country":"Sri Lanka","logo":"https://upload.wikimedia.org/wikipedia/en/thumb/9/9b/Qatar_Airways_Logo.svg/sri_lanka.png","slogan":"From Sri Lanka","head_quaters":"Katunayake, Sri Lanka","website":"www.srilankaairways.com","established":"1990"},{"id":2090504770,"name":"Sri Lankan Airways","country":"Sri Lanka","logo":"https://upload.wikimedia.org/wikipedia/en/thumb/9/9b/Qatar_Airways_Logo.svg/sri_lanka.png","slogan":"From Sri Lanka","head_quaters":"Katunayake, Sri Lanka","website":"www.srilankaairways.com","established":"1990"},{"id":688872130,"name":"Sri Lankan Airways","country":"Sri Lanka","logo":"https://upload.wikimedia.org/wikipedia/en/thumb/9/9b/Qatar_Airways_Logo.svg/sri_lanka.png","slogan":"From Sri Lanka","head_quaters":"Katunayake, Sri Lanka","website":"www.srilankaairways.com","established":"1990"},{"id":-1696707114,"name":"Sri Lankan Airways","country":"Sri Lanka","logo":"https://upload.wikimedia.org/wikipedia/en/thumb/9/9b/Qatar_Airways_Logo.svg/sri_lanka.png","slogan":"From Sri Lanka","head_quaters":"Katunayake, Sri Lanka","website":"www.srilankaairways.com","established":"1990"},{"id":-270177230,"name":"Sri Lankan Airways","country":"Sri Lanka","logo":"https://upload.wikimedia.org/wikipedia/en/thumb/9/9b/Qatar_Airways_Logo.svg/sri_lanka.png","slogan":"From Sri Lanka","head_quaters":"Katunayake, Sri Lanka","website":"www.srilankaairways.com","established":"1990"},{"id":1320590413,"name":"Sri Lankan Airways","country":"Sri Lanka","logo":"https://upload.wikimedia.org/wikipedia/en/thumb/9/9b/Qatar_Airways_Logo.svg/sri_lanka.png","slogan":"From Sri Lanka","head_quaters":"Katunayake, Sri Lanka","website":"www.srilankaairways.com","established":"1990"},{"id":-1782968768,"name":"Sri Lankan Airways","country":"Sri Lanka","logo":"https://upload.wikimedia.org/wikipedia/en/thumb/9/9b/Qatar_Airways_Logo.svg/sri_lanka.png","slogan":"From Sri Lanka","head_quaters":"Katunayake, Sri Lanka","website":"www.srilankaairways.com","established":"1990"},{"id":1497365560,"name":"Sri Lankan Airways","country":"Sri Lanka","logo":"https://upload.wikimedia.org/wikipedia/en/thumb/9/9b/Qatar_Airways_Logo.svg/sri_lanka.png","slogan":"From Sri Lanka","head_quaters":"Katunayake, Sri Lanka","website":"www.srilankaairways.com","established":"1990"},{"id":1111111,"name":"Nameeeeee","country":"Usaa","logo":"logoooo","slogan":"Slooo gaaaannnn","head_quaters":"headdd","website":"sire web","established":"Maybee"},{"id":545,"name":"Sri Lankan Airways","country":"Sri Lanka","logo":"https://upload.wikimedia.org/wikipedia/en/thumb/9/9b/Qatar_Airways_Logo.svg/sri_lanka.png","slogan":"From Sri Lanka","head_quaters":"Katunayake, Sri Lanka","website":"www.srilankaairways.com","established":"1990"},{"id":16,"name":"Sri Lankan Airways","country":"Sri Lanka","logo":"https://upload.wikimedia.org/wikipedia/en/thumb/9/9b/Qatar_Airways_Logo.svg/sri_lanka.png","slogan":"From Sri Lanka","head_quaters":"Katunayake, Sri Lanka","website":"www.srilankaairways.com","established":"1990"},{"name":"Sri Lankan Airways","country":"Sri Lanka","logo":"https://upload.wikimedia.org/wikipedia/en/thumb/9/9b/Qatar_Airways_Logo.svg/sri_lanka.png","slogan":"From Sri Lanka","head_quaters":"Katunayake, Sri Lanka","website":"www.srilankaairways.com","established":"1990"},{"id":242591,"name":"Egypt Test Airways","country":"Egypt","logo":"https://upload.wikimedia.org/wikipedia/en/thumb/9/9b/Qatar_Airways_Logo.svg/sri_lanka.png","slogan":"From Egypt","head_quaters":"Egypt, Egypt","website":"www.egyptairways.com","established":"1998"},{"id":34553,"name":"IRA Test Airways","country":"IRA","logo":"https://upload.wikimedia.org/wikipedia/en/thumb/9/9b/Qatar_Airways_Logo.svg/sri_lanka.png","slogan":"From Egypt","head_quaters":"IRA, IRA","website":"www.iraptairways.com","established":"1968"},{"id":34567,"name":"BBAR Test Airways","country":"BBAR","logo":"https://upload.wikimedia.org/wikipedia/en/thumb/9/9b/Qatar_Airways_Logo.svg/sri_lanka.png","slogan":"From BBAR","head_quaters":"BBAR, BBRR","website":"www.bbarairways.com","established":"1988"},{"id":89002,"name":"HULK Test Airways","country":"HULK","logo":"https://upload.wikimedia.org/wikipedia/en/thumb/9/9b/Qatar_Airways_Logo.svg/sri_lanka.png","slogan":"From HULK","head_quaters":"HULK, HULK","website":"www.hulkairways.com","established":"2011"},{"id":110234,"name":"Chiya Test Airways","country":"Chiya","logo":"https://upload.wikimedia.org/wikipedia/en/thumb/9/9b/Qatar_Airways_Logo.svg/sri_lanka.png","slogan":"From Chiya","head_quaters":"Chiya, Chiya","website":"www.chiyaairways.com","established":"2001"},{"id":334412,"name":"ROMA Test Airways","country":"ROMA","logo":"https://upload.wikimedia.org/wikipedia/en/thumb/9/9b/Qatar_Airways_Logo.svg/sri_lanka.png","slogan":"From ROMA","head_quaters":"ROMA, ROMA","website":"www.romaairways.com","established":"1988"},{"id":null,"name":"ewkfknkw","country":"hfhrfbr","logo":"","slogan":"","website":"efjkf","established":"ewfnjkewn"},{"name":"Sri Lankan Airways","country":"Sri Lanka"},{"name":"Sri Lankan Airways","country":"Sri Lanka","logo":"https://upload.wikimedia.org/wikipedia/en/thumb/9/9b/Qatar_Airways_Logo.svg/sri_lanka.png","slogan":"From Sri Lanka","head_quaters":"Katunayake, Sri Lanka","website":"www.srilankaairways.com","established":"1990"},{"name":"Sri Lankan Airways","country":"Sri Lanka","logo":"https://upload.wikimedia.org/wikipedia/en/thumb/9/9b/Qatar_Airways_Logo.svg/sri_lanka.png","slogan":"From Sri Lanka","head_quaters":"Katunayake, Sri Lanka","website":"www.srilankaairways.com","established":"1990"},{"name":"Sri Lankan Airways","country":"Sri Lanka","logo":"https://upload.wikimedia.org/wikipedia/en/thumb/9/9b/Qatar_Airways_Logo.svg/sri_lanka.png","slogan":"From Sri Lanka","head_quaters":"Katunayake, Sri Lanka","website":"www.srilankaairways.com","established":"1990"},{"name":"Sri Lankan Airways","country":"Sri Lanka","logo":"https://upload.wikimedia.org/wikipedia/en/thumb/9/9b/Qatar_Airways_Logo.svg/sri_lanka.png","slogan":"From Sri Lanka","head_quaters":"Katunayake, Sri Lanka","website":"www.srilankaairways.com","established":"1990"},{"name":"Sri Lankan Airways","country":"Sri Lanka","logo":"https://upload.wikimedia.org/wikipedia/en/thumb/9/9b/Qatar_Airways_Logo.svg/sri_lanka.png","slogan":"From Sri Lanka","head_quaters":"Katunayake, Sri Lanka","website":"www.srilankaairways.com","established":"1990"},{"name":"dj","country":"dj","slogan":"dj","head_quaters":"dj","website":"dj","established":"dj"},{"id":86,"name":"Quatar Airways","country":"Quatar","logo":"https://upload.wikimedia.org/wikipedia/en/thumb/9/9b/Qatar_Airways_Logo.svg/300px-Qatar_Airways_Logo.svg.png","slogan":"Going Places Together","head_quaters":"Qatar Airways Towers, Doha, Qatar","website":"www.qatarairways.com","established":"1994"},{"name":"Sri Lankan Airways","country":"Sri Lanka","logo":"https://upload.wikimedia.org/wikipedia/en/thumb/9/9b/Qatar_Airways_Logo.svg/sri_lanka.png","slogan":"From Sri Lanka","head_quaters":"Katunayake, Sri Lanka","website":"www.srilankaairways.com","established":"1990"},{"name":"Sri Lankan Airways","country":"Sri Lanka","logo":"https://upload.wikimedia.org/wikipedia/en/thumb/9/9b/Qatar_Airways_Logo.svg/sri_lanka.png","slogan":"From Sri Lanka","head_quaters":"Katunayake, Sri Lanka","website":"www.srilankaairways.com","established":"1990"},{"name":"Sri Lankan Airways","country":"Sri Lanka","logo":"https://upload.wikimedia.org/wikipedia/en/thumb/9/9b/Qatar_Airways_Logo.svg/sri_lanka.png","slogan":"From Sri Lanka","head_quaters":"Katunayake, Sri Lanka","website":"www.srilankaairways.com","established":"1990"},{"id":87,"name":"Quatar Airways","country":"Quatar","logo":"https://upload.wikimedia.org/wikipedia/en/thumb/9/9b/Qatar_Airways_Logo.svg/300px-Qatar_Airways_Logo.svg.png","slogan":"Going Places Together","head_quaters":"Qatar Airways Towers, Doha, Qatar","website":"www.qatarairways.com","established":"1994"},{"id":5555555,"name":"1111111","country":"2222222","logo":"6666666","slogan":"7777777","head_quaters":"4444444","website":"8888888","established":"3333333"},{"id":98,"name":"Sri Lankan Airways","country":"Sri Lanka","logo":"https://upload.wikimedia.org/wikipedia/en/thumb/9/9b/Qatar_Airways_Logo.svg/sri_lanka.png","slogan":"From Sri Lanka","head_quaters":"Katunayake, Sri Lanka","website":"www.srilankaairways.com","established":"1990"},{"id":99,"name":"ABCC","country":"Australia","logo":"nbsajdb","slogan":"jkdkwd","head_quaters":"jksbdK","website":"BJKSD","established":"SJBCDJK"},{"id":91,"name":"Quatar Airways","country":"Quatar","logo":"https://upload.wikimedia.org/wikipedia/en/thumb/9/9b/Qatar_Airways_Logo.svg/300px-Qatar_Airways_Logo.svg.png","slogan":"Going Places Together","head_quaters":"Qatar Airways Towers, Doha, Qatar","website":"www.qatarairways.com","established":"1994"},{"id":102,"name":"HSJL","country":"jkshfksalk","logo":"kdlsadoa","slogan":"ijlasdjl","head_quaters":"ghfj","website":"jkhlkj","established":"hjgkl"},{"id":103,"name":"muasd","country":"asdds","logo":"asdf","slogan":"asdfs","head_quaters":"asff","website":"asffds","established":"sfaas"},{"id":99999,"name":"Flyuia New","country":"Ukrline","logo":"https://www.flyuia.com/assets/img/header/logo-full-white-small.svg","slogan":"We are the best","head_quaters":"We are from Ukrain","website":"https://www.flyuia.com/hu/ru/home","established":"1993"},{"name":"ewewf","country":"fwef","slogan":"few","head_quaters":"wef","website":"fwe","established":"ewf"},{"name":"gerge","country":"er","slogan":"ger","head_quaters":"er","website":"ger","established":"erg"},{"name":"efwef","country":"efwe","slogan":"sdf","head_quaters":"dfsd","website":"dfsd","established":"dfsd"},{"name":"dj","country":"dj","slogan":"dj","head_quaters":"dj","website":"dj","established":"dj"},{"id":9997777,"name":"Flyuia 777777","country":"Ukrline","logo":"https://www.flyuia.com/assets/img/header/logo-full-white-small.svg","slogan":"We are the best","head_quaters":"We are from Ukrain","website":"https://www.flyuia.com/hu/ru/home","established":"1993"},{"id":999555,"name":"Flyuia","country":"Ukrline","logo":"https://www.flyuia.com/assets/img/header/logo-full-white-small.svg","slogan":"We are the best","head_quaters":"We are from Ukrain","website":"https://www.flyuia.com/hu/ru/home","established":"1993"},{"name":"Quatar Airways","country":"Quatar","slogan":"Going Places Together","head_quaters":"Qatar Airways Towers, Doha, Qatar","website":"www.qatarairways.com","established":"1994"},{"id":121,"name":"Sri Lankan Airways","country":"Sri Lanka","logo":"https://upload.wikimedia.org/wikipedia/en/thumb/9/9b/Qatar_Airways_Logo.svg/sri_lanka.png","slogan":"From Sri Lanka","head_quaters":"Katunayake, Sri Lanka","website":"www.srilankaairways.com","established":"1990"},{"id":122,"name":"Sri Lankan Airways","country":"Sri Lanka","logo":"https://upload.wikimedia.org/wikipedia/en/thumb/9/9b/Qatar_Airways_Logo.svg/sri_lanka.png","slogan":"From Sri Lanka","head_quaters":"Katunayake, Sri Lanka","website":"www.srilankaairways.com","established":"1990"},{"id":179,"name":"Sri Lankan Airways","country":"Sri Lanka","logo":"https://upload.wikimedia.org/wikipedia/en/thumb/9/9b/Qatar_Airways_Logo.svg/sri_lanka.png","slogan":"From Sri Lanka","head_quaters":"Katunayake, Sri Lanka","website":"www.srilankaairways.com","established":"1990"},{"id":180,"name":"Sri Lankan Airways","country":"Sri Lanka","logo":"https://upload.wikimedia.org/wikipedia/en/thumb/9/9b/Qatar_Airways_Logo.svg/sri_lanka.png","slogan":"From Sri Lanka","head_quaters":"Katunayake, Sri Lanka","website":"www.srilankaairways.com","established":"1990"},{"id":181,"name":"Sri Lankan Airways","country":"Sri Lanka","logo":"https://upload.wikimedia.org/wikipedia/en/thumb/9/9b/Qatar_Airways_Logo.svg/sri_lanka.png","slogan":"From Sri Lanka","head_quaters":"Katunayake, Sri Lanka","website":"www.srilankaairways.com","established":"1990"},{"id":182,"name":"Sri Lankan Airways","country":"Sri Lanka","logo":"https://upload.wikimedia.org/wikipedia/en/thumb/9/9b/Qatar_Airways_Logo.svg/sri_lanka.png","slogan":"From Sri Lanka","head_quaters":"Katunayake, Sri Lanka","website":"www.srilankaairways.com","established":"1990"},{"id":90,"name":"Sri Lankan Airways","country":"Sri Lanka","logo":"https://upload.wikimedia.org/wikipedia/en/thumb/9/9b/Qatar_Airways_Logo.svg/sri_lanka.png","slogan":"From Sri Lanka","head_quaters":"Katunayake, Sri Lanka","website":"www.srilankaairways.com","established":"1990"},{"id":199,"name":"Test Airways","country":"Sri Lanka","logo":"https://upload.wikimedia.org/wikipedia/en/thumb/9/9b/Qatar_Airways_Logo.svg/sri_lanka.png","slogan":"From Sri Lanka","head_quaters":"Katunayake, Sri Lanka","website":"www.srilankaairways.com","established":"1990"},{"id":290,"name":"T Airways","country":"Sri Lanka","logo":"https://upload.wikimedia.org/wikipedia/en/thumb/9/9b/Qatar_Airways_Logo.svg/sri_lanka.png","slogan":"From Sri Lanka","head_quaters":"Katunayake, Sri Lanka","website":"www.srilankaairways.com","established":"1990"},{"id":110,"name":"Quatar Airways","country":"Quatar","logo":"https://upload.wikimedia.org/wikipedia/en/thumb/9/9b/Qatar_Airways_Logo.svg/300px-Qatar_Airways_Logo.svg.png","slogan":"Going Places Together","head_quaters":"Qatar Airways Towers, Doha, Qatar","website":"www.qatarairways.com","established":"1994"},{"id":301,"name":"test name","country":"test country","logo":"test logo","slogan":"test test","head_quaters":"test Head","website":"test website","established":"1999"},{"id":120,"name":"Divya","country":"India","logo":"Star","slogan":"Abc","head_quaters":"ddd","website":".com","established":"ggg"},{"id":183,"name":"Sri Lankan Airways","country":"Sri Lanka","logo":"https://upload.wikimedia.org/wikipedia/en/thumb/9/9b/Qatar_Airways_Logo.svg/sri_lanka.png","slogan":"From Sri Lanka","head_quaters":"Katunayake, Sri Lanka","website":"www.srilankaairways.com","established":"1990"},{"id":184,"name":"Sri Lankan Airways","country":"Sri Lanka","logo":"https://upload.wikimedia.org/wikipedia/en/thumb/9/9b/Qatar_Airways_Logo.svg/sri_lanka.png","slogan":"From Sri Lanka","head_quaters":"Katunayake, Sri Lanka","website":"www.srilankaairways.com","established":"1990"},{"name":"Sri Lankan Airways","country":"Sri Lanka","logo":"https://upload.wikimedia.org/wikipedia/en/thumb/9/9b/Qatar_Airways_Logo.svg/sri_lanka.png","slogan":"From Sri Lanka","head_quaters":"Katunayake, Sri Lanka","website":"www.srilankaairways.com","established":"1990"},{"id":928,"name":"Sri Lankan Airways","country":"Sri Lanka","logo":"https://upload.wikimedia.org/wikipedia/en/thumb/9/9b/Qatar_Airways_Logo.svg/sri_lanka.png","slogan":"From Sri Lanka","head_quaters":"Katunayake, Sri Lanka","website":"www.c3xs1928.com","established":"1990"},{"id":111,"name":"d c","country":"dsvcjbv","logo":"vwdvc","slogan":"dcbkwvb","head_quaters":"juvujkg","website":"asbdxkajdvbwekd","established":"ndkbd"},{"id":114,"name":"awd","country":"sc","logo":"e","slogan":"f","head_quaters":"g","website":"h","established":"o"},{"id":11321342141,"name":"Sri Lankan Airways","country":"Sri Lanka","logo":"https://upload.wikimedia.org/wikipedia/en/thumb/9/9b/Qatar_Airways_Logo.svg/sri_lanka.png","slogan":"From Sri Lanka","head_quaters":"Katunayake, Sri Lanka","website":"www.srilankaairways.com","established":"1990"},{"name":"Sri Lankan Airways","country":"Sri Lanka","logo":"https://upload.wikimedia.org/wikipedia/en/thumb/9/9b/Qatar_Airways_Logo.svg/sri_lanka.png","slogan":"From Sri Lanka","head_quaters":"Katunayake, Sri Lanka","website":"www.srilankaairways.com","established":"1990"},{"name":"Sri Lankan Airways","country":"Sri Lanka","logo":"https://upload.wikimedia.org/wikipedia/en/thumb/9/9b/Qatar_Airways_Logo.svg/sri_lanka.png","slogan":"From Sri Lanka","head_quaters":"Katunayake, Sri Lanka","website":"www.srilankaairways.com","established":"1990"},{"name":"Sri Lankan Airways","country":"Sri Lanka","logo":"https://upload.wikimedia.org/wikipedia/en/thumb/9/9b/Qatar_Airways_Logo.svg/sri_lanka.png","slogan":"From Sri Lanka","head_quaters":"Katunayake, Sri Lanka","website":"www.srilankaairways.com","established":"1990"},{"name":"Sri Lankan Airways","country":"Sri Lanka","logo":"https://upload.wikimedia.org/wikipedia/en/thumb/9/9b/Qatar_Airways_Logo.svg/sri_lanka.png","slogan":"From Sri Lanka","head_quaters":"Katunayake, Sri Lanka","website":"www.srilankaairways.com","established":"1990"},{"name":"Sri Lankan Airways","country":"Sri Lanka","logo":"https://upload.wikimedia.org/wikipedia/en/thumb/9/9b/Qatar_Airways_Logo.svg/sri_lanka.png","slogan":"From Sri Lanka","head_quaters":"Katunayake, Sri Lanka","website":"www.srilankaairways.com","established":"1990"},{"name":"Sri Lankan Airways","country":"Sri Lanka","logo":"https://upload.wikimedia.org/wikipedia/en/thumb/9/9b/Qatar_Airways_Logo.svg/sri_lanka.png","slogan":"From Sri Lanka","head_quaters":"Katunayake, Sri Lanka","website":"www.srilankaairways.com","established":"1990"},{"name":"Siya","country":"India"},{"name":"Air Canada","country":"Canada","logo":"https://upload.wikimedia.org/wikipedia/en/thumb/9/9b/Qatar_Airways_Logo.svg/sri_lanka.png","slogan":"From Canada","head_quaters":"Toronto, Canada","website":"www.canadaairways.com","established":"1990"},{"id":567,"name":"Air Canada","country":"Canada","logo":"https://upload.wikimedia.org/wikipedia/en/thumb/9/9b/Qatar_Airways_Logo.svg/sri_lanka.png","slogan":"From Canada","head_quaters":"Toronto, Canada","website":"www.canadaairways.com","established":"1990"},{"id":11211112232,"name":"Sri Lankan Airways","country":"Sri Lanka","logo":"https://upload.wikimedia.org/wikipedia/en/thumb/9/9b/Qatar_Airways_Logo.svg/sri_lanka.png","slogan":"From Sri Lanka","head_quaters":"Katunayake, Sri Lanka","website":"www.srilankaairways.com","established":"1990"},{"id":12345,"name":"Canada Airways","country":"Canada","logo":"https://upload.wikimedia.org/wikipedia/en/thumb/9/9b/Qatar_Airways_Logo.svg/sri_lanka.png","slogan":"From Canada","head_quaters":"Qubec, Canada","website":"www.canadaairways.com","established":"1995"},{"id":123456,"name":"Canada Airways","country":"Canada","logo":"https://upload.wikimedia.org/wikipedia/en/thumb/9/9b/Qatar_Airways_Logo.svg/sri_lanka.png","slogan":"From Canada","head_quaters":"Qubec, Canada","website":"www.canadaairways.com","established":"1995"},{"name":"Airline_name","country":"Canada","logo":"https://upload.wikimedia.org/wikipedia/en/thumb/9/9b/Canada_Airways_Logo.svg/Canada.png","slogan":"From Canada","head_quaters":"Toronto, Canadaa","website":"www.canadaairways.com","established":"1997"},{"name":"Airline_name","country":"Canada","logo":"https://upload.wikimedia.org/wikipedia/en/thumb/9/9b/Canada_Airways_Logo.svg/Canada.png","slogan":"From Canada","head_quaters":"Toronto, Canadaa","website":"www.canadaairways.com","established":"1997"},{"name":"Canada Airways6","country":"Canada","logo":"https://upload.wikimedia.org/wikipedia/en/thumb/9/9b/Canada_Airways_Logo.svg/Canada.png","slogan":"From Canada","head_quaters":"Toronto, Canadaa","website":"www.canadaairways.com","established":"1997"},{"name":"Canada Airways8","country":"Canada","logo":"https://upload.wikimedia.org/wikipedia/en/thumb/9/9b/Canada_Airways_Logo.svg/Canada.png","slogan":"From Canada","head_quaters":"Toronto, Canadaa","website":"www.canadaairways.com","established":"1997"},{"name":"Canada Airways8","country":"Canada","logo":"https://upload.wikimedia.org/wikipedia/en/thumb/9/9b/Canada_Airways_Logo.svg/Canada.png","slogan":"From Canada","head_quaters":"Toronto, Canadaa","website":"www.canadaairways.com","established":"1997"},{"id":12353,"name":"Canada Airways5","country":"Canada","logo":"https://upload.wikimedia.org/wikipedia/en/thumb/9/9b/Canada_Airways_Logo.svg/Canada.png","slogan":"From Canada","head_quaters":"Toronto, Canadaa","website":"www.canadaairways.com","established":"1997"},{"id":187,"name":"Canada Airways7","country":"Canada","logo":"https://upload.wikimedia.org/wikipedia/en/thumb/9/9b/Canada_Airways_Logo.svg/Canada.png","slogan":"From Canada","head_quaters":"Toronto, Canadaa","website":"www.canadaairways.com","established":"1997"},{"id":6105,"name":"Canada Airways3","country":"Canada","logo":"https://upload.wikimedia.org/wikipedia/en/thumb/9/9b/Canada_Airways_Logo.svg/Canada.png","slogan":"From Canada","head_quaters":"Toronto, Canadaa","website":"www.canadaairways.com","established":"1997"},{"id":4085,"name":"Canada Airways5","country":"Canada","logo":"https://upload.wikimedia.org/wikipedia/en/thumb/9/9b/Canada_Airways_Logo.svg/Canada.png","slogan":"From Canada","head_quaters":"Toronto, Canadaa","website":"www.canadaairways.com","established":"1997"},{"name":"Sri Lankan Airways","country":"Sri Lanka","logo":"https://upload.wikimedia.org/wikipedia/en/thumb/9/9b/Qatar_Airways_Logo.svg/sri_lanka.png","slogan":"From Sri Lanka","head_quaters":"Katunayake, Sri Lanka","website":"www.srilankaairways.com","established":"1990"},{"name":"Sri Lankan Airways","country":"Sri Lanka","logo":"https://upload.wikimedia.org/wikipedia/en/thumb/9/9b/Qatar_Airways_Logo.svg/sri_lanka.png","slogan":"From Sri Lanka","head_quaters":"Katunayake, Sri Lanka","website":"www.srilankaairways.com","established":"1990"},{"name":"Raghu Air Ways","country":"Sri Lanka","logo":"https://upload.wikimedia.org/wikipedia/en/thumb/9/9b/Qatar_Airways_Logo.svg/sri_lanka.png","slogan":"From Sri Lanka","head_quaters":"Katunayake, Sri Lanka","website":"www.srilankaairways.com","established":"1990"},{"name":"Raghu Air Ways","country":"Sri Lanka","logo":"https://upload.wikimedia.org/wikipedia/en/thumb/9/9b/Qatar_Airways_Logo.svg/sri_lanka.png","slogan":"From Sri Lanka","head_quaters":"Katunayake, Sri Lanka","website":"www.srilankaairways.com","established":"1990"},{"name":"Air Ways","country":"Sri Lanka","logo":"https://upload.wikimedia.org/wikipedia/en/thumb/9/9b/Qatar_Airways_Logo.svg/sri_lanka.png","slogan":"From Sri Lanka","head_quaters":"Katunayake, Sri Lanka","website":"www.srilankaairways.com","established":"1990"},{"id":999123,"name":"Flyuia","country":"Ukrline","logo":"https://www.flyuia.com/assets/img/header/logo-full-white-small.svg","slogan":"We are the best","head_quaters":"We are from Ukrain","website":"https://www.flyuia.com/hu/ru/home","established":"1993"},{"id":99912312312,"name":"Flyuia","country":"Ukrline","logo":"https://www.flyuia.com/assets/img/header/logo-full-white-small.svg","slogan":"We are the best","head_quaters":"We are from Ukrain","website":"https://www.flyuia.com/hu/ru/home","established":"1993"},{"id":null,"name":"Flyuia","country":"Ukrline","logo":"https://www.flyuia.com/assets/img/header/logo-full-white-small.svg","slogan":"We are the best","head_quaters":"We are from Ukraine","website":"https://www.flyuia.com/hu/ru/home","established":"1993"},{"id":null,"name":"Flyuia","country":"Ukrline","logo":"https://www.flyuia.com/assets/img/header/logo-full-white-small.svg","slogan":"We are the best","head_quaters":"We are from Ukraine","website":"https://www.flyuia.com/hu/ru/home","established":"1993"},{"id":123123131313,"name":"Flyuia","country":"Ukrline","logo":"https://www.flyuia.com/assets/img/header/logo-full-white-small.svg","slogan":"We are the best","head_quaters":"We are from Ukraine","website":"https://www.flyuia.com/hu/ru/home","established":"1993"},{"id":null,"name":"Flyuia","country":"Ukrline","logo":"https://www.flyuia.com/assets/img/header/logo-full-white-small.svg","slogan":"We are the best","head_quaters":"We are from Ukraine","website":"https://www.flyuia.com/hu/ru/home","established":"1993"},{"id":null,"name":"Flyuia","country":"Ukrline","logo":"https://www.flyuia.com/assets/img/header/logo-full-white-small.svg","slogan":"We are the best","head_quaters":"We are from Ukraine","website":"https://www.flyuia.com/hu/ru/home","established":"1993"},{"id":1231,"name":"Flyuia","country":"Ukrline","logo":"https://www.flyuia.com/assets/img/header/logo-full-white-small.svg","slogan":"We are the best","head_quaters":"We are from Ukraine","website":"https://www.flyuia.com/hu/ru/home","established":"1993"},{"id":null,"name":"Flyuia","country":"Ukrline","logo":"https://www.flyuia.com/assets/img/header/logo-full-white-small.svg","slogan":"We are the best","head_quaters":"We are from Ukraine","website":"https://www.flyuia.com/hu/ru/home","established":"1993"},{"id":131234123451234,"name":"Flyuia","country":"Ukrline","logo":"https://www.flyuia.com/assets/img/header/logo-full-white-small.svg","slogan":"We are the best","head_quaters":"We are from Ukraine","website":"https://www.flyuia.com/hu/ru/home","established":"1993"},{"id":765,"name":"Canada Airways","country":"Canada","head_quaters":"Toronto","established":"1990"},{"id":767,"name":"Canada Airways","country":"Canada","head_quaters":"Toronto","established":"1990"},{"id":768,"name":"Canada Airways","country":"Canada","head_quaters":"Toronto","established":"1990"},{"id":769,"name":"Canada Airways","country":"Canada","head_quaters":"Toronto","established":"1990"},{"id":790,"name":"Canada Airways","country":"Canada","head_quaters":"Toronto","established":"1990"},{"id":791,"name":"Canada Airways","country":"Canada","head_quaters":"Toronto","established":"1990"},{"id":792,"name":"Canada Airways","country":"Canada","head_quaters":"Toronto","established":"1990"},{"name":"asdasd","website":"https://testing.com","established":"1991"},{"name":"qw","website":"http://hola.com","established":"2022"},{"id":793,"name":"Canada Airways","country":"Canada","head_quaters":"Toronto","established":"1990"},{"id":794,"name":"Canada Airways","country":"Canada","head_quaters":"Toronto","established":"1990"},{"id":795,"name":"Canada Airways","country":"Canada"},{"id":796,"name":"Canada Airways","country":"Canada"},{"id":52390,"name":"canada bGl","country":"Canada"},{"id":73696,"name":"canada nNM","country":"Canada"},{"id":97639,"name":"canada xLN","country":"Canada"},{"id":8276,"name":"canada cSj","country":"Canada"},{"id":73537,"name":"canada bEQ","country":"Canada"},{"id":595,"name":"canada DMY","country":"Canada"},{"id":94013,"name":"canada eqA","country":"Canada"},{"id":73224,"name":"canada Pig","country":"Canada"},{"id":15053,"name":"canada cxN","country":"Canada"},{"id":4881,"name":"canada qxp","country":"Canada"},{"id":67057,"name":"canada Oaa","country":"Canada"},{"id":93635,"name":"canada Cqp","country":"Canada"},{"id":48791,"name":"Canada BVT","country":"Canada"},{"id":2095820168,"name":"Sri Lankan Airways","country":"Sri Lanka","logo":"https://upload.wikimedia.org/wikipedia/en/thumb/9/9b/Qatar_Airways_Logo.svg/sri_lanka.png","slogan":"From Sri Lanka","head_quaters":"Katunayake, Sri Lanka","website":"www.srilankaairways.com","established":"1990"},{"id":230,"name":"Sri Lankan Airways","country":"Sri Lanka","logo":"https://upload.wikimedia.org/wikipedia/en/thumb/9/9b/Qatar_Airways_Logo.svg/sri_lanka.png","slogan":"From Sri Lanka","head_quaters":"Katunayake, Sri Lanka","website":"www.jj8qg230.com","established":"1990"},{"id":1173312008,"name":"Sri Lankan Airways","country":"Sri Lanka","logo":"https://upload.wikimedia.org/wikipedia/en/thumb/9/9b/Qatar_Airways_Logo.svg/sri_lanka.png","slogan":"From Sri Lanka","head_quaters":"Katunayake, Sri Lanka","website":"www.srilankaairways.com","established":"1990"},{"id":107,"name":"test","country":"test","logo":"test","slogan":"test","head_quaters":"test","website":"test","established":"test"},{"id":104,"name":"test","country":"test","logo":"test","slogan":"test","head_quaters":"test","website":"test","established":"test"},{"id":106,"name":"test","country":"test","logo":"test","slogan":"test","head_quaters":"test","website":"test","established":"test"},{"id":108,"name":"RENUKA","country":"test","logo":"tst","slogan":"tst","head_quaters":"tst","website":"localhost:8080/index.html?profile=Responsive","established":"tst"},{"id":812,"name":"Sri Lankan Airways","country":"Sri Lanka","logo":"https://upload.wikimedia.org/wikipedia/en/thumb/9/9b/Qatar_Airways_Logo.svg/sri_lanka.png","slogan":"From Sri Lanka","head_quaters":"Katunayake, Sri Lanka","website":"www.gil0t812.com","established":"1990"},{"id":763,"name":"Sri Lankan Airways","country":"Sri Lanka","logo":"https://upload.wikimedia.org/wikipedia/en/thumb/9/9b/Qatar_Airways_Logo.svg/sri_lanka.png","slogan":"From Sri Lanka","head_quaters":"Katunayake, Sri Lanka","website":"www.1y2e7763.com","established":"1990"},{"id":541,"name":"Sri Lankan Airways","country":"Sri Lanka","logo":"https://upload.wikimedia.org/wikipedia/en/thumb/9/9b/Qatar_Airways_Logo.svg/sri_lanka.png","slogan":"From Sri Lanka","head_quaters":"Katunayake, Sri Lanka","website":"www.d8nbk541.com","established":"1990"},{"id":965,"name":"Sri Lankan Airways","country":"Sri Lanka","logo":"https://upload.wikimedia.org/wikipedia/en/thumb/9/9b/Qatar_Airways_Logo.svg/sri_lanka.png","slogan":"From Sri Lanka","head_quaters":"Katunayake, Sri Lanka","website":"www.iahtw965.com","established":"1990"},{"id":983,"name":"Sri Lankan Airways","country":"Sri Lanka","logo":"https://upload.wikimedia.org/wikipedia/en/thumb/9/9b/Qatar_Airways_Logo.svg/sri_lanka.png","slogan":"From Sri Lanka","head_quaters":"Katunayake, Sri Lanka","website":"www.o1hig983.com","established":"1990"},{"id":523,"name":"Sri Lankan Airways","country":"Sri Lanka","logo":"https://upload.wikimedia.org/wikipedia/en/thumb/9/9b/Qatar_Airways_Logo.svg/sri_lanka.png","slogan":"From Sri Lanka","head_quaters":"Katunayake, Sri Lanka","website":"www.h0prh523.com","established":"1990"},{"name":"Sri Lankan Airways","country":"Sri Lanka","logo":"https://upload.wikimedia.org/wikipedia/en/thumb/9/9b/Qatar_Airways_Logo.svg/sri_lanka.png","slogan":"From Sri Lanka","head_quaters":"Katunayake, Sri Lanka","website":"www.srilankaairways.com","established":"1990"},{"name":"Sri Lankan Airways","country":"Sri Lanka","logo":"https://upload.wikimedia.org/wikipedia/en/thumb/9/9b/Qatar_Airways_Logo.svg/sri_lanka.png","slogan":"From Sri Lanka","head_quaters":"Katunayake, Sri Lanka","website":"www.srilankaairways.com","established":"1990"},{"name":"Sri Lankan Airways","country":"Sri Lanka","logo":"https://upload.wikimedia.org/wikipedia/en/thumb/9/9b/Qatar_Airways_Logo.svg/sri_lanka.png","slogan":"From Sri Lanka","head_quaters":"Katunayake, Sri Lanka","website":"www.srilankaairways.com","established":"1990"},{"name":"Sri Lankan Airways","country":"Sri Lanka","logo":"https://upload.wikimedia.org/wikipedia/en/thumb/9/9b/Qatar_Airways_Logo.svg/sri_lanka.png","slogan":"From Sri Lanka","head_quaters":"Katunayake, Sri Lanka","website":"www.srilankaairways.com","established":"1990"},{"name":"Sri Lankan Airways","country":"Sri Lanka","logo":"https://upload.wikimedia.org/wikipedia/en/thumb/9/9b/Qatar_Airways_Logo.svg/sri_lanka.png","slogan":"From Sri Lanka","head_quaters":"Katunayake, Sri Lanka","website":"www.srilankaairways.com","established":"1990"},{"name":"Sri Lankan Airways","country":"Sri Lanka","logo":"https://upload.wikimedia.org/wikipedia/en/thumb/9/9b/Qatar_Airways_Logo.svg/sri_lanka.png","slogan":"From Sri Lanka","head_quaters":"Katunayake, Sri Lanka","website":"www.srilankaairways.com","established":"1990"},{"name":"Sri Lankan Airways","country":"Sri Lanka","logo":"https://upload.wikimedia.org/wikipedia/en/thumb/9/9b/Qatar_Airways_Logo.svg/sri_lanka.png","slogan":"From Sri Lanka","head_quaters":"Katunayake, Sri Lanka","website":"www.srilankaairways.com","established":"1990"},{"name":"Sri Lankan Airways","country":"Sri Lanka","logo":"https://upload.wikimedia.org/wikipedia/en/thumb/9/9b/Qatar_Airways_Logo.svg/sri_lanka.png","slogan":"From Sri Lanka","head_quaters":"Katunayake, Sri Lanka","website":"www.srilankaairways.com","established":"1990"},{"name":"Sri Lankan Airways","country":"Sri Lanka","logo":"https://upload.wikimedia.org/wikipedia/en/thumb/9/9b/Qatar_Airways_Logo.svg/sri_lanka.png","slogan":"From Sri Lanka","head_quaters":"Katunayake, Sri Lanka","website":"www.srilankaairways.com","established":"1990"},{"name":"Sri Lankan Airways","country":"Sri Lanka","logo":"https://upload.wikimedia.org/wikipedia/en/thumb/9/9b/Qatar_Airways_Logo.svg/sri_lanka.png","slogan":"From Sri Lanka","head_quaters":"Katunayake, Sri Lanka","website":"www.srilankaairways.com","established":"1990"},{"name":"Sri Lankan Airways","country":"Sri Lanka","logo":"https://upload.wikimedia.org/wikipedia/en/thumb/9/9b/Qatar_Airways_Logo.svg/sri_lanka.png","slogan":"From Sri Lanka","head_quaters":"Katunayake, Sri Lanka","website":"www.srilankaairways.com","established":"1990"},{"name":"Sri Lankan Airways","country":"Sri Lanka","logo":"https://upload.wikimedia.org/wikipedia/en/thumb/9/9b/Qatar_Airways_Logo.svg/sri_lanka.png","slogan":"From Sri Lanka","head_quaters":"Katunayake, Sri Lanka","website":"www.srilankaairways.com","established":"1990"},{"name":"Sri Lankan Airways","country":"Sri Lanka","logo":"https://upload.wikimedia.org/wikipedia/en/thumb/9/9b/Qatar_Airways_Logo.svg/sri_lanka.png","slogan":"From Sri Lanka","head_quaters":"Katunayake, Sri Lanka","website":"www.srilankaairways.com","established":"1990"},{"name":"Sri Lankan Airways","country":"Sri Lanka","logo":"https://upload.wikimedia.org/wikipedia/en/thumb/9/9b/Qatar_Airways_Logo.svg/sri_lanka.png","slogan":"From Sri Lanka","head_quaters":"Katunayake, Sri Lanka","website":"www.srilankaairways.com","established":"1990"},{"name":"Sri Lankan Airways","country":"Sri Lanka","logo":"https://upload.wikimedia.org/wikipedia/en/thumb/9/9b/Qatar_Airways_Logo.svg/sri_lanka.png","slogan":"From Sri Lanka","head_quaters":"Katunayake, Sri Lanka","website":"www.srilankaairways.com","established":"1990"},{"name":"Sri Lankan Airways","country":"Sri Lanka","logo":"https://upload.wikimedia.org/wikipedia/en/thumb/9/9b/Qatar_Airways_Logo.svg/sri_lanka.png","slogan":"From Sri Lanka","head_quaters":"Katunayake, Sri Lanka","website":"www.srilankaairways.com","established":"1990"},{"name":"Sri Lankan Airways","country":"Sri Lanka","logo":"https://upload.wikimedia.org/wikipedia/en/thumb/9/9b/Qatar_Airways_Logo.svg/sri_lanka.png","slogan":"From Sri Lanka","head_quaters":"Katunayake, Sri Lanka","website":"www.srilankaairways.com","established":"1990"},{"name":"Sri Lankan Airways","country":"Sri Lanka","logo":"https://upload.wikimedia.org/wikipedia/en/thumb/9/9b/Qatar_Airways_Logo.svg/sri_lanka.png","slogan":"From Sri Lanka","head_quaters":"Katunayake, Sri Lanka","website":"www.srilankaairways.com","established":"1990"},{"name":"Sri Lankan Airways","country":"Sri Lanka","logo":"https://upload.wikimedia.org/wikipedia/en/thumb/9/9b/Qatar_Airways_Logo.svg/sri_lanka.png","slogan":"From Sri Lanka","head_quaters":"Katunayake, Sri Lanka","website":"www.srilankaairways.com","established":"1990"},{"name":"Sri Lankan Airways","country":"Sri Lanka","logo":"https://upload.wikimedia.org/wikipedia/en/thumb/9/9b/Qatar_Airways_Logo.svg/sri_lanka.png","slogan":"From Sri Lanka","head_quaters":"Katunayake, Sri Lanka","website":"www.srilankaairways.com","established":"1990"},{"name":"Sri Lankan Airways","country":"Sri Lanka","logo":"https://upload.wikimedia.org/wikipedia/en/thumb/9/9b/Qatar_Airways_Logo.svg/sri_lanka.png","slogan":"From Sri Lanka","head_quaters":"Katunayake, Sri Lanka","website":"www.srilankaairways.com","established":"1990"},{"name":"Sri Lankan Airways","country":"Sri Lanka","logo":"https://upload.wikimedia.org/wikipedia/en/thumb/9/9b/Qatar_Airways_Logo.svg/sri_lanka.png","slogan":"From Sri Lanka","head_quaters":"Katunayake, Sri Lanka","website":"www.srilankaairways.com","established":"1990"},{"name":"Sri Lankan Airways","country":"Sri Lanka","logo":"https://upload.wikimedia.org/wikipedia/en/thumb/9/9b/Qatar_Airways_Logo.svg/sri_lanka.png","slogan":"From Sri Lanka","head_quaters":"Katunayake, Sri Lanka","website":"www.srilankaairways.com","established":"1990"},{"id":1212,"name":"G0Air","country":"India","logo":"https://upload.wikimedia.org/wikipedia/en/thumb/9/9b/Qatar_Airways_Logo.sv/sri_lanka.png","slogan":"WIngs are better then wheels","head_quaters":"India","website":"www.GoAir.com","established":"1922"},{"id":12123,"name":"GoAir","country":"India","logo":"https://upload.wikimedia.org/wikipedia/en/thumb/9/9b/Qatar_Airways_Logo.sv/sri_lanka.png","slogan":"WIngs are better then wheels","head_quaters":"India","website":"www.GoAir.com","established":"1922"},{"id":12124,"name":"GoAir","country":"India","logo":"https://upload.wikimedia.org/wikipedia/en/thumb/9/9b/Qatar_Airways_Logo.sv/sri_lanka.png","slogan":"WIngs are better then wheels","head_quaters":"India","website":"www.GoAir.com","established":"1922"},{"id":12125,"name":"GoAir","country":"India","logo":"https://upload.wikimedia.org/wikipedia/en/thumb/9/9b/Qatar_Airways_Logo.sv/sri_lanka.png","slogan":"WIngs are better then wheels","head_quaters":"India","website":"www.GoAir.com","established":"1922"},{"id":12126,"name":"GoAir","country":"India","logo":"https://upload.wikimedia.org/wikipedia/en/thumb/9/9b/Qatar_Airways_Logo.sv/sri_lanka.png","slogan":"WIngs are better then wheels","head_quaters":"India","website":"www.GoAir.com","established":"1922"},{"id":1000000,"name":"Sri Lankan Airways","country":"Sri Lanka","logo":"https://upload.wikimedia.org/wikipedia/en/thumb/9/9b/Qatar_Airways_Logo.svg/sri_lanka.png","slogan":"From Sri Lanka","head_quaters":"Katunayake, Sri Lanka","website":"www.srilankaairways.com","established":"1990"},{"id":12127,"name":"GoAir","country":"India","logo":"https://upload.wikimedia.org/wikipedia/en/thumb/9/9b/Qatar_Airways_Logo.sv/sri_lanka.png","slogan":"WIngs are better then wheels","head_quaters":"India","website":"www.GoAir.com","established":"1922"},{"id":12128,"name":"GoAir","country":"India","logo":"https://upload.wikimedia.org/wikipedia/en/thumb/9/9b/Qatar_Airways_Logo.sv/sri_lanka.png","slogan":"WIngs are better then wheels","head_quaters":"India","website":"www.GoAir.com","established":"1922"},{"id":871,"name":"Sri Lankan Airways","country":"Sri Lanka","logo":"https://upload.wikimedia.org/wikipedia/en/thumb/9/9b/Qatar_Airways_Logo.svg/sri_lanka.png","slogan":"From Sri Lanka","head_quaters":"Katunayake, Sri Lanka","website":"www.3t9xx871.com","established":"1990"},{"id":773,"name":"Sri Lankan Airways","country":"Sri Lanka","logo":"https://upload.wikimedia.org/wikipedia/en/thumb/9/9b/Qatar_Airways_Logo.svg/sri_lanka.png","slogan":"From Sri Lanka","head_quaters":"Katunayake, Sri Lanka","website":"www.fl1bk773.com","established":"1990"},{"id":23,"name":"3ebo air zft","country":"om l donia","logo":"https://upload.wikimedia.org/wikipedia/en/thumb/9/9b/Qatar_Airways_Logo.svg/sri_lanka.png","slogan":"gameeeed","head_quaters":"Katunayake, Sri Lanka","website":"www.masr.com","established":"0100"},{"id":14809,"name":"3ebo air zft","country":"om l donia","logo":"https://upload.wikimedia.org/wikipedia/en/thumb/9/9b/Qatar_Airways_Logo.svg/sri_lanka.png","slogan":"gameeeed","head_quaters":"Katunayake, Sri Lanka","website":"www.masr.com","established":"0100"},{"id":348,"name":"Sri Lankan Airways","country":"Sri Lanka","logo":"https://upload.wikimedia.org/wikipedia/en/thumb/9/9b/Qatar_Airways_Logo.svg/sri_lanka.png","slogan":"From Sri Lanka","head_quaters":"Katunayake, Sri Lanka","website":"www.e9x61348.com","established":"1990"},{"id":22,"name":"Garuda Indonesia","country":"Indonesia","logo":"https://upload.wikimedia.org/wikipedia/en/thumb/9/9b/Qatar_Airways_Logo.svg/sri_lanka.png","slogan":"Wonderful Indonesia","head_quaters":"Jakarta, Indonesia","website":"www.garudaindonesia.com","established":"1980"},{"id":82347,"name":"Sri Lankan Airways","country":"Sri Lanka","logo":"https://upload.wikimedia.org/wikipedia/en/thumb/9/9b/Qatar_Airways_Logo.svg/sri_lanka.png","slogan":"From Sri Lanka","head_quaters":"Katunayake, Sri Lanka","website":"www.srilankaairways.com","established":"1990"},{"id":567123,"name":"Sri Lankan Airways","country":"Sri Lanka","logo":"https://upload.wikimedia.org/wikipedia/en/thumb/9/9b/Qatar_Airways_Logo.svg/sri_lanka.png","slogan":"From Sri Lanka","head_quaters":"Katunayake, Sri Lanka","website":"www.srilankaairways.com","established":"1990"},{"id":3766,"name":"Garuda Indonesia","country":"Indonesia","logo":"https://upload.wikimedia.org/wikipedia/en/thumb/9/9b/Qatar_Airways_Logo.svg/sri_lanka.png","slogan":"Wonderful Indonesia","head_quaters":"Jakarta, Indonesia","website":"www.garudaindonesia.com","established":"1980"},{"id":8737,"name":"Garuda Indonesia","country":"Indonesia","logo":"https://upload.wikimedia.org/wikipedia/en/thumb/9/9b/Qatar_Airways_Logo.svg/sri_lanka.png","slogan":"Wonderful Indonesia","head_quaters":"Jakarta, Indonesia","website":"www.garudaindonesia.com","established":"1980"},{"id":8753,"name":"Garuda Indonesia","country":"Indonesia","logo":"https://upload.wikimedia.org/wikipedia/en/thumb/9/9b/Qatar_Airways_Logo.svg/sri_lanka.png","slogan":"Wonderful Indonesia","head_quaters":"Jakarta, Indonesia","website":"www.garudaindonesia.com","established":"1980"},{"id":3478,"name":"Garuda Indonesia","country":"Indonesia","logo":"https://upload.wikimedia.org/wikipedia/en/thumb/9/9b/Qatar_Airways_Logo.svg/sri_lanka.png","slogan":"Wonderful Indonesia","head_quaters":"Jakarta, Indonesia","website":"www.garudaindonesia.com","established":"1980"},{"id":6972,"name":"Garuda Indonesia","country":"Indonesia","logo":"https://upload.wikimedia.org/wikipedia/en/thumb/9/9b/Qatar_Airways_Logo.svg/sri_lanka.png","slogan":"Wonderful Indonesia","head_quaters":"Jakarta, Indonesia","website":"www.garudaindonesia.com","established":"1980"},{"id":1401,"name":"Garuda Indonesia","country":"Indonesia","logo":"https://upload.wikimedia.org/wikipedia/en/thumb/9/9b/Qatar_Airways_Logo.svg/sri_lanka.png","slogan":"Wonderful Indonesia","head_quaters":"Jakarta, Indonesia","website":"www.garudaindonesia.com","established":"1980"},{"id":2748,"name":"Garuda Indonesia","country":"Indonesia","logo":"https://upload.wikimedia.org/wikipedia/en/thumb/9/9b/Qatar_Airways_Logo.svg/sri_lanka.png","slogan":"Wonderful Indonesia","head_quaters":"Jakarta, Indonesia","website":"www.garudaindonesia.com","established":"1980"},{"id":7787,"name":"Garuda Indonesia","country":"Indonesia","logo":"https://upload.wikimedia.org/wikipedia/en/thumb/9/9b/Qatar_Airways_Logo.svg/sri_lanka.png","slogan":"Wonderful Indonesia","head_quaters":"Jakarta, Indonesia","website":"www.garudaindonesia.com","established":"1980"},{"id":7665,"name":"Garuda Indonesia","country":"Indonesia","logo":"https://upload.wikimedia.org/wikipedia/en/thumb/9/9b/Qatar_Airways_Logo.svg/sri_lanka.png","slogan":"Wonderful Indonesia","head_quaters":"Jakarta, Indonesia","website":"www.garudaindonesia.com","established":"1980"},{"id":4025,"name":"Sri Lankan Airways","country":"Sri Lanka","logo":"https://upload.wikimedia.org/wikipedia/en/thumb/9/9b/Qatar_Airways_Logo.svg/sri_lanka.png","slogan":"From Sri Lanka","head_quaters":"Katunayake, Sri Lanka","website":"www.srilankaairways.com","established":"1990"},{"id":5714,"name":"Sri Lankan Airways","country":"Sri Lanka","logo":"https://upload.wikimedia.org/wikipedia/en/thumb/9/9b/Qatar_Airways_Logo.svg/sri_lanka.png","slogan":"From Sri Lanka","head_quaters":"Katunayake, Sri Lanka","website":"www.srilankaairways.com","established":"1990"},{"id":8504,"name":"Sri Lankan Airways","country":"Sri Lanka","logo":"https://upload.wikimedia.org/wikipedia/en/thumb/9/9b/Qatar_Airways_Logo.svg/sri_lanka.png","slogan":"From Sri Lanka","head_quaters":"Katunayake, Sri Lanka","website":"www.srilankaairways.com","established":"1990"},{"id":3972,"name":"Sri Lankan Airways","country":"Sri Lanka","logo":"https://upload.wikimedia.org/wikipedia/en/thumb/9/9b/Qatar_Airways_Logo.svg/sri_lanka.png","slogan":"From Sri Lanka","head_quaters":"Katunayake, Sri Lanka","website":"www.srilankaairways.com","established":"1990"},{"id":8819,"name":"Sri Lankan Airways","country":"Sri Lanka","logo":"https://upload.wikimedia.org/wikipedia/en/thumb/9/9b/Qatar_Airways_Logo.svg/sri_lanka.png","slogan":"From Sri Lanka","head_quaters":"Katunayake, Sri Lanka","website":"www.srilankaairways.com","established":"1990"},{"id":4781,"name":"Sri Lankan Airways","country":"Sri Lanka","logo":"https://upload.wikimedia.org/wikipedia/en/thumb/9/9b/Qatar_Airways_Logo.svg/sri_lanka.png","slogan":"From Sri Lanka","head_quaters":"Katunayake, Sri Lanka","website":"www.srilankaairways.com","established":"1990"},{"id":9164,"name":"Sri Lankan Airways","country":"Sri Lanka","logo":"https://upload.wikimedia.org/wikipedia/en/thumb/9/9b/Qatar_Airways_Logo.svg/sri_lanka.png","slogan":"From Sri Lanka","head_quaters":"Katunayake, Sri Lanka","website":"www.srilankaairways.com","established":"1990"},{"id":9990,"name":"Sri Lankan Airways","country":"Sri Lanka","logo":"https://upload.wikimedia.org/wikipedia/en/thumb/9/9b/Qatar_Airways_Logo.svg/sri_lanka.png","slogan":"From Sri Lanka","head_quaters":"Katunayake, Sri Lanka","website":"www.srilankaairways.com","established":"1990"},{"id":1792,"name":"Sri Lankan Airways","country":"Sri Lanka","logo":"https://upload.wikimedia.org/wikipedia/en/thumb/9/9b/Qatar_Airways_Logo.svg/sri_lanka.png","slogan":"From Sri Lanka","head_quaters":"Katunayake, Sri Lanka","website":"www.srilankaairways.com","established":"1990"},{"id":1177,"name":"Sri Lankan Airways","country":"Sri Lanka","logo":"https://upload.wikimedia.org/wikipedia/en/thumb/9/9b/Qatar_Airways_Logo.svg/sri_lanka.png","slogan":"From Sri Lanka","head_quaters":"Katunayake, Sri Lanka","website":"www.srilankaairways.com","established":"1990"},{"id":4148,"name":"Sri Lankan Airways","country":"Sri Lanka","logo":"https://upload.wikimedia.org/wikipedia/en/thumb/9/9b/Qatar_Airways_Logo.svg/sri_lanka.png","slogan":"From Sri Lanka","head_quaters":"Katunayake, Sri Lanka","website":"www.srilankaairways.com","established":"1990"},{"id":4737,"name":"Sri Lankan Airways","country":"Sri Lanka","logo":"https://upload.wikimedia.org/wikipedia/en/thumb/9/9b/Qatar_Airways_Logo.svg/sri_lanka.png","slogan":"From Sri Lanka","head_quaters":"Katunayake, Sri Lanka","website":"www.srilankaairways.com","established":"1990"},{"id":249,"name":"Sri Lankan Airways","country":"Sri Lanka","logo":"https://upload.wikimedia.org/wikipedia/en/thumb/9/9b/Qatar_Airways_Logo.svg/sri_lanka.png","slogan":"From Sri Lanka","head_quaters":"Katunayake, Sri Lanka","website":"www.srilankaairways.com","established":"1990"},{"id":7735,"name":"Sri Lankan Airways","country":"Sri Lanka","logo":"https://upload.wikimedia.org/wikipedia/en/thumb/9/9b/Qatar_Airways_Logo.svg/sri_lanka.png","slogan":"From Sri Lanka","head_quaters":"Katunayake, Sri Lanka","website":"www.srilankaairways.com","established":"1990"},{"id":9520,"name":"Sri Lankan Airways","country":"Sri Lanka","logo":"https://upload.wikimedia.org/wikipedia/en/thumb/9/9b/Qatar_Airways_Logo.svg/sri_lanka.png","slogan":"From Sri Lanka","head_quaters":"Katunayake, Sri Lanka","website":"www.srilankaairways.com","established":"1990"},{"id":2229,"name":"Sri Lankan Airways","country":"Sri Lanka","logo":"https://upload.wikimedia.org/wikipedia/en/thumb/9/9b/Qatar_Airways_Logo.svg/sri_lanka.png","slogan":"From Sri Lanka","head_quaters":"Katunayake, Sri Lanka","website":"www.srilankaairways.com","established":"1990"},{"id":1887,"name":"Sri Lankan Airways","country":"Sri Lanka","logo":"https://upload.wikimedia.org/wikipedia/en/thumb/9/9b/Qatar_Airways_Logo.svg/sri_lanka.png","slogan":"From Sri Lanka","head_quaters":"Katunayake, Sri Lanka","website":"www.srilankaairways.com","established":"1990"},{"id":1521,"name":"Sri Lankan Airways","country":"Sri Lanka","logo":"https://upload.wikimedia.org/wikipedia/en/thumb/9/9b/Qatar_Airways_Logo.svg/sri_lanka.png","slogan":"From Sri Lanka","head_quaters":"Katunayake, Sri Lanka","website":"www.srilankaairways.com","established":"1990"},{"id":3134,"name":"Sri Lankan Airways","country":"Sri Lanka","logo":"https://upload.wikimedia.org/wikipedia/en/thumb/9/9b/Qatar_Airways_Logo.svg/sri_lanka.png","slogan":"From Sri Lanka","head_quaters":"Katunayake, Sri Lanka","website":"www.srilankaairways.com","established":"1990"},{"id":5416,"name":"Sri Lankan Airways","country":"Sri Lanka","logo":"https://upload.wikimedia.org/wikipedia/en/thumb/9/9b/Qatar_Airways_Logo.svg/sri_lanka.png","slogan":"From Sri Lanka","head_quaters":"Katunayake, Sri Lanka","website":"www.srilankaairways.com","established":"1990"},{"id":8009,"name":"Sri Lankan Airways","country":"Sri Lanka","logo":"https://upload.wikimedia.org/wikipedia/en/thumb/9/9b/Qatar_Airways_Logo.svg/sri_lanka.png","slogan":"From Sri Lanka","head_quaters":"Katunayake, Sri Lanka","website":"www.srilankaairways.com","established":"1990"},{"id":8490,"name":"Sri Lankan Airways","country":"Sri Lanka","logo":"https://upload.wikimedia.org/wikipedia/en/thumb/9/9b/Qatar_Airways_Logo.svg/sri_lanka.png","slogan":"From Sri Lanka","head_quaters":"Katunayake, Sri Lanka","website":"www.srilankaairways.com","established":"1990"},{"id":287,"name":"Sri Lankan Airways","country":"Sri Lanka","logo":"https://upload.wikimedia.org/wikipedia/en/thumb/9/9b/Qatar_Airways_Logo.svg/sri_lanka.png","slogan":"From Sri Lanka","head_quaters":"Katunayake, Sri Lanka","website":"www.srilankaairways.com","established":"1990"},{"id":4739,"name":"Sri Lankan Airways","country":"Sri Lanka","logo":"https://upload.wikimedia.org/wikipedia/en/thumb/9/9b/Qatar_Airways_Logo.svg/sri_lanka.png","slogan":"From Sri Lanka","head_quaters":"Katunayake, Sri Lanka","website":"www.srilankaairways.com","established":"1990"},{"id":5743,"name":"Sri Lankan Airways","country":"Sri Lanka","logo":"https://upload.wikimedia.org/wikipedia/en/thumb/9/9b/Qatar_Airways_Logo.svg/sri_lanka.png","slogan":"From Sri Lanka","head_quaters":"Katunayake, Sri Lanka","website":"www.srilankaairways.com","established":"1990"},{"id":3903,"name":"Sri Lankan Airways","country":"Sri Lanka","logo":"https://upload.wikimedia.org/wikipedia/en/thumb/9/9b/Qatar_Airways_Logo.svg/sri_lanka.png","slogan":"From Sri Lanka","head_quaters":"Katunayake, Sri Lanka","website":"www.srilankaairways.com","established":"1990"},{"id":5353,"name":"Sri Lankan Airways","country":"Sri Lanka","logo":"https://upload.wikimedia.org/wikipedia/en/thumb/9/9b/Qatar_Airways_Logo.svg/sri_lanka.png","slogan":"From Sri Lanka","head_quaters":"Katunayake, Sri Lanka","website":"www.srilankaairways.com","established":"1990"},{"id":5578,"name":"Sri Lankan Airways","country":"Sri Lanka","logo":"https://upload.wikimedia.org/wikipedia/en/thumb/9/9b/Qatar_Airways_Logo.svg/sri_lanka.png","slogan":"From Sri Lanka","head_quaters":"Katunayake, Sri Lanka","website":"www.srilankaairways.com","established":"1990"},{"id":4278,"name":"Sri Lankan Airways","country":"Sri Lanka","logo":"https://upload.wikimedia.org/wikipedia/en/thumb/9/9b/Qatar_Airways_Logo.svg/sri_lanka.png","slogan":"From Sri Lanka","head_quaters":"Katunayake, Sri Lanka","website":"www.srilankaairways.com","established":"1990"},{"id":4614,"name":"Sri Lankan Airways","country":"Sri Lanka","logo":"https://upload.wikimedia.org/wikipedia/en/thumb/9/9b/Qatar_Airways_Logo.svg/sri_lanka.png","slogan":"From Sri Lanka","head_quaters":"Katunayake, Sri Lanka","website":"www.srilankaairways.com","established":"1990"},{"id":5132,"name":"Garuda Indonesia","country":"Indonesia","logo":"https://upload.wikimedia.org/wikipedia/en/thumb/9/9b/Qatar_Airways_Logo.svg/sri_lanka.png","slogan":"Wonderful Indonesia","head_quaters":"Jakarta, Indonesia","website":"www.garudaindonesia.com","established":"1980"},{"id":4300,"name":"Garuda Indonesia","country":"Indonesia","logo":"https://upload.wikimedia.org/wikipedia/en/thumb/9/9b/Qatar_Airways_Logo.svg/sri_lanka.png","slogan":"Wonderful Indonesia","head_quaters":"Jakarta, Indonesia","website":"www.garudaindonesia.com","established":"1980"},{"id":1822,"name":"Garuda Indonesia","country":"Indonesia","logo":"https://upload.wikimedia.org/wikipedia/en/thumb/9/9b/Qatar_Airways_Logo.svg/sri_lanka.png","slogan":"Wonderful Indonesia","head_quaters":"Jakarta, Indonesia","website":"www.garudaindonesia.com","established":"1980"},{"id":7287,"name":"Garuda Indonesia","country":"Indonesia","logo":"https://upload.wikimedia.org/wikipedia/en/thumb/9/9b/Qatar_Airways_Logo.svg/sri_lanka.png","slogan":"Wonderful Indonesia","head_quaters":"Jakarta, Indonesia","website":"www.garudaindonesia.com","established":"1980"},{"id":421,"name":"Garuda Indonesia","country":"Indonesia","logo":"https://upload.wikimedia.org/wikipedia/en/thumb/9/9b/Qatar_Airways_Logo.svg/sri_lanka.png","slogan":"Wonderful Indonesia","head_quaters":"Jakarta, Indonesia","website":"www.garudaindonesia.com","established":"1980"},{"id":7252,"name":"Garuda Indonesia","country":"Indonesia","logo":"https://upload.wikimedia.org/wikipedia/en/thumb/9/9b/Qatar_Airways_Logo.svg/sri_lanka.png","slogan":"Wonderful Indonesia","head_quaters":"Jakarta, Indonesia","website":"www.garudaindonesia.com","established":"1980"},{"id":6207,"name":"Garuda Indonesia","country":"Indonesia","logo":"https://upload.wikimedia.org/wikipedia/en/thumb/9/9b/Qatar_Airways_Logo.svg/sri_lanka.png","slogan":"Wonderful Indonesia","head_quaters":"Jakarta, Indonesia","website":"www.garudaindonesia.com","established":"1980"},{"id":5190,"name":"Garuda Indonesia","country":"Indonesia","logo":"https://upload.wikimedia.org/wikipedia/en/thumb/9/9b/Qatar_Airways_Logo.svg/sri_lanka.png","slogan":"Wonderful Indonesia","head_quaters":"Jakarta, Indonesia","website":"www.garudaindonesia.com","established":"1980"},{"id":2407,"name":"Garuda Indonesia","country":"Indonesia","logo":"https://upload.wikimedia.org/wikipedia/en/thumb/9/9b/Qatar_Airways_Logo.svg/sri_lanka.png","slogan":"Wonderful Indonesia","head_quaters":"Jakarta, Indonesia","website":"www.garudaindonesia.com","established":"1980"},{"id":1952,"name":"Garuda Indonesia","country":"Indonesia","logo":"https://upload.wikimedia.org/wikipedia/en/thumb/9/9b/Qatar_Airways_Logo.svg/sri_lanka.png","slogan":"Wonderful Indonesia","head_quaters":"Jakarta, Indonesia","website":"www.garudaindonesia.com","established":"1980"},{"id":6113,"name":"Sri Lankan Airways","country":"Sri Lanka","logo":"https://upload.wikimedia.org/wikipedia/en/thumb/9/9b/Qatar_Airways_Logo.svg/sri_lanka.png","slogan":"From Sri Lanka","head_quaters":"Katunayake, Sri Lanka","website":"www.srilankaairways.com","established":"1990"},{"id":2119,"name":"Sri Lankan Airways","country":"Sri Lanka","logo":"https://upload.wikimedia.org/wikipedia/en/thumb/9/9b/Qatar_Airways_Logo.svg/sri_lanka.png","slogan":"From Sri Lanka","head_quaters":"Katunayake, Sri Lanka","website":"www.srilankaairways.com","established":"1990"},{"id":7599,"name":"Sri Lankan Airways","country":"Sri Lanka","logo":"https://upload.wikimedia.org/wikipedia/en/thumb/9/9b/Qatar_Airways_Logo.svg/sri_lanka.png","slogan":"From Sri Lanka","head_quaters":"Katunayake, Sri Lanka","website":"www.srilankaairways.com","established":"1990"},{"id":8000,"name":"Sri Lankan Airways","country":"Sri Lanka","logo":"https://upload.wikimedia.org/wikipedia/en/thumb/9/9b/Qatar_Airways_Logo.svg/sri_lanka.png","slogan":"From Sri Lanka","head_quaters":"Katunayake, Sri Lanka","website":"www.srilankaairways.com","established":"1990"},{"id":8351,"name":"Sri Lankan Airways","country":"Sri Lanka","logo":"https://upload.wikimedia.org/wikipedia/en/thumb/9/9b/Qatar_Airways_Logo.svg/sri_lanka.png","slogan":"From Sri Lanka","head_quaters":"Katunayake, Sri Lanka","website":"www.srilankaairways.com","established":"1990"},{"id":8114,"name":"Sri Lankan Airways","country":"Sri Lanka","logo":"https://upload.wikimedia.org/wikipedia/en/thumb/9/9b/Qatar_Airways_Logo.svg/sri_lanka.png","slogan":"From Sri Lanka","head_quaters":"Katunayake, Sri Lanka","website":"www.srilankaairways.com","established":"1990"},{"id":4857,"name":"Sri Lankan Airways","country":"Sri Lanka","logo":"https://upload.wikimedia.org/wikipedia/en/thumb/9/9b/Qatar_Airways_Logo.svg/sri_lanka.png","slogan":"From Sri Lanka","head_quaters":"Katunayake, Sri Lanka","website":"www.srilankaairways.com","established":"1990"},{"id":176,"name":"Sri Lankan Airways","country":"Sri Lanka","logo":"https://upload.wikimedia.org/wikipedia/en/thumb/9/9b/Qatar_Airways_Logo.svg/sri_lanka.png","slogan":"From Sri Lanka","head_quaters":"Katunayake, Sri Lanka","website":"www.srilankaairways.com","established":"1990"},{"id":6099,"name":"Sri Lankan Airways","country":"Sri Lanka","logo":"https://upload.wikimedia.org/wikipedia/en/thumb/9/9b/Qatar_Airways_Logo.svg/sri_lanka.png","slogan":"From Sri Lanka","head_quaters":"Katunayake, Sri Lanka","website":"www.srilankaairways.com","established":"1990"},{"id":5195,"name":"Sri Lankan Airways","country":"Sri Lanka","logo":"https://upload.wikimedia.org/wikipedia/en/thumb/9/9b/Qatar_Airways_Logo.svg/sri_lanka.png","slogan":"From Sri Lanka","head_quaters":"Katunayake, Sri Lanka","website":"www.srilankaairways.com","established":"1990"},{"id":7480,"name":"Sri Lankan Airways","country":"Sri Lanka","logo":"https://upload.wikimedia.org/wikipedia/en/thumb/9/9b/Qatar_Airways_Logo.svg/sri_lanka.png","slogan":"From Sri Lanka","head_quaters":"Katunayake, Sri Lanka","website":"www.srilankaairways.com","established":"1990"},{"id":3197,"name":"Sri Lankan Airways","country":"Sri Lanka","logo":"https://upload.wikimedia.org/wikipedia/en/thumb/9/9b/Qatar_Airways_Logo.svg/sri_lanka.png","slogan":"From Sri Lanka","head_quaters":"Katunayake, Sri Lanka","website":"www.srilankaairways.com","established":"1990"},{"id":4585,"name":"Sri Lankan Airways","country":"Sri Lanka","logo":"https://upload.wikimedia.org/wikipedia/en/thumb/9/9b/Qatar_Airways_Logo.svg/sri_lanka.png","slogan":"From Sri Lanka","head_quaters":"Katunayake, Sri Lanka","website":"www.srilankaairways.com","established":"1990"},{"id":646,"name":"Sri Lankan Airways","country":"Sri Lanka","logo":"https://upload.wikimedia.org/wikipedia/en/thumb/9/9b/Qatar_Airways_Logo.svg/sri_lanka.png","slogan":"From Sri Lanka","head_quaters":"Katunayake, Sri Lanka","website":"www.srilankaairways.com","established":"1990"},{"id":9662,"name":"Sri Lankan Airways","country":"Sri Lanka","logo":"https://upload.wikimedia.org/wikipedia/en/thumb/9/9b/Qatar_Airways_Logo.svg/sri_lanka.png","slogan":"From Sri Lanka","head_quaters":"Katunayake, Sri Lanka","website":"www.srilankaairways.com","established":"1990"},{"id":256,"name":"Sri Lankan Airways","country":"Sri Lanka","logo":"https://upload.wikimedia.org/wikipedia/en/thumb/9/9b/Qatar_Airways_Logo.svg/sri_lanka.png","slogan":"From Sri Lanka","head_quaters":"Katunayake, Sri Lanka","website":"www.srilankaairways.com","established":"1990"},{"id":1350,"name":"Sri Lankan Airways","country":"Sri Lanka","logo":"https://upload.wikimedia.org/wikipedia/en/thumb/9/9b/Qatar_Airways_Logo.svg/sri_lanka.png","slogan":"From Sri Lanka","head_quaters":"Katunayake, Sri Lanka","website":"www.srilankaairways.com","established":"1990"},{"id":246,"name":"Sri Lankan Airways","country":"Sri Lanka","logo":"https://upload.wikimedia.org/wikipedia/en/thumb/9/9b/Qatar_Airways_Logo.svg/sri_lanka.png","slogan":"From Sri Lanka","head_quaters":"Katunayake, Sri Lanka","website":"www.srilankaairways.com","established":"1990"},{"id":5356,"name":"Sri Lankan Airways","country":"Sri Lanka","logo":"https://upload.wikimedia.org/wikipedia/en/thumb/9/9b/Qatar_Airways_Logo.svg/sri_lanka.png","slogan":"From Sri Lanka","head_quaters":"Katunayake, Sri Lanka","website":"www.srilankaairways.com","established":"1990"},{"id":6608,"name":"Sri Lankan Airways","country":"Sri Lanka","logo":"https://upload.wikimedia.org/wikipedia/en/thumb/9/9b/Qatar_Airways_Logo.svg/sri_lanka.png","slogan":"From Sri Lanka","head_quaters":"Katunayake, Sri Lanka","website":"www.srilankaairways.com","established":"1990"},{"id":3021,"name":"Sri Lankan Airways","country":"Sri Lanka","logo":"https://upload.wikimedia.org/wikipedia/en/thumb/9/9b/Qatar_Airways_Logo.svg/sri_lanka.png","slogan":"From Sri Lanka","head_quaters":"Katunayake, Sri Lanka","website":"www.srilankaairways.com","established":"1990"},{"id":7236,"name":"Sri Lankan Airways","country":"Sri Lanka","logo":"https://upload.wikimedia.org/wikipedia/en/thumb/9/9b/Qatar_Airways_Logo.svg/sri_lanka.png","slogan":"From Sri Lanka","head_quaters":"Katunayake, Sri Lanka","website":"www.srilankaairways.com","established":"1990"},{"id":4518,"name":"Sri Lankan Airways","country":"Sri Lanka","logo":"https://upload.wikimedia.org/wikipedia/en/thumb/9/9b/Qatar_Airways_Logo.svg/sri_lanka.png","slogan":"From Sri Lanka","head_quaters":"Katunayake, Sri Lanka","website":"www.srilankaairways.com","established":"1990"},{"id":196,"name":"Sri Lankan Airways","country":"Sri Lanka","logo":"https://upload.wikimedia.org/wikipedia/en/thumb/9/9b/Qatar_Airways_Logo.svg/sri_lanka.png","slogan":"From Sri Lanka","head_quaters":"Katunayake, Sri Lanka","website":"www.srilankaairways.com","established":"1990"},{"id":4027,"name":"Sri Lankan Airways","country":"Sri Lanka","logo":"https://upload.wikimedia.org/wikipedia/en/thumb/9/9b/Qatar_Airways_Logo.svg/sri_lanka.png","slogan":"From Sri Lanka","head_quaters":"Katunayake, Sri Lanka","website":"www.srilankaairways.com","established":"1990"},{"id":3912,"name":"Sri Lankan Airways","country":"Sri Lanka","logo":"https://upload.wikimedia.org/wikipedia/en/thumb/9/9b/Qatar_Airways_Logo.svg/sri_lanka.png","slogan":"From Sri Lanka","head_quaters":"Katunayake, Sri Lanka","website":"www.srilankaairways.com","established":"1990"},{"id":5113,"name":"Sri Lankan Airways","country":"Sri Lanka","logo":"https://upload.wikimedia.org/wikipedia/en/thumb/9/9b/Qatar_Airways_Logo.svg/sri_lanka.png","slogan":"From Sri Lanka","head_quaters":"Katunayake, Sri Lanka","website":"www.srilankaairways.com","established":"1990"},{"id":6609,"name":"Sri Lankan Airways","country":"Sri Lanka","logo":"https://upload.wikimedia.org/wikipedia/en/thumb/9/9b/Qatar_Airways_Logo.svg/sri_lanka.png","slogan":"From Sri Lanka","head_quaters":"Katunayake, Sri Lanka","website":"www.srilankaairways.com","established":"1990"},{"id":8831,"name":"Sri Lankan Airways","country":"Sri Lanka","logo":"https://upload.wikimedia.org/wikipedia/en/thumb/9/9b/Qatar_Airways_Logo.svg/sri_lanka.png","slogan":"From Sri Lanka","head_quaters":"Katunayake, Sri Lanka","website":"www.srilankaairways.com","established":"1990"},{"id":6658,"name":"Sri Lankan Airways","country":"Sri Lanka","logo":"https://upload.wikimedia.org/wikipedia/en/thumb/9/9b/Qatar_Airways_Logo.svg/sri_lanka.png","slogan":"From Sri Lanka","head_quaters":"Katunayake, Sri Lanka","website":"www.srilankaairways.com","established":"1990"},{"id":1361,"name":"Sri Lankan Airways","country":"Sri Lanka","logo":"https://upload.wikimedia.org/wikipedia/en/thumb/9/9b/Qatar_Airways_Logo.svg/sri_lanka.png","slogan":"From Sri Lanka","head_quaters":"Katunayake, Sri Lanka","website":"www.srilankaairways.com","established":"1990"},{"id":8591,"name":"Sri Lankan Airways","country":"Sri Lanka","logo":"https://upload.wikimedia.org/wikipedia/en/thumb/9/9b/Qatar_Airways_Logo.svg/sri_lanka.png","slogan":"From Sri Lanka","head_quaters":"Katunayake, Sri Lanka","website":"www.srilankaairways.com","established":"1990"},{"id":2355,"name":"Sri Lankan Airways","country":"Sri Lanka","logo":"https://upload.wikimedia.org/wikipedia/en/thumb/9/9b/Qatar_Airways_Logo.svg/sri_lanka.png","slogan":"From Sri Lanka","head_quaters":"Katunayake, Sri Lanka","website":"www.srilankaairways.com","established":"1990"},{"id":3338,"name":"Sri Lankan Airways","country":"Sri Lanka","logo":"https://upload.wikimedia.org/wikipedia/en/thumb/9/9b/Qatar_Airways_Logo.svg/sri_lanka.png","slogan":"From Sri Lanka","head_quaters":"Katunayake, Sri Lanka","website":"www.srilankaairways.com","established":"1990"},{"id":1599,"name":"Sri Lankan Airways","country":"Sri Lanka","logo":"https://upload.wikimedia.org/wikipedia/en/thumb/9/9b/Qatar_Airways_Logo.svg/sri_lanka.png","slogan":"From Sri Lanka","head_quaters":"Katunayake, Sri Lanka","website":"www.srilankaairways.com","established":"1990"},{"id":7730,"name":"Sri Lankan Airways","country":"Sri Lanka","logo":"https://upload.wikimedia.org/wikipedia/en/thumb/9/9b/Qatar_Airways_Logo.svg/sri_lanka.png","slogan":"From Sri Lanka","head_quaters":"Katunayake, Sri Lanka","website":"www.srilankaairways.com","established":"1990"},{"id":6663,"name":"Sri Lankan Airways","country":"Sri Lanka","logo":"https://upload.wikimedia.org/wikipedia/en/thumb/9/9b/Qatar_Airways_Logo.svg/sri_lanka.png","slogan":"From Sri Lanka","head_quaters":"Katunayake, Sri Lanka","website":"www.srilankaairways.com","established":"1990"},{"id":4096,"name":"Sri Lankan Airways","country":"Sri Lanka","logo":"https://upload.wikimedia.org/wikipedia/en/thumb/9/9b/Qatar_Airways_Logo.svg/sri_lanka.png","slogan":"From Sri Lanka","head_quaters":"Katunayake, Sri Lanka","website":"www.srilankaairways.com","established":"1990"},{"id":6883,"name":"Garuda Indonesia","country":"Indonesia","logo":"https://upload.wikimedia.org/wikipedia/en/thumb/9/9b/Qatar_Airways_Logo.svg/sri_lanka.png","slogan":"Wonderful Indonesia","head_quaters":"Jakarta, Indonesia","website":"www.garudaindonesia.com","established":"1980"},{"id":2179,"name":"Garuda Indonesia","country":"Indonesia","logo":"https://upload.wikimedia.org/wikipedia/en/thumb/9/9b/Qatar_Airways_Logo.svg/sri_lanka.png","slogan":"Wonderful Indonesia","head_quaters":"Jakarta, Indonesia","website":"www.garudaindonesia.com","established":"1980"},{"id":6871,"name":"Garuda Indonesia","country":"Indonesia","logo":"https://upload.wikimedia.org/wikipedia/en/thumb/9/9b/Qatar_Airways_Logo.svg/sri_lanka.png","slogan":"Wonderful Indonesia","head_quaters":"Jakarta, Indonesia","website":"www.garudaindonesia.com","established":"1980"},{"id":8320,"name":"Garuda Indonesia","country":"Indonesia","logo":"https://upload.wikimedia.org/wikipedia/en/thumb/9/9b/Qatar_Airways_Logo.svg/sri_lanka.png","slogan":"Wonderful Indonesia","head_quaters":"Jakarta, Indonesia","website":"www.garudaindonesia.com","established":"1980"},{"id":2711,"name":"Garuda Indonesia","country":"Indonesia","logo":"https://upload.wikimedia.org/wikipedia/en/thumb/9/9b/Qatar_Airways_Logo.svg/sri_lanka.png","slogan":"Wonderful Indonesia","head_quaters":"Jakarta, Indonesia","website":"www.garudaindonesia.com","established":"1980"},{"id":4373,"name":"Garuda Indonesia","country":"Indonesia","logo":"https://upload.wikimedia.org/wikipedia/en/thumb/9/9b/Qatar_Airways_Logo.svg/sri_lanka.png","slogan":"Wonderful Indonesia","head_quaters":"Jakarta, Indonesia","website":"www.garudaindonesia.com","established":"1980"},{"id":3367,"name":"Garuda Indonesia","country":"Indonesia","logo":"https://upload.wikimedia.org/wikipedia/en/thumb/9/9b/Qatar_Airways_Logo.svg/sri_lanka.png","slogan":"Wonderful Indonesia","head_quaters":"Jakarta, Indonesia","website":"www.garudaindonesia.com","established":"1980"},{"id":5492,"name":"Garuda Indonesia","country":"Indonesia","logo":"https://upload.wikimedia.org/wikipedia/en/thumb/9/9b/Qatar_Airways_Logo.svg/sri_lanka.png","slogan":"Wonderful Indonesia","head_quaters":"Jakarta, Indonesia","website":"www.garudaindonesia.com","established":"1980"},{"id":7369,"name":"Garuda Indonesia","country":"Indonesia","logo":"https://upload.wikimedia.org/wikipedia/en/thumb/9/9b/Qatar_Airways_Logo.svg/sri_lanka.png","slogan":"Wonderful Indonesia","head_quaters":"Jakarta, Indonesia","website":"www.garudaindonesia.com","established":"1980"},{"id":1219,"name":"Garuda Indonesia","country":"Indonesia","logo":"https://upload.wikimedia.org/wikipedia/en/thumb/9/9b/Qatar_Airways_Logo.svg/sri_lanka.png","slogan":"Wonderful Indonesia","head_quaters":"Jakarta, Indonesia","website":"www.garudaindonesia.com","established":"1980"},{"id":5462,"name":"Sri Lankan Airways","country":"Sri Lanka","logo":"https://upload.wikimedia.org/wikipedia/en/thumb/9/9b/Qatar_Airways_Logo.svg/sri_lanka.png","slogan":"From Sri Lanka","head_quaters":"Katunayake, Sri Lanka","website":"www.srilankaairways.com","established":"1990"},{"id":9144,"name":"Sri Lankan Airways","country":"Sri Lanka","logo":"https://upload.wikimedia.org/wikipedia/en/thumb/9/9b/Qatar_Airways_Logo.svg/sri_lanka.png","slogan":"From Sri Lanka","head_quaters":"Katunayake, Sri Lanka","website":"www.srilankaairways.com","established":"1990"},{"id":8725,"name":"Sri Lankan Airways","country":"Sri Lanka","logo":"https://upload.wikimedia.org/wikipedia/en/thumb/9/9b/Qatar_Airways_Logo.svg/sri_lanka.png","slogan":"From Sri Lanka","head_quaters":"Katunayake, Sri Lanka","website":"www.srilankaairways.com","established":"1990"},{"name":"John Doe"},{"name":"John Doe"},{"id":7920,"name":"Sri Lankan Airways","country":"Sri Lanka","logo":"https://upload.wikimedia.org/wikipedia/en/thumb/9/9b/Qatar_Airways_Logo.svg/sri_lanka.png","slogan":"From Sri Lanka","head_quaters":"Katunayake, Sri Lanka","website":"www.srilankaairways.com","established":"1990"},{"name":"John Doe"},{"id":4476,"name":"Sri Lankan Airways","country":"Sri Lanka","logo":"https://upload.wikimedia.org/wikipedia/en/thumb/9/9b/Qatar_Airways_Logo.svg/sri_lanka.png","slogan":"From Sri Lanka","head_quaters":"Katunayake, Sri Lanka","website":"www.srilankaairways.com","established":"1990"},{"name":"John Doe"},{"id":8810,"name":"Sri Lankan Airways","country":"Sri Lanka","logo":"https://upload.wikimedia.org/wikipedia/en/thumb/9/9b/Qatar_Airways_Logo.svg/sri_lanka.png","slogan":"From Sri Lanka","head_quaters":"Katunayake, Sri Lanka","website":"www.srilankaairways.com","established":"1990"},{"name":"John Doe"},{"id":1627,"name":"Sri Lankan Airways","country":"Sri Lanka","logo":"https://upload.wikimedia.org/wikipedia/en/thumb/9/9b/Qatar_Airways_Logo.svg/sri_lanka.png","slogan":"From Sri Lanka","head_quaters":"Katunayake, Sri Lanka","website":"www.srilankaairways.com","established":"1990"},{"id":488,"name":"Sri Lankan Airways","country":"Sri Lanka","logo":"https://upload.wikimedia.org/wikipedia/en/thumb/9/9b/Qatar_Airways_Logo.svg/sri_lanka.png","slogan":"From Sri Lanka","head_quaters":"Katunayake, Sri Lanka","website":"www.srilankaairways.com","established":"1990"},{"id":759,"name":"Sri Lankan Airways","country":"Sri Lanka","logo":"https://upload.wikimedia.org/wikipedia/en/thumb/9/9b/Qatar_Airways_Logo.svg/sri_lanka.png","slogan":"From Sri Lanka","head_quaters":"Katunayake, Sri Lanka","website":"www.srilankaairways.com","established":"1990"},{"name":"John Doe"},{"id":5662,"name":"Sri Lankan Airways","country":"Sri Lanka","logo":"https://upload.wikimedia.org/wikipedia/en/thumb/9/9b/Qatar_Airways_Logo.svg/sri_lanka.png","slogan":"From Sri Lanka","head_quaters":"Katunayake, Sri Lanka","website":"www.srilankaairways.com","established":"1990"},{"name":"John Doe"},{"name":"John Doe"},{"name":"John Doe"},{"name":"John Doe"},{"id":3951,"name":"Sri Lankan Airways","country":"Sri Lanka","logo":"https://upload.wikimedia.org/wikipedia/en/thumb/9/9b/Qatar_Airways_Logo.svg/sri_lanka.png","slogan":"From Sri Lanka","head_quaters":"Katunayake, Sri Lanka","website":"www.srilankaairways.com","established":"1990"},{"id":4721,"name":"Sri Lankan Airways","country":"Sri Lanka","logo":"https://upload.wikimedia.org/wikipedia/en/thumb/9/9b/Qatar_Airways_Logo.svg/sri_lanka.png","slogan":"From Sri Lanka","head_quaters":"Katunayake, Sri Lanka","website":"www.srilankaairways.com","established":"1990"},{"id":3763,"name":"Sri Lankan Airways","country":"Sri Lanka","logo":"https://upload.wikimedia.org/wikipedia/en/thumb/9/9b/Qatar_Airways_Logo.svg/sri_lanka.png","slogan":"From Sri Lanka","head_quaters":"Katunayake, Sri Lanka","website":"www.srilankaairways.com","established":"1990"},{"id":1430,"name":"Sri Lankan Airways","country":"Sri Lanka","logo":"https://upload.wikimedia.org/wikipedia/en/thumb/9/9b/Qatar_Airways_Logo.svg/sri_lanka.png","slogan":"From Sri Lanka","head_quaters":"Katunayake, Sri Lanka","website":"www.srilankaairways.com","established":"1990"},{"id":7082,"name":"Sri Lankan Airways","country":"Sri Lanka","logo":"https://upload.wikimedia.org/wikipedia/en/thumb/9/9b/Qatar_Airways_Logo.svg/sri_lanka.png","slogan":"From Sri Lanka","head_quaters":"Katunayake, Sri Lanka","website":"www.srilankaairways.com","established":"1990"},{"id":4000,"name":"Sri Lankan Airways","country":"Sri Lanka","logo":"https://upload.wikimedia.org/wikipedia/en/thumb/9/9b/Qatar_Airways_Logo.svg/sri_lanka.png","slogan":"From Sri Lanka","head_quaters":"Katunayake, Sri Lanka","website":"www.srilankaairways.com","established":"1990"},{"id":3319,"name":"Sri Lankan Airways","country":"Sri Lanka","logo":"https://upload.wikimedia.org/wikipedia/en/thumb/9/9b/Qatar_Airways_Logo.svg/sri_lanka.png","slogan":"From Sri Lanka","head_quaters":"Katunayake, Sri Lanka","website":"www.srilankaairways.com","established":"1990"},{"id":4029,"name":"Sri Lankan Airways","country":"Sri Lanka","logo":"https://upload.wikimedia.org/wikipedia/en/thumb/9/9b/Qatar_Airways_Logo.svg/sri_lanka.png","slogan":"From Sri Lanka","head_quaters":"Katunayake, Sri Lanka","website":"www.srilankaairways.com","established":"1990"},{"id":6895,"name":"Sri Lankan Airways","country":"Sri Lanka","logo":"https://upload.wikimedia.org/wikipedia/en/thumb/9/9b/Qatar_Airways_Logo.svg/sri_lanka.png","slogan":"From Sri Lanka","head_quaters":"Katunayake, Sri Lanka","website":"www.srilankaairways.com","established":"1990"},{"id":7199,"name":"Sri Lankan Airways","country":"Sri Lanka","logo":"https://upload.wikimedia.org/wikipedia/en/thumb/9/9b/Qatar_Airways_Logo.svg/sri_lanka.png","slogan":"From Sri Lanka","head_quaters":"Katunayake, Sri Lanka","website":"www.srilankaairways.com","established":"1990"},{"id":3831,"name":"Garuda Indonesia","country":"Indonesia","logo":"https://upload.wikimedia.org/wikipedia/en/thumb/9/9b/Qatar_Airways_Logo.svg/sri_lanka.png","slogan":"Wonderful Indonesia","head_quaters":"Jakarta, Indonesia","website":"www.garudaindonesia.com","established":"1980"},{"id":6282,"name":"Garuda Indonesia","country":"Indonesia","logo":"https://upload.wikimedia.org/wikipedia/en/thumb/9/9b/Qatar_Airways_Logo.svg/sri_lanka.png","slogan":"Wonderful Indonesia","head_quaters":"Jakarta, Indonesia","website":"www.garudaindonesia.com","established":"1980"},{"id":1356,"name":"Garuda Indonesia","country":"Indonesia","logo":"https://upload.wikimedia.org/wikipedia/en/thumb/9/9b/Qatar_Airways_Logo.svg/sri_lanka.png","slogan":"Wonderful Indonesia","head_quaters":"Jakarta, Indonesia","website":"www.garudaindonesia.com","established":"1980"},{"id":1950,"name":"Garuda Indonesia","country":"Indonesia","logo":"https://upload.wikimedia.org/wikipedia/en/thumb/9/9b/Qatar_Airways_Logo.svg/sri_lanka.png","slogan":"Wonderful Indonesia","head_quaters":"Jakarta, Indonesia","website":"www.garudaindonesia.com","established":"1980"},{"id":1265,"name":"Garuda Indonesia","country":"Indonesia","logo":"https://upload.wikimedia.org/wikipedia/en/thumb/9/9b/Qatar_Airways_Logo.svg/sri_lanka.png","slogan":"Wonderful Indonesia","head_quaters":"Jakarta, Indonesia","website":"www.garudaindonesia.com","established":"1980"},{"id":654,"name":"Garuda Indonesia","country":"Indonesia","logo":"https://upload.wikimedia.org/wikipedia/en/thumb/9/9b/Qatar_Airways_Logo.svg/sri_lanka.png","slogan":"Wonderful Indonesia","head_quaters":"Jakarta, Indonesia","website":"www.garudaindonesia.com","established":"1980"},{"id":9190,"name":"Garuda Indonesia","country":"Indonesia","logo":"https://upload.wikimedia.org/wikipedia/en/thumb/9/9b/Qatar_Airways_Logo.svg/sri_lanka.png","slogan":"Wonderful Indonesia","head_quaters":"Jakarta, Indonesia","website":"www.garudaindonesia.com","established":"1980"},{"id":6527,"name":"Garuda Indonesia","country":"Indonesia","logo":"https://upload.wikimedia.org/wikipedia/en/thumb/9/9b/Qatar_Airways_Logo.svg/sri_lanka.png","slogan":"Wonderful Indonesia","head_quaters":"Jakarta, Indonesia","website":"www.garudaindonesia.com","established":"1980"},{"id":1190,"name":"Garuda Indonesia","country":"Indonesia","logo":"https://upload.wikimedia.org/wikipedia/en/thumb/9/9b/Qatar_Airways_Logo.svg/sri_lanka.png","slogan":"Wonderful Indonesia","head_quaters":"Jakarta, Indonesia","website":"www.garudaindonesia.com","established":"1980"},{"id":7825,"name":"Sri Lankan Airways","country":"Sri Lanka","logo":"https://upload.wikimedia.org/wikipedia/en/thumb/9/9b/Qatar_Airways_Logo.svg/sri_lanka.png","slogan":"From Sri Lanka","head_quaters":"Katunayake, Sri Lanka","website":"www.srilankaairways.com","established":"1990"},{"id":1946,"name":"Sri Lankan Airways","country":"Sri Lanka","logo":"https://upload.wikimedia.org/wikipedia/en/thumb/9/9b/Qatar_Airways_Logo.svg/sri_lanka.png","slogan":"From Sri Lanka","head_quaters":"Katunayake, Sri Lanka","website":"www.srilankaairways.com","established":"1990"},{"name":"John Doe"},{"id":2069,"name":"Sri Lankan Airways","country":"Sri Lanka","logo":"https://upload.wikimedia.org/wikipedia/en/thumb/9/9b/Qatar_Airways_Logo.svg/sri_lanka.png","slogan":"From Sri Lanka","head_quaters":"Katunayake, Sri Lanka","website":"www.srilankaairways.com","established":"1990"},{"id":2564,"name":"Sri Lankan Airways","country":"Sri Lanka","logo":"https://upload.wikimedia.org/wikipedia/en/thumb/9/9b/Qatar_Airways_Logo.svg/sri_lanka.png","slogan":"From Sri Lanka","head_quaters":"Katunayake, Sri Lanka","website":"www.srilankaairways.com","established":"1990"},{"id":8101,"name":"Sri Lankan Airways","country":"Sri Lanka","logo":"https://upload.wikimedia.org/wikipedia/en/thumb/9/9b/Qatar_Airways_Logo.svg/sri_lanka.png","slogan":"From Sri Lanka","head_quaters":"Katunayake, Sri Lanka","website":"www.srilankaairways.com","established":"1990"},{"name":"John Doe"},{"name":"John Doe"},{"id":1529,"name":"Sri Lankan Airways","country":"Sri Lanka","logo":"https://upload.wikimedia.org/wikipedia/en/thumb/9/9b/Qatar_Airways_Logo.svg/sri_lanka.png","slogan":"From Sri Lanka","head_quaters":"Katunayake, Sri Lanka","website":"www.srilankaairways.com","established":"1990"},{"id":4137,"name":"Sri Lankan Airways","country":"Sri Lanka","logo":"https://upload.wikimedia.org/wikipedia/en/thumb/9/9b/Qatar_Airways_Logo.svg/sri_lanka.png","slogan":"From Sri Lanka","head_quaters":"Katunayake, Sri Lanka","website":"www.srilankaairways.com","established":"1990"},{"name":"John Doe"},{"name":"John Doe"},{"name":"John Doe"},{"name":"John Doe"},{"id":6177,"name":"Sri Lankan Airways","country":"Sri Lanka","logo":"https://upload.wikimedia.org/wikipedia/en/thumb/9/9b/Qatar_Airways_Logo.svg/sri_lanka.png","slogan":"From Sri Lanka","head_quaters":"Katunayake, Sri Lanka","website":"www.srilankaairways.com","established":"1990"},{"id":6836,"name":"Sri Lankan Airways","country":"Sri Lanka","logo":"https://upload.wikimedia.org/wikipedia/en/thumb/9/9b/Qatar_Airways_Logo.svg/sri_lanka.png","slogan":"From Sri Lanka","head_quaters":"Katunayake, Sri Lanka","website":"www.srilankaairways.com","established":"1990"},{"name":"John Doe"},{"id":6931,"name":"Sri Lankan Airways","country":"Sri Lanka","logo":"https://upload.wikimedia.org/wikipedia/en/thumb/9/9b/Qatar_Airways_Logo.svg/sri_lanka.png","slogan":"From Sri Lanka","head_quaters":"Katunayake, Sri Lanka","website":"www.srilankaairways.com","established":"1990"},{"name":"John Doe"},{"name":"John Doe"},{"id":6199,"name":"Sri Lankan Airways","country":"Sri Lanka","logo":"https://upload.wikimedia.org/wikipedia/en/thumb/9/9b/Qatar_Airways_Logo.svg/sri_lanka.png","slogan":"From Sri Lanka","head_quaters":"Katunayake, Sri Lanka","website":"www.srilankaairways.com","established":"1990"},{"id":3969,"name":"Sri Lankan Airways","country":"Sri Lanka","logo":"https://upload.wikimedia.org/wikipedia/en/thumb/9/9b/Qatar_Airways_Logo.svg/sri_lanka.png","slogan":"From Sri Lanka","head_quaters":"Katunayake, Sri Lanka","website":"www.srilankaairways.com","established":"1990"},{"name":"John Doe"},{"id":9413,"name":"Sri Lankan Airways","country":"Sri Lanka","logo":"https://upload.wikimedia.org/wikipedia/en/thumb/9/9b/Qatar_Airways_Logo.svg/sri_lanka.png","slogan":"From Sri Lanka","head_quaters":"Katunayake, Sri Lanka","website":"www.srilankaairways.com","established":"1990"},{"name":"John Doe"},{"id":9731,"name":"Sri Lankan Airways","country":"Sri Lanka","logo":"https://upload.wikimedia.org/wikipedia/en/thumb/9/9b/Qatar_Airways_Logo.svg/sri_lanka.png","slogan":"From Sri Lanka","head_quaters":"Katunayake, Sri Lanka","website":"www.srilankaairways.com","established":"1990"},{"id":9430,"name":"Sri Lankan Airways","country":"Sri Lanka","logo":"https://upload.wikimedia.org/wikipedia/en/thumb/9/9b/Qatar_Airways_Logo.svg/sri_lanka.png","slogan":"From Sri Lanka","head_quaters":"Katunayake, Sri Lanka","website":"www.srilankaairways.com","established":"1990"},{"name":"John Doe"},{"id":3207,"name":"Sri Lankan Airways","country":"Sri Lanka","logo":"https://upload.wikimedia.org/wikipedia/en/thumb/9/9b/Qatar_Airways_Logo.svg/sri_lanka.png","slogan":"From Sri Lanka","head_quaters":"Katunayake, Sri Lanka","website":"www.srilankaairways.com","established":"1990"},{"name":"John Doe"},{"id":3373,"name":"Sri Lankan Airways","country":"Sri Lanka","logo":"https://upload.wikimedia.org/wikipedia/en/thumb/9/9b/Qatar_Airways_Logo.svg/sri_lanka.png","slogan":"From Sri Lanka","head_quaters":"Katunayake, Sri Lanka","website":"www.srilankaairways.com","established":"1990"},{"name":"John Doe"},{"id":5542,"name":"Sri Lankan Airways","country":"Sri Lanka","logo":"https://upload.wikimedia.org/wikipedia/en/thumb/9/9b/Qatar_Airways_Logo.svg/sri_lanka.png","slogan":"From Sri Lanka","head_quaters":"Katunayake, Sri Lanka","website":"www.srilankaairways.com","established":"1990"},{"id":7534,"name":"Sri Lankan Airways","country":"Sri Lanka","logo":"https://upload.wikimedia.org/wikipedia/en/thumb/9/9b/Qatar_Airways_Logo.svg/sri_lanka.png","slogan":"From Sri Lanka","head_quaters":"Katunayake, Sri Lanka","website":"www.srilankaairways.com","established":"1990"},{"id":1326,"name":"Sri Lankan Airways","country":"Sri Lanka","logo":"https://upload.wikimedia.org/wikipedia/en/thumb/9/9b/Qatar_Airways_Logo.svg/sri_lanka.png","slogan":"From Sri Lanka","head_quaters":"Katunayake, Sri Lanka","website":"www.srilankaairways.com","established":"1990"},{"name":"John Doe"},{"name":"John Doe"},{"name":"John Doe"},{"name":"John Doe"},{"name":"John Doe"},{"id":8461,"name":"Sri Lankan Airways","country":"Sri Lanka","logo":"https://upload.wikimedia.org/wikipedia/en/thumb/9/9b/Qatar_Airways_Logo.svg/sri_lanka.png","slogan":"From Sri Lanka","head_quaters":"Katunayake, Sri Lanka","website":"www.srilankaairways.com","established":"1990"},{"id":4429,"name":"Sri Lankan Airways","country":"Sri Lanka","logo":"https://upload.wikimedia.org/wikipedia/en/thumb/9/9b/Qatar_Airways_Logo.svg/sri_lanka.png","slogan":"From Sri Lanka","head_quaters":"Katunayake, Sri Lanka","website":"www.srilankaairways.com","established":"1990"},{"name":"John Doe"},{"id":5642,"name":"Sri Lankan Airways","country":"Sri Lanka","logo":"https://upload.wikimedia.org/wikipedia/en/thumb/9/9b/Qatar_Airways_Logo.svg/sri_lanka.png","slogan":"From Sri Lanka","head_quaters":"Katunayake, Sri Lanka","website":"www.srilankaairways.com","established":"1990"},{"name":"John Doe"},{"id":5463,"name":"Sri Lankan Airways","country":"Sri Lanka","logo":"https://upload.wikimedia.org/wikipedia/en/thumb/9/9b/Qatar_Airways_Logo.svg/sri_lanka.png","slogan":"From Sri Lanka","head_quaters":"Katunayake, Sri Lanka","website":"www.srilankaairways.com","established":"1990"},{"id":3609,"name":"Sri Lankan Airways","country":"Sri Lanka","logo":"https://upload.wikimedia.org/wikipedia/en/thumb/9/9b/Qatar_Airways_Logo.svg/sri_lanka.png","slogan":"From Sri Lanka","head_quaters":"Katunayake, Sri Lanka","website":"www.srilankaairways.com","established":"1990"},{"name":"John Doe"},{"id":5451,"name":"Sri Lankan Airways","country":"Sri Lanka","logo":"https://upload.wikimedia.org/wikipedia/en/thumb/9/9b/Qatar_Airways_Logo.svg/sri_lanka.png","slogan":"From Sri Lanka","head_quaters":"Katunayake, Sri Lanka","website":"www.srilankaairways.com","established":"1990"},{"id":2844,"name":"Sri Lankan Airways","country":"Sri Lanka","logo":"https://upload.wikimedia.org/wikipedia/en/thumb/9/9b/Qatar_Airways_Logo.svg/sri_lanka.png","slogan":"From Sri Lanka","head_quaters":"Katunayake, Sri Lanka","website":"www.srilankaairways.com","established":"1990"},{"id":6780,"name":"Sri Lankan Airways","country":"Sri Lanka","logo":"https://upload.wikimedia.org/wikipedia/en/thumb/9/9b/Qatar_Airways_Logo.svg/sri_lanka.png","slogan":"From Sri Lanka","head_quaters":"Katunayake, Sri Lanka","website":"www.srilankaairways.com","established":"1990"},{"id":9578,"name":"Sri Lankan Airways","country":"Sri Lanka","logo":"https://upload.wikimedia.org/wikipedia/en/thumb/9/9b/Qatar_Airways_Logo.svg/sri_lanka.png","slogan":"From Sri Lanka","head_quaters":"Katunayake, Sri Lanka","website":"www.srilankaairways.com","established":"1990"},{"id":9807,"name":"Sri Lankan Airways","country":"Sri Lanka","logo":"https://upload.wikimedia.org/wikipedia/en/thumb/9/9b/Qatar_Airways_Logo.svg/sri_lanka.png","slogan":"From Sri Lanka","head_quaters":"Katunayake, Sri Lanka","website":"www.srilankaairways.com","established":"1990"},{"name":"John Doe"},{"name":"John Doe"},{"name":"John Doe"},{"name":"John Doe"},{"name":"John Doe"},{"name":"John Doe"},{"name":"John Doe"},{"id":3934,"name":"Garuda Indonesia","country":"Indonesia","logo":"https://upload.wikimedia.org/wikipedia/en/thumb/9/9b/Qatar_Airways_Logo.svg/sri_lanka.png","slogan":"Wonderful Indonesia","head_quaters":"Jakarta, Indonesia","website":"www.garudaindonesia.com","established":"1980"},{"id":4954,"name":"Garuda Indonesia","country":"Indonesia","logo":"https://upload.wikimedia.org/wikipedia/en/thumb/9/9b/Qatar_Airways_Logo.svg/sri_lanka.png","slogan":"Wonderful Indonesia","head_quaters":"Jakarta, Indonesia","website":"www.garudaindonesia.com","established":"1980"},{"id":6769,"name":"Garuda Indonesia","country":"Indonesia","logo":"https://upload.wikimedia.org/wikipedia/en/thumb/9/9b/Qatar_Airways_Logo.svg/sri_lanka.png","slogan":"Wonderful Indonesia","head_quaters":"Jakarta, Indonesia","website":"www.garudaindonesia.com","established":"1980"},{"id":5318,"name":"Garuda Indonesia","country":"Indonesia","logo":"https://upload.wikimedia.org/wikipedia/en/thumb/9/9b/Qatar_Airways_Logo.svg/sri_lanka.png","slogan":"Wonderful Indonesia","head_quaters":"Jakarta, Indonesia","website":"www.garudaindonesia.com","established":"1980"},{"id":6257,"name":"Garuda Indonesia","country":"Indonesia","logo":"https://upload.wikimedia.org/wikipedia/en/thumb/9/9b/Qatar_Airways_Logo.svg/sri_lanka.png","slogan":"Wonderful Indonesia","head_quaters":"Jakarta, Indonesia","website":"www.garudaindonesia.com","established":"1980"},{"id":4896,"name":"Garuda Indonesia","country":"Indonesia","logo":"https://upload.wikimedia.org/wikipedia/en/thumb/9/9b/Qatar_Airways_Logo.svg/sri_lanka.png","slogan":"Wonderful Indonesia","head_quaters":"Jakarta, Indonesia","website":"www.garudaindonesia.com","established":"1980"},{"id":604,"name":"Garuda Indonesia","country":"Indonesia","logo":"https://upload.wikimedia.org/wikipedia/en/thumb/9/9b/Qatar_Airways_Logo.svg/sri_lanka.png","slogan":"Wonderful Indonesia","head_quaters":"Jakarta, Indonesia","website":"www.garudaindonesia.com","established":"1980"},{"id":5265,"name":"Garuda Indonesia","country":"Indonesia","logo":"https://upload.wikimedia.org/wikipedia/en/thumb/9/9b/Qatar_Airways_Logo.svg/sri_lanka.png","slogan":"Wonderful Indonesia","head_quaters":"Jakarta, Indonesia","website":"www.garudaindonesia.com","established":"1980"},{"id":5561,"name":"Garuda Indonesia","country":"Indonesia","logo":"https://upload.wikimedia.org/wikipedia/en/thumb/9/9b/Qatar_Airways_Logo.svg/sri_lanka.png","slogan":"Wonderful Indonesia","head_quaters":"Jakarta, Indonesia","website":"www.garudaindonesia.com","established":"1980"},{"id":4725,"name":"Garuda Indonesia","country":"Indonesia","logo":"https://upload.wikimedia.org/wikipedia/en/thumb/9/9b/Qatar_Airways_Logo.svg/sri_lanka.png","slogan":"Wonderful Indonesia","head_quaters":"Jakarta, Indonesia","website":"www.garudaindonesia.com","established":"1980"},{"id":5009,"name":"Garuda Indonesia","country":"Indonesia","logo":"https://upload.wikimedia.org/wikipedia/en/thumb/9/9b/Qatar_Airways_Logo.svg/sri_lanka.png","slogan":"Wonderful Indonesia","head_quaters":"Jakarta, Indonesia","website":"www.garudaindonesia.com","established":"1980"},{"id":1183,"name":"Garuda Indonesia","country":"Indonesia","logo":"https://upload.wikimedia.org/wikipedia/en/thumb/9/9b/Qatar_Airways_Logo.svg/sri_lanka.png","slogan":"Wonderful Indonesia","head_quaters":"Jakarta, Indonesia","website":"www.garudaindonesia.com","established":"1980"},{"id":6111,"name":"Garuda Indonesia","country":"Indonesia","logo":"https://upload.wikimedia.org/wikipedia/en/thumb/9/9b/Qatar_Airways_Logo.svg/sri_lanka.png","slogan":"Wonderful Indonesia","head_quaters":"Jakarta, Indonesia","website":"www.garudaindonesia.com","established":"1980"},{"id":1435,"name":"Garuda Indonesia","country":"Indonesia","logo":"https://upload.wikimedia.org/wikipedia/en/thumb/9/9b/Qatar_Airways_Logo.svg/sri_lanka.png","slogan":"Wonderful Indonesia","head_quaters":"Jakarta, Indonesia","website":"www.garudaindonesia.com","established":"1980"},{"id":9760,"name":"Garuda Indonesia","country":"Indonesia","logo":"https://upload.wikimedia.org/wikipedia/en/thumb/9/9b/Qatar_Airways_Logo.svg/sri_lanka.png","slogan":"Wonderful Indonesia","head_quaters":"Jakarta, Indonesia","website":"www.garudaindonesia.com","established":"1980"},{"id":6715,"name":"Garuda Indonesia","country":"Indonesia","logo":"https://upload.wikimedia.org/wikipedia/en/thumb/9/9b/Qatar_Airways_Logo.svg/sri_lanka.png","slogan":"Wonderful Indonesia","head_quaters":"Jakarta, Indonesia","website":"www.garudaindonesia.com","established":"1980"},{"id":7866,"name":"Garuda Indonesia","country":"Indonesia","logo":"https://upload.wikimedia.org/wikipedia/en/thumb/9/9b/Qatar_Airways_Logo.svg/sri_lanka.png","slogan":"Wonderful Indonesia","head_quaters":"Jakarta, Indonesia","website":"www.garudaindonesia.com","established":"1980"},{"id":2510,"name":"Garuda Indonesia","country":"Indonesia","logo":"https://upload.wikimedia.org/wikipedia/en/thumb/9/9b/Qatar_Airways_Logo.svg/sri_lanka.png","slogan":"Wonderful Indonesia","head_quaters":"Jakarta, Indonesia","website":"www.garudaindonesia.com","established":"1980"},{"id":1660,"name":"Garuda Indonesia","country":"Indonesia","logo":"https://upload.wikimedia.org/wikipedia/en/thumb/9/9b/Qatar_Airways_Logo.svg/sri_lanka.png","slogan":"Wonderful Indonesia","head_quaters":"Jakarta, Indonesia","website":"www.garudaindonesia.com","established":"1980"},{"id":75480,"name":"Canada Gnd","country":"Canada"},{"id":81336,"name":"Canada TLF","country":"Canada"},{"id":10366,"name":"Canada lwL","country":"Canada"},{"id":16845312,"name":"CMB air","country":"EGGGYPT","logo":"https://upload.wikimedia.org/wikipedia/en/thumb/9/9b/Qatar_Airways_Logo.svg/sri_lanka.png","slogan":"test slogan","head_quaters":"Katunayake, Sri Lanka","website":"www.masr.com","established":"0100"},{"id":13457,"name":"Canada FaE","country":"Canada"},{"id":39049,"name":"Canada zvI","country":"Canada"},{"id":6336,"name":"Canada KCy","country":"Canada"},{"id":34119,"name":"Canada Axg","country":"Canada"},{"id":92726,"name":"Canada Xoj","country":"Canada"},{"id":9533,"name":"Sri Lankan Airways","country":"Sri Lanka","logo":"https://upload.wikimedia.org/wikipedia/en/thumb/9/9b/Qatar_Airways_Logo.svg/sri_lanka.png","slogan":"From Sri Lanka","head_quaters":"Katunayake, Sri Lanka","website":"www.srilankaairways.com","established":"1990"},{"id":4362,"name":"Sri Lankan Airways","country":"Sri Lanka","logo":"https://upload.wikimedia.org/wikipedia/en/thumb/9/9b/Qatar_Airways_Logo.svg/sri_lanka.png","slogan":"From Sri Lanka","head_quaters":"Katunayake, Sri Lanka","website":"www.srilankaairways.com","established":"1990"},{"id":9388,"name":"Sri Lankan Airways","country":"Sri Lanka","logo":"https://upload.wikimedia.org/wikipedia/en/thumb/9/9b/Qatar_Airways_Logo.svg/sri_lanka.png","slogan":"From Sri Lanka","head_quaters":"Katunayake, Sri Lanka","website":"www.srilankaairways.com","established":"1990"},{"id":8270,"name":"Sri Lankan Airways","country":"Sri Lanka","logo":"https://upload.wikimedia.org/wikipedia/en/thumb/9/9b/Qatar_Airways_Logo.svg/sri_lanka.png","slogan":"From Sri Lanka","head_quaters":"Katunayake, Sri Lanka","website":"www.srilankaairways.com","established":"1990"},{"name":"John Doe"},{"id":1096,"name":"Sri Lankan Airways","country":"Sri Lanka","logo":"https://upload.wikimedia.org/wikipedia/en/thumb/9/9b/Qatar_Airways_Logo.svg/sri_lanka.png","slogan":"From Sri Lanka","head_quaters":"Katunayake, Sri Lanka","website":"www.srilankaairways.com","established":"1990"},{"id":4179,"name":"Sri Lankan Airways","country":"Sri Lanka","logo":"https://upload.wikimedia.org/wikipedia/en/thumb/9/9b/Qatar_Airways_Logo.svg/sri_lanka.png","slogan":"From Sri Lanka","head_quaters":"Katunayake, Sri Lanka","website":"www.srilankaairways.com","established":"1990"},{"id":3671,"name":"Sri Lankan Airways","country":"Sri Lanka","logo":"https://upload.wikimedia.org/wikipedia/en/thumb/9/9b/Qatar_Airways_Logo.svg/sri_lanka.png","slogan":"From Sri Lanka","head_quaters":"Katunayake, Sri Lanka","website":"www.srilankaairways.com","established":"1990"},{"id":594,"name":"Sri Lankan Airways","country":"Sri Lanka","logo":"https://upload.wikimedia.org/wikipedia/en/thumb/9/9b/Qatar_Airways_Logo.svg/sri_lanka.png","slogan":"From Sri Lanka","head_quaters":"Katunayake, Sri Lanka","website":"www.srilankaairways.com","established":"1990"},{"name":"John Doe"},{"name":"John Doe"},{"name":"John Doe"},{"id":3798,"name":"Sri Lankan Airways","country":"Sri Lanka","logo":"https://upload.wikimedia.org/wikipedia/en/thumb/9/9b/Qatar_Airways_Logo.svg/sri_lanka.png","slogan":"From Sri Lanka","head_quaters":"Katunayake, Sri Lanka","website":"www.srilankaairways.com","established":"1990"},{"name":"John Doe"},{"name":"John Doe"},{"name":"John Doe"},{"name":"John Doe"},{"id":1831,"name":"Sri Lankan Airways","country":"Sri Lanka","logo":"https://upload.wikimedia.org/wikipedia/en/thumb/9/9b/Qatar_Airways_Logo.svg/sri_lanka.png","slogan":"From Sri Lanka","head_quaters":"Katunayake, Sri Lanka","website":"www.srilankaairways.com","established":"1990"},{"name":"John Doe"},{"name":"John Doe"},{"id":6530,"name":"Canada sNn","country":"Canada"},{"id":6256,"name":"Sri Lankan Airways","country":"Sri Lanka","logo":"https://upload.wikimedia.org/wikipedia/en/thumb/9/9b/Qatar_Airways_Logo.svg/sri_lanka.png","slogan":"From Sri Lanka","head_quaters":"Katunayake, Sri Lanka","website":"www.srilankaairways.com","established":"1990"},{"id":3151,"name":"Sri Lankan Airways","country":"Sri Lanka","logo":"https://upload.wikimedia.org/wikipedia/en/thumb/9/9b/Qatar_Airways_Logo.svg/sri_lanka.png","slogan":"From Sri Lanka","head_quaters":"Katunayake, Sri Lanka","website":"www.srilankaairways.com","established":"1990"},{"id":3443,"name":"Sri Lankan Airways","country":"Sri Lanka","logo":"https://upload.wikimedia.org/wikipedia/en/thumb/9/9b/Qatar_Airways_Logo.svg/sri_lanka.png","slogan":"From Sri Lanka","head_quaters":"Katunayake, Sri Lanka","website":"www.srilankaairways.com","established":"1990"},{"name":"John Doe"},{"id":6737,"name":"Sri Lankan Airways","country":"Sri Lanka","logo":"https://upload.wikimedia.org/wikipedia/en/thumb/9/9b/Qatar_Airways_Logo.svg/sri_lanka.png","slogan":"From Sri Lanka","head_quaters":"Katunayake, Sri Lanka","website":"www.srilankaairways.com","established":"1990"},{"name":"John Doe"},{"id":1825,"name":"Sri Lankan Airways","country":"Sri Lanka","logo":"https://upload.wikimedia.org/wikipedia/en/thumb/9/9b/Qatar_Airways_Logo.svg/sri_lanka.png","slogan":"From Sri Lanka","head_quaters":"Katunayake, Sri Lanka","website":"www.srilankaairways.com","established":"1990"},{"id":6019,"name":"Sri Lankan Airways","country":"Sri Lanka","logo":"https://upload.wikimedia.org/wikipedia/en/thumb/9/9b/Qatar_Airways_Logo.svg/sri_lanka.png","slogan":"From Sri Lanka","head_quaters":"Katunayake, Sri Lanka","website":"www.srilankaairways.com","established":"1990"},{"name":"John Doe"},{"id":4468,"name":"Sri Lankan Airways","country":"Sri Lanka","logo":"https://upload.wikimedia.org/wikipedia/en/thumb/9/9b/Qatar_Airways_Logo.svg/sri_lanka.png","slogan":"From Sri Lanka","head_quaters":"Katunayake, Sri Lanka","website":"www.srilankaairways.com","established":"1990"},{"id":6234,"name":"Sri Lankan Airways","country":"Sri Lanka","logo":"https://upload.wikimedia.org/wikipedia/en/thumb/9/9b/Qatar_Airways_Logo.svg/sri_lanka.png","slogan":"From Sri Lanka","head_quaters":"Katunayake, Sri Lanka","website":"www.srilankaairways.com","established":"1990"},{"name":"John Doe"},{"name":"John Doe"},{"name":"John Doe"},{"id":4760,"name":"Sri Lankan Airways","country":"Sri Lanka","logo":"https://upload.wikimedia.org/wikipedia/en/thumb/9/9b/Qatar_Airways_Logo.svg/sri_lanka.png","slogan":"From Sri Lanka","head_quaters":"Katunayake, Sri Lanka","website":"www.srilankaairways.com","established":"1990"},{"id":8037,"name":"Sri Lankan Airways","country":"Sri Lanka","logo":"https://upload.wikimedia.org/wikipedia/en/thumb/9/9b/Qatar_Airways_Logo.svg/sri_lanka.png","slogan":"From Sri Lanka","head_quaters":"Katunayake, Sri Lanka","website":"www.srilankaairways.com","established":"1990"},{"name":"John Doe"},{"name":"John Doe"},{"name":"John Doe"},{"name":"John Doe"},{"id":88304,"name":"Canada LLR","country":"Canada"},{"id":6535,"name":"Canada Ugi","country":"Canada"},{"id":52290,"name":"Canada GZf","country":"Canada"},{"id":1793749011,"name":"Sri Lankan Airways","country":"Sri Lanka","logo":"https://upload.wikimedia.org/wikipedia/en/thumb/9/9b/Qatar_Airways_Logo.svg/sri_lanka.png","slogan":"From Sri Lanka","head_quaters":"Katunayake, Sri Lanka","website":"www.srilankaairways.com","established":"1990"},{"id":9345,"name":"Sri Lankan Airways","country":"Sri Lanka","logo":"https://upload.wikimedia.org/wikipedia/en/thumb/9/9b/Qatar_Airways_Logo.svg/sri_lanka.png","slogan":"From Sri Lanka","head_quaters":"Katunayake, Sri Lanka","website":"www.srilankaairways.com","established":"1990"},{"id":615,"name":"Sri Lankan Airways","country":"Sri Lanka","logo":"https://upload.wikimedia.org/wikipedia/en/thumb/9/9b/Qatar_Airways_Logo.svg/sri_lanka.png","slogan":"From Sri Lanka","head_quaters":"Katunayake, Sri Lanka","website":"www.srilankaairways.com","established":"1990"},{"id":6397,"name":"Sri Lankan Airways","country":"Sri Lanka","logo":"https://upload.wikimedia.org/wikipedia/en/thumb/9/9b/Qatar_Airways_Logo.svg/sri_lanka.png","slogan":"From Sri Lanka","head_quaters":"Katunayake, Sri Lanka","website":"www.srilankaairways.com","established":"1990"},{"name":"John Doe"},{"name":"John Doe"},{"name":"John Doe"},{"id":7808,"name":"Sri Lankan Airways","country":"Sri Lanka","logo":"https://upload.wikimedia.org/wikipedia/en/thumb/9/9b/Qatar_Airways_Logo.svg/sri_lanka.png","slogan":"From Sri Lanka","head_quaters":"Katunayake, Sri Lanka","website":"www.srilankaairways.com","established":"1990"},{"id":9700,"name":"Sri Lankan Airways","country":"Sri Lanka","logo":"https://upload.wikimedia.org/wikipedia/en/thumb/9/9b/Qatar_Airways_Logo.svg/sri_lanka.png","slogan":"From Sri Lanka","head_quaters":"Katunayake, Sri Lanka","website":"www.srilankaairways.com","established":"1990"},{"id":6073,"name":"Sri Lankan Airways","country":"Sri Lanka","logo":"https://upload.wikimedia.org/wikipedia/en/thumb/9/9b/Qatar_Airways_Logo.svg/sri_lanka.png","slogan":"From Sri Lanka","head_quaters":"Katunayake, Sri Lanka","website":"www.srilankaairways.com","established":"1990"},{"id":6878,"name":"Sri Lankan Airways","country":"Sri Lanka","logo":"https://upload.wikimedia.org/wikipedia/en/thumb/9/9b/Qatar_Airways_Logo.svg/sri_lanka.png","slogan":"From Sri Lanka","head_quaters":"Katunayake, Sri Lanka","website":"www.srilankaairways.com","established":"1990"},{"name":"John Doe"},{"id":6206,"name":"Sri Lankan Airways","country":"Sri Lanka","logo":"https://upload.wikimedia.org/wikipedia/en/thumb/9/9b/Qatar_Airways_Logo.svg/sri_lanka.png","slogan":"From Sri Lanka","head_quaters":"Katunayake, Sri Lanka","website":"www.srilankaairways.com","established":"1990"},{"name":"John Doe"},{"name":"John Doe"},{"name":"John Doe"},{"id":8849,"name":"Sri Lankan Airways","country":"Sri Lanka","logo":"https://upload.wikimedia.org/wikipedia/en/thumb/9/9b/Qatar_Airways_Logo.svg/sri_lanka.png","slogan":"From Sri Lanka","head_quaters":"Katunayake, Sri Lanka","website":"www.srilankaairways.com","established":"1990"},{"id":3760,"name":"Sri Lankan Airways","country":"Sri Lanka","logo":"https://upload.wikimedia.org/wikipedia/en/thumb/9/9b/Qatar_Airways_Logo.svg/sri_lanka.png","slogan":"From Sri Lanka","head_quaters":"Katunayake, Sri Lanka","website":"www.srilankaairways.com","established":"1990"},{"name":"John Doe"},{"name":"John Doe"},{"name":"John Doe"},{"id":63068,"name":"Canada GJM","country":"Canada"},{"id":1594940631,"name":"Sri Lankan Airways","country":"Sri Lanka","logo":"https://upload.wikimedia.org/wikipedia/en/thumb/9/9b/Qatar_Airways_Logo.svg/sri_lanka.png","slogan":"From Sri Lanka","head_quaters":"Katunayake, Sri Lanka","website":"www.srilankaairways.com","established":"1990"},{"id":5136,"name":"Sri Lankan Airways","country":"Sri Lanka","logo":"https://upload.wikimedia.org/wikipedia/en/thumb/9/9b/Qatar_Airways_Logo.svg/sri_lanka.png","slogan":"From Sri Lanka","head_quaters":"Katunayake, Sri Lanka","website":"www.srilankaairways.com","established":"1990"},{"name":"John Doe"},{"id":7462,"name":"Sri Lankan Airways","country":"Sri Lanka","logo":"https://upload.wikimedia.org/wikipedia/en/thumb/9/9b/Qatar_Airways_Logo.svg/sri_lanka.png","slogan":"From Sri Lanka","head_quaters":"Katunayake, Sri Lanka","website":"www.srilankaairways.com","established":"1990"},{"id":4797,"name":"Sri Lankan Airways","country":"Sri Lanka","logo":"https://upload.wikimedia.org/wikipedia/en/thumb/9/9b/Qatar_Airways_Logo.svg/sri_lanka.png","slogan":"From Sri Lanka","head_quaters":"Katunayake, Sri Lanka","website":"www.srilankaairways.com","established":"1990"},{"id":1185,"name":"Sri Lankan Airways","country":"Sri Lanka","logo":"https://upload.wikimedia.org/wikipedia/en/thumb/9/9b/Qatar_Airways_Logo.svg/sri_lanka.png","slogan":"From Sri Lanka","head_quaters":"Katunayake, Sri Lanka","website":"www.srilankaairways.com","established":"1990"},{"id":7850,"name":"Sri Lankan Airways","country":"Sri Lanka","logo":"https://upload.wikimedia.org/wikipedia/en/thumb/9/9b/Qatar_Airways_Logo.svg/sri_lanka.png","slogan":"From Sri Lanka","head_quaters":"Katunayake, Sri Lanka","website":"www.srilankaairways.com","established":"1990"},{"id":8934,"name":"Sri Lankan Airways","country":"Sri Lanka","logo":"https://upload.wikimedia.org/wikipedia/en/thumb/9/9b/Qatar_Airways_Logo.svg/sri_lanka.png","slogan":"From Sri Lanka","head_quaters":"Katunayake, Sri Lanka","website":"www.srilankaairways.com","established":"1990"},{"id":8347,"name":"Sri Lankan Airways","country":"Sri Lanka","logo":"https://upload.wikimedia.org/wikipedia/en/thumb/9/9b/Qatar_Airways_Logo.svg/sri_lanka.png","slogan":"From Sri Lanka","head_quaters":"Katunayake, Sri Lanka","website":"www.srilankaairways.com","established":"1990"},{"id":5702,"name":"Sri Lankan Airways","country":"Sri Lanka","logo":"https://upload.wikimedia.org/wikipedia/en/thumb/9/9b/Qatar_Airways_Logo.svg/sri_lanka.png","slogan":"From Sri Lanka","head_quaters":"Katunayake, Sri Lanka","website":"www.srilankaairways.com","established":"1990"},{"name":"John Doe"},{"name":"John Doe"},{"id":4453,"name":"Sri Lankan Airways","country":"Sri Lanka","logo":"https://upload.wikimedia.org/wikipedia/en/thumb/9/9b/Qatar_Airways_Logo.svg/sri_lanka.png","slogan":"From Sri Lanka","head_quaters":"Katunayake, Sri Lanka","website":"www.srilankaairways.com","established":"1990"},{"id":2037,"name":"Sri Lankan Airways","country":"Sri Lanka","logo":"https://upload.wikimedia.org/wikipedia/en/thumb/9/9b/Qatar_Airways_Logo.svg/sri_lanka.png","slogan":"From Sri Lanka","head_quaters":"Katunayake, Sri Lanka","website":"www.srilankaairways.com","established":"1990"},{"name":"John Doe"},{"name":"John Doe"},{"name":"John Doe"},{"name":"John Doe"},{"name":"John Doe"},{"name":"John Doe"},{"name":"John Doe"},{"id":810634640,"name":"Sri Lankan Airways","country":"Sri Lanka","logo":"https://upload.wikimedia.org/wikipedia/en/thumb/9/9b/Qatar_Airways_Logo.svg/sri_lanka.png","slogan":"From Sri Lanka","head_quaters":"Katunayake, Sri Lanka","website":"www.srilankaairways.com","established":"1990"},{"id":11440,"name":"Canada jVp","country":"Canada"},{"id":66626,"name":"Canada ALa","country":"Canada"},{"id":192368034,"name":"Sri Lankan Airways","country":"Sri Lanka","logo":"https://upload.wikimedia.org/wikipedia/en/thumb/9/9b/Qatar_Airways_Logo.svg/sri_lanka.png","slogan":"From Sri Lanka","head_quaters":"Katunayake, Sri Lanka","website":"www.srilankaairways.com","established":"1990"},{"id":28,"name":"Sri Lankan Airways","country":"Sri Lanka","logo":"https://upload.wikimedia.org/wikipedia/en/thumb/9/9b/Qatar_Airways_Logo.svg/sri_lanka.png","slogan":"From Sri Lanka","head_quaters":"Katunayake, Sri Lanka","website":"www.srilankaairways.com","established":"1990"},{"id":896085729,"name":"Sri Lankan Airways","country":"Sri Lanka","logo":"https://upload.wikimedia.org/wikipedia/en/thumb/9/9b/Qatar_Airways_Logo.svg/sri_lanka.png","slogan":"From Sri Lanka","head_quaters":"Katunayake, Sri Lanka","website":"www.srilankaairways.com","established":"1990"},{"id":404376216,"name":"Sri Lankan Airways","country":"Sri Lanka","logo":"https://upload.wikimedia.org/wikipedia/en/thumb/9/9b/Qatar_Airways_Logo.svg/sri_lanka.png","slogan":"From Sri Lanka","head_quaters":"Katunayake, Sri Lanka","website":"www.srilankaairways.com","established":"1990"},{"id":1526397062,"name":"Sri Lankan Airways","country":"Sri Lanka","logo":"https://upload.wikimedia.org/wikipedia/en/thumb/9/9b/Qatar_Airways_Logo.svg/sri_lanka.png","slogan":"From Sri Lanka","head_quaters":"Katunayake, Sri Lanka","website":"www.srilankaairways.com","established":"1990"},{"id":1151377542,"name":"Sri Lankan Airways","country":"Sri Lanka","logo":"https://upload.wikimedia.org/wikipedia/en/thumb/9/9b/Qatar_Airways_Logo.svg/sri_lanka.png","slogan":"From Sri Lanka","head_quaters":"Katunayake, Sri Lanka","website":"www.srilankaairways.com","established":"1990"},{"id":-262182056,"name":"Sri Lankan Airways","country":"Sri Lanka","logo":"https://upload.wikimedia.org/wikipedia/en/thumb/9/9b/Qatar_Airways_Logo.svg/sri_lanka.png","slogan":"From Sri Lanka","head_quaters":"Katunayake, Sri Lanka","website":"www.srilankaairways.com","established":"1990"},{"id":-1867546655,"name":"Sri Lankan Airways","country":"Sri Lanka","logo":"https://upload.wikimedia.org/wikipedia/en/thumb/9/9b/Qatar_Airways_Logo.svg/sri_lanka.png","slogan":"From Sri Lanka","head_quaters":"Katunayake, Sri Lanka","website":"www.srilankaairways.com","established":"1990"},{"id":9202,"name":"Canada ozw","country":"Canada"},{"id":1548300462,"name":"Sri Lankan Airways","country":"Sri Lanka","logo":"https://upload.wikimedia.org/wikipedia/en/thumb/9/9b/Qatar_Airways_Logo.svg/sri_lanka.png","slogan":"From Sri Lanka","head_quaters":"Katunayake, Sri Lanka","website":"www.srilankaairways.com","established":"1990"},{"id":-409542204,"name":"Sri Lankan Airways","country":"Sri Lanka","logo":"https://upload.wikimedia.org/wikipedia/en/thumb/9/9b/Qatar_Airways_Logo.svg/sri_lanka.png","slogan":"From Sri Lanka","head_quaters":"Katunayake, Sri Lanka","website":"www.srilankaairways.com","established":"1990"},{"id":522998351,"name":"Sri Lankan Airways","country":"Sri Lanka","logo":"https://upload.wikimedia.org/wikipedia/en/thumb/9/9b/Qatar_Airways_Logo.svg/sri_lanka.png","slogan":"From Sri Lanka","head_quaters":"Katunayake, Sri Lanka","website":"www.srilankaairways.com","established":"1990"},{"id":875260850,"name":"Sri Lankan Airways","country":"Sri Lanka","logo":"https://upload.wikimedia.org/wikipedia/en/thumb/9/9b/Qatar_Airways_Logo.svg/sri_lanka.png","slogan":"From Sri Lanka","head_quaters":"Katunayake, Sri Lanka","website":"www.srilankaairways.com","established":"1990"},{"id":-76308739,"name":"Sri Lankan Airways","country":"Sri Lanka","logo":"https://upload.wikimedia.org/wikipedia/en/thumb/9/9b/Qatar_Airways_Logo.svg/sri_lanka.png","slogan":"From Sri Lanka","head_quaters":"Katunayake, Sri Lanka","website":"www.srilankaairways.com","established":"1990"},{"id":513566201,"name":"Sri Lankan Airways","country":"Sri Lanka","logo":"https://upload.wikimedia.org/wikipedia/en/thumb/9/9b/Qatar_Airways_Logo.svg/sri_lanka.png","slogan":"From Sri Lanka","head_quaters":"Katunayake, Sri Lanka","website":"www.srilankaairways.com","established":"1990"},{"id":-524563049,"name":"Sri Lankan Airways","country":"Sri Lanka","logo":"https://upload.wikimedia.org/wikipedia/en/thumb/9/9b/Qatar_Airways_Logo.svg/sri_lanka.png","slogan":"From Sri Lanka","head_quaters":"Katunayake, Sri Lanka","website":"www.srilankaairways.com","established":"1990"},{"id":1937031954,"name":"Sri Lankan Airways","country":"Sri Lanka","logo":"https://upload.wikimedia.org/wikipedia/en/thumb/9/9b/Qatar_Airways_Logo.svg/sri_lanka.png","slogan":"From Sri Lanka","head_quaters":"Katunayake, Sri Lanka","website":"www.srilankaairways.com","established":"1990"},{"id":776800199,"name":"Sri Lankan Airways","country":"Sri Lanka","logo":"https://upload.wikimedia.org/wikipedia/en/thumb/9/9b/Qatar_Airways_Logo.svg/sri_lanka.png","slogan":"From Sri Lanka","head_quaters":"Katunayake, Sri Lanka","website":"www.srilankaairways.com","established":"1990"},{"id":3104,"name":"Canada Airways8","country":"Canada","logo":"https://upload.wikimedia.org/wikipedia/en/thumb/9/9b/Canada_Airways_Logo.svg/Canada.png","slogan":"From Canada","head_quaters":"Toronto, Canadaa","website":"www.canadaairways.com","established":"1997"},{"id":5532,"name":"Canada Airways0","country":"Canada","logo":"https://upload.wikimedia.org/wikipedia/en/thumb/9/9b/Canada_Airways_Logo.svg/Canada.png","slogan":"From Canada","head_quaters":"Toronto, Canadaa","website":"www.canadaairways.com","established":"1997"},{"id":22029,"name":"Canada oTB","country":"Canada"},{"id":18908,"name":"Canada vxJ","country":"Canada"},{"id":86159,"name":"Canada fII","country":"Canada"},{"id":41784,"name":"Canada tzz","country":"Canada"},{"id":35206,"name":"Canada raH","country":"Canada"},{"id":23956,"name":"Canada EqI","country":"Canada"},{"id":73486,"name":"Canada wej","country":"Canada"},{"id":33510,"name":"Canada GGK","country":"Canada"},{"id":6268,"name":"Canada vWp","country":"Canada"},{"id":52092,"name":"Canada sCk","country":"Canada"},{"id":46910,"name":"Canada Nsu","country":"Canada"},{"id":91775,"name":"Canada flG","country":"Canada"},{"id":51410,"name":"Canada UoX","country":"Canada"},{"id":25170,"name":"Canada xKJ","country":"Canada"},{"id":5774,"name":"Canada BYN","country":"Canada"},{"id":10578,"name":"Canada xWf","country":"Canada"},{"id":9469,"name":"Canada PUq","country":"Canada"},{"id":58752,"name":"Canada QQY","country":"Canada"},{"id":92948,"name":"Canada AIw","country":"Canada"},{"id":61764,"name":"Canada HsY","country":"Canada"},{"id":68405,"name":"Canada jcA","country":"Canada"},{"id":37029,"name":"Canada hpj","country":"Canada"},{"id":93981,"name":"Canada sSD","country":"Canada"},{"id":88339,"name":"Canada ZNH","country":"Canada"},{"id":32002,"name":"Canada VsP","country":"Canada"},{"id":26944,"name":"Canada jtW","country":"Canada"},{"id":54517,"name":"Canada FXq","country":"Canada"},{"id":16363,"name":"Canada Jcf","country":"Canada"},{"id":66094,"name":"Canada qDH","country":"Canada"},{"id":34562,"name":"Canada bEp","country":"Canada"},{"id":5573,"name":"Garuda Indonesia","country":"Indonesia","logo":"https://upload.wikimedia.org/wikipedia/en/thumb/9/9b/Qatar_Airways_Logo.svg/sri_lanka.png","slogan":"Wonderful Indonesia","head_quaters":"Jakarta, Indonesia","website":"www.garudaindonesia.com","established":"1980"},{"id":60,"name":"Garuda Indonesia","country":"Indonesia","logo":"https://upload.wikimedia.org/wikipedia/en/thumb/9/9b/Qatar_Airways_Logo.svg/sri_lanka.png","slogan":"Wonderful Indonesia","head_quaters":"Jakarta, Indonesia","website":"www.garudaindonesia.com","established":"1980"},{"id":670,"name":"Garuda Indonesia","country":"Indonesia","logo":"https://upload.wikimedia.org/wikipedia/en/thumb/9/9b/Qatar_Airways_Logo.svg/sri_lanka.png","slogan":"Wonderful Indonesia","head_quaters":"Jakarta, Indonesia","website":"www.garudaindonesia.com","established":"1980"},{"id":3129,"name":"Garuda Indonesia","country":"Indonesia","logo":"https://upload.wikimedia.org/wikipedia/en/thumb/9/9b/Qatar_Airways_Logo.svg/sri_lanka.png","slogan":"Wonderful Indonesia","head_quaters":"Jakarta, Indonesia","website":"www.garudaindonesia.com","established":"1980"},{"id":5602,"name":"Garuda Indonesia","country":"Indonesia","logo":"https://upload.wikimedia.org/wikipedia/en/thumb/9/9b/Qatar_Airways_Logo.svg/sri_lanka.png","slogan":"Wonderful Indonesia","head_quaters":"Jakarta, Indonesia","website":"www.garudaindonesia.com","established":"1980"},{"id":4988,"name":"Garuda Indonesia","country":"Indonesia","logo":"https://upload.wikimedia.org/wikipedia/en/thumb/9/9b/Qatar_Airways_Logo.svg/sri_lanka.png","slogan":"Wonderful Indonesia","head_quaters":"Jakarta, Indonesia","website":"www.garudaindonesia.com","established":"1980"},{"id":4642,"name":"Garuda Indonesia","country":"Indonesia","logo":"https://upload.wikimedia.org/wikipedia/en/thumb/9/9b/Qatar_Airways_Logo.svg/sri_lanka.png","slogan":"Wonderful Indonesia","head_quaters":"Jakarta, Indonesia","website":"www.garudaindonesia.com","established":"1980"},{"id":6563,"name":"Garuda Indonesia","country":"Indonesia","logo":"https://upload.wikimedia.org/wikipedia/en/thumb/9/9b/Qatar_Airways_Logo.svg/sri_lanka.png","slogan":"Wonderful Indonesia","head_quaters":"Jakarta, Indonesia","website":"www.garudaindonesia.com","established":"1980"},{"id":1017,"name":"Garuda Indonesia","country":"Indonesia","logo":"https://upload.wikimedia.org/wikipedia/en/thumb/9/9b/Qatar_Airways_Logo.svg/sri_lanka.png","slogan":"Wonderful Indonesia","head_quaters":"Jakarta, Indonesia","website":"www.garudaindonesia.com","established":"1980"},{"id":83904,"name":"Canada SVu","country":"Canada"},{"id":47228,"name":"Canada Pru","country":"Canada"},{"id":1000234,"name":"JATS Test Airways","country":"JATS","logo":"https://upload.wikimedia.org/wikipedia/en/thumb/9/9b/Qatar_Airways_Logo.svg/sri_lanka.png","slogan":"From JATS","head_quaters":"JATS, JATS","website":"www.jatsairways.com","established":"1967"},{"id":67531,"name":"Canada azx","country":"Canada"},{"id":14751,"name":"Canada kPC","country":"Canada"},{"id":86080,"name":"Canada Yhe","country":"Canada"},{"id":37398,"name":"Canada wen","country":"Canada"},{"id":1004567,"name":"JATS New Airways","country":"JATS New","logo":"https://upload.wikimedia.org/wikipedia/en/thumb/9/9b/Qatar_Airways_Logo.svg/sri_lanka.png","slogan":"From JATS New","head_quaters":"JATS New, JATS New","website":"www.jatsnewairways.com","established":"1997"},{"id":34774,"name":"Canada pjr","country":"Canada"},{"id":2425991,"name":"NUPS New Airways","country":"NUPS New","logo":"https://upload.wikimedia.org/wikipedia/en/thumb/9/9b/Qatar_Airways_Logo.svg/sri_lanka.png","slogan":"From NUPS New","head_quaters":"NUPS New, NUPS New","website":"www.nupsnewairways.com","established":"2001"},{"id":334421,"name":"NUPS New Airways","country":"NUPS New","logo":"https://upload.wikimedia.org/wikipedia/en/thumb/9/9b/Qatar_Airways_Logo.svg/sri_lanka.png","slogan":"From NUPS New","head_quaters":"NUPS New, NUPS New","website":"www.nupsnewairways.com","established":"2001"},{"id":895,"name":"Canada jha","country":"Canada"},{"id":45827,"name":"Canada Mpc","country":"Canada"},{"id":56443,"name":"NUPS New Airways","country":"NUPS New","logo":"https://upload.wikimedia.org/wikipedia/en/thumb/9/9b/Qatar_Airways_Logo.svg/sri_lanka.png","slogan":"From NUPS New","head_quaters":"NUPS New, NUPS New","website":"www.nupsnewairways.com","established":"2001"},{"id":88997,"name":"NUPS New Airways","country":"NUPS New","logo":"https://upload.wikimedia.org/wikipedia/en/thumb/9/9b/Qatar_Airways_Logo.svg/sri_lanka.png","slogan":"From NUPS New","head_quaters":"NUPS New, NUPS New","website":"www.nupsnewairways.com","established":"2001"},{"id":7903,"name":"Garuda Indonesia","country":"Indonesia","logo":"https://upload.wikimedia.org/wikipedia/en/thumb/9/9b/Qatar_Airways_Logo.svg/sri_lanka.png","slogan":"Wonderful Indonesia","head_quaters":"Jakarta, Indonesia","website":"www.garudaindonesia.com","established":"1980"},{"id":6215,"name":"Garuda Indonesia","country":"Indonesia","logo":"https://upload.wikimedia.org/wikipedia/en/thumb/9/9b/Qatar_Airways_Logo.svg/sri_lanka.png","slogan":"Wonderful Indonesia","head_quaters":"Jakarta, Indonesia","website":"www.garudaindonesia.com","established":"1980"},{"id":4926,"name":"Garuda Indonesia","country":"Indonesia","logo":"https://upload.wikimedia.org/wikipedia/en/thumb/9/9b/Qatar_Airways_Logo.svg/sri_lanka.png","slogan":"Wonderful Indonesia","head_quaters":"Jakarta, Indonesia","website":"www.garudaindonesia.com","established":"1980"},{"id":5084,"name":"Garuda Indonesia","country":"Indonesia","logo":"https://upload.wikimedia.org/wikipedia/en/thumb/9/9b/Qatar_Airways_Logo.svg/sri_lanka.png","slogan":"Wonderful Indonesia","head_quaters":"Jakarta, Indonesia","website":"www.garudaindonesia.com","established":"1980"},{"id":2679,"name":"Garuda Indonesia","country":"Indonesia","logo":"https://upload.wikimedia.org/wikipedia/en/thumb/9/9b/Qatar_Airways_Logo.svg/sri_lanka.png","slogan":"Wonderful Indonesia","head_quaters":"Jakarta, Indonesia","website":"www.garudaindonesia.com","established":"1980"},{"id":886,"name":"Garuda Indonesia","country":"Indonesia","logo":"https://upload.wikimedia.org/wikipedia/en/thumb/9/9b/Qatar_Airways_Logo.svg/sri_lanka.png","slogan":"Wonderful Indonesia","head_quaters":"Jakarta, Indonesia","website":"www.garudaindonesia.com","established":"1980"},{"id":9898,"name":"Garuda Indonesia","country":"Indonesia","logo":"https://upload.wikimedia.org/wikipedia/en/thumb/9/9b/Qatar_Airways_Logo.svg/sri_lanka.png","slogan":"Wonderful Indonesia","head_quaters":"Jakarta, Indonesia","website":"www.garudaindonesia.com","established":"1980"},{"id":8707,"name":"Garuda Indonesia","country":"Indonesia","logo":"https://upload.wikimedia.org/wikipedia/en/thumb/9/9b/Qatar_Airways_Logo.svg/sri_lanka.png","slogan":"Wonderful Indonesia","head_quaters":"Jakarta, Indonesia","website":"www.garudaindonesia.com","established":"1980"},{"id":3442,"name":"Garuda Indonesia","country":"Indonesia","logo":"https://upload.wikimedia.org/wikipedia/en/thumb/9/9b/Qatar_Airways_Logo.svg/sri_lanka.png","slogan":"Wonderful Indonesia","head_quaters":"Jakarta, Indonesia","website":"www.garudaindonesia.com","established":"1980"},{"id":76889,"name":"NUPS New Airways","country":"NUPS New","logo":"https://upload.wikimedia.org/wikipedia/en/thumb/9/9b/Qatar_Airways_Logo.svg/sri_lanka.png","slogan":"From NUPS New","head_quaters":"NUPS New, NUPS New","website":"www.nupsnewairways.com","established":"2001"},{"id":1336255808,"name":"Sri Lankan Airways","country":"Sri Lanka","logo":"https://upload.wikimedia.org/wikipedia/en/thumb/9/9b/Qatar_Airways_Logo.svg/sri_lanka.png","slogan":"From Sri Lanka","head_quaters":"Katunayake, Sri Lanka","website":"www.srilankaairways.com","established":"1990"},{"id":-395955372,"name":"Sri Lankan Airways","country":"Sri Lanka","logo":"https://upload.wikimedia.org/wikipedia/en/thumb/9/9b/Qatar_Airways_Logo.svg/sri_lanka.png","slogan":"From Sri Lanka","head_quaters":"Katunayake, Sri Lanka","website":"www.srilankaairways.com","established":"1990"},{"id":1101020785,"name":"Sri Lankan Airways","country":"Sri Lanka","logo":"https://upload.wikimedia.org/wikipedia/en/thumb/9/9b/Qatar_Airways_Logo.svg/sri_lanka.png","slogan":"From Sri Lanka","head_quaters":"Katunayake, Sri Lanka","website":"www.srilankaairways.com","established":"1990"},{"id":85715546,"name":"Sri Lankan Airways","country":"Sri Lanka","logo":"https://upload.wikimedia.org/wikipedia/en/thumb/9/9b/Qatar_Airways_Logo.svg/sri_lanka.png","slogan":"From Sri Lanka","head_quaters":"Katunayake, Sri Lanka","website":"www.srilankaairways.com","established":"1990"},{"id":510177182,"name":"Sri Lankan Airways","country":"Sri Lanka","logo":"https://upload.wikimedia.org/wikipedia/en/thumb/9/9b/Qatar_Airways_Logo.svg/sri_lanka.png","slogan":"From Sri Lanka","head_quaters":"Katunayake, Sri Lanka","website":"www.srilankaairways.com","established":"1990"},{"id":110213504,"name":"Sri Lankan Airways","country":"Sri Lanka","logo":"https://upload.wikimedia.org/wikipedia/en/thumb/9/9b/Qatar_Airways_Logo.svg/sri_lanka.png","slogan":"From Sri Lanka","head_quaters":"Katunayake, Sri Lanka","website":"www.srilankaairways.com","established":"1990"},{"id":-1124890,"name":"Sri Lankan Airways","country":"Sri Lanka","logo":"https://upload.wikimedia.org/wikipedia/en/thumb/9/9b/Qatar_Airways_Logo.svg/sri_lanka.png","slogan":"From Sri Lanka","head_quaters":"Katunayake, Sri Lanka","website":"www.srilankaairways.com","established":"1990"},{"id":-1169180166,"name":"Sri Lankan Airways","country":"Sri Lanka","logo":"https://upload.wikimedia.org/wikipedia/en/thumb/9/9b/Qatar_Airways_Logo.svg/sri_lanka.png","slogan":"From Sri Lanka","head_quaters":"Katunayake, Sri Lanka","website":"www.srilankaairways.com","established":"1990"},{"id":1238036887,"name":"Sri Lankan Airways","country":"Sri Lanka","logo":"https://upload.wikimedia.org/wikipedia/en/thumb/9/9b/Qatar_Airways_Logo.svg/sri_lanka.png","slogan":"From Sri Lanka","head_quaters":"Katunayake, Sri Lanka","website":"www.srilankaairways.com","established":"1990"},{"id":1019808206,"name":"Sri Lankan Airways","country":"Sri Lanka","logo":"https://upload.wikimedia.org/wikipedia/en/thumb/9/9b/Qatar_Airways_Logo.svg/sri_lanka.png","slogan":"From Sri Lanka","head_quaters":"Katunayake, Sri Lanka","website":"www.srilankaairways.com","established":"1990"},{"id":989898121290,"name":"3463257","country":"India","logo":"https://upload.wikimedia.org/wikipedia/en/thumb/9/9b/Qatar_Airways_Logo.svg/sri_lanka.png","slogan":"From India","head_quaters":"Delhi, India","website":"codepanda.in","established":"1990"},{"id":999898121290,"name":"suraj chaturvedi","country":"India","logo":"https://upload.wikimedia.org/wikipedia/en/thumb/9/9b/Qatar_Airways_Logo.svg/sri_lanka.png","slogan":"From India","head_quaters":"Delhi, India","website":"codepanda.in","established":"1990"},{"id":84475,"name":"Canada ZTY","country":"Canada"},{"id":86874,"name":"Canada PrV","country":"Canada"},{"id":72382,"name":"Canada sus","country":"Canada"},{"id":21100,"name":"Canada kvT","country":"Canada"},{"id":14996,"name":"Canada xzf","country":"Canada"},{"id":92931,"name":"Canada UfX","country":"Canada"},{"id":13930,"name":"Canada SIq","country":"Canada"},{"id":92872,"name":"Canada RfO","country":"Canada"},{"id":44795,"name":"Canada TWU","country":"Canada"},{"id":9304,"name":"Canada AXo","country":"Canada"},{"id":31461,"name":"Canada LJE","country":"Canada"},{"id":25197,"name":"Canada mNM","country":"Canada"},{"id":69712,"name":"Canada uKj","country":"Canada"},{"id":71997,"name":"Canada byn","country":"Canada"},{"id":64376,"name":"Canada VEO","country":"Canada"},{"id":29529,"name":"Canada jcF","country":"Canada"},{"id":95094,"name":"Canada eHD","country":"Canada"},{"id":2335,"name":"Canada CEr","country":"Canada"},{"id":37840,"name":"Canada DVT","country":"Canada"},{"id":11314,"name":"Canada hIw","country":"Canada"},{"id":29693,"name":"Canada gzv","country":"Canada"},{"id":66633,"name":"Canada uXb","country":"Canada"},{"id":70727,"name":"Canada OMI","country":"Canada"},{"id":71246,"name":"Canada Rwd","country":"Canada"},{"id":61341,"name":"Canada EZd","country":"Canada"},{"id":59589,"name":"Canada Yqx","country":"Canada"},{"id":89434,"name":"Canada HtD","country":"Canada"},{"id":7272,"name":"Neha Airways","country":"Hisar","logo":"https://upload.wikimedia.org/wikipedia/en/thumb/9/9b/Qatar_Airways_Logo.svg/sri_lanka.png","slogan":"Hansi Hisar","head_quaters":"Dabra chowk, hisar","website":"www.srilankaairways.com","established":"1988"},{"id":129,"name":"Lankan Airways","country":"Sri Lanka","logo":"https://upload.wikimedia.org/wikipedia/en/thumb/9/9b/Qatar_Airways_Logo.svg/sri_lanka.png","slogan":"From Sri Lanka","head_quaters":"Katunayake, Sri Lanka","website":"www.srilankaairways.com","established":"1990"},{"id":1989,"name":"Sri Airways","country":"Lanka","logo":"https://upload.wikimedia.org/wikipedia/en/thumb/9/9b/Qatar_Airways_Logo.svg/sri_lanka.png","slogan":"From Sri Lanka","head_quaters":"Katunayake, Sri Lanka","website":"www.srilankaairways.com","established":"1990"},{"id":19999,"name":"Sri Airwas","country":"Lanka","logo":"https://upload.wikimedia.org/wikipedia/en/thumb/9/9b/Qatar_Airways_Logo.svg/sri_lanka.png","slogan":"From Sri Lanka","head_quaters":"Katunayake, Sri Lanka","website":"www.srilankaairways.com","established":"1990"},{"id":14848615809,"name":"CMB air","country":"EGGGYPT","logo":"https://upload.wikimedia.org/wikipedia/en/thumb/9/9b/Qatar_Airways_Logo.svg/sri_lanka.png","slogan":"test slogan","head_quaters":"Katunayake, Sri Lanka","website":"www.masr.com","established":"0100"},{"id":115,"name":"Sri Lankan Airways","country":"Sri Lanka","logo":"https://upload.wikimedia.org/wikipedia/en/thumb/9/9b/Qatar_Airways_Logo.svg/sri_lanka.png","slogan":"From Sri Lanka","head_quaters":"Katunayake, Sri Lanka","website":"www.srilankaairways.com","established":"1990"},{"id":116,"name":"bangla puzzle","country":"Sri Lanka","logo":"https://upload.wikimedia.org/wikipedia/en/thumb/9/9b/Qatar_Airways_Logo.svg/sri_lanka.png","slogan":"From Sri Lanka","head_quaters":"Katunayake, Sri Lanka","website":"www.srilankaairways.com","established":"1990"},{"id":117,"name":"bangla puzzle","country":"bangladesh","logo":"https://upload.wikimedia.org/wikipedia/en/thumb/9/9b/Qatar_Airways_Logo.svg/sri_lanka.png","slogan":"From Sri Lanka","head_quaters":"Katunayake, Sri Lanka","website":"lenovo","established":"1990"},{"id":1122112223212,"name":"Codepanda airline","country":"India","logo":"https://upload.wikimedia.org/wikipedia/en/thumb/9/9b/Qatar_Airways_Logo.svg/sri_lanka.png","slogan":"From India","head_quaters":"Noida, India","website":"codepanda.in","established":"1990"},{"id":1902,"name":"Sri Lankan Airways","country":"Sri Lanka","logo":"https://upload.wikimedia.org/wikipedia/en/thumb/9/9b/Qatar_Airways_Logo.svg/sri_lanka.png","slogan":"From Sri Lanka","head_quaters":"Katunayake, Sri Lanka","website":"www.srilankaairways.com","established":"1990"},{"name":"Radhe Airways","country":"Quatar","logo":"https://upload.wikimedia.org/wikipedia/en/thumb/9/9b/Qatar_Airways_Logo.svg/300px-Qatar_Airways_Logo.svg.png","slogan":"Going Places Together","head_quaters":"Qatar Airways Towers, Doha, Qatar","website":"www.qatarairways.com","established":"1994"},{"name":"abhi234231ssffasfafasd"},{"name":"abhi234231ssffasfafasd"},{"name":"John Doe"},{"name":"John Doe"},{"id":1796,"name":"Pagapaga Airways","country":"US","logo":"https://upload.wikimedia.org/wikipedia/en/thumb/9/9b/Qatar_Airways_Logo.svg/sri_lanka.png","slogan":"From Paradaise","head_quaters":"Texas, USA","website":"www.dallas.com","established":"2022"},{"name":"steven"},{"id":1797,"name":"Maharaja","country":"India","logo":"https://upload.wikimedia.org/wikipedia/en/thumb/1/17/Cathay_Pacific_logo.svg/300px-Cathay_Pacific_logo.svg.png","slogan":"Move Beyond","head_quaters":"New Delhi, India","website":"www.maharaja.com","established":"1946"},{"id":1798,"name":"Maharaja","country":"India","logo":"https://upload.wikimedia.org/wikipedia/en/thumb/1/17/Cathay_Pacific_logo.svg/300px-Cathay_Pacific_logo.svg.png","slogan":"Move Beyond","head_quaters":"New Delhi, India","website":"www.maharaja.com","established":"1946"},{"id":1345,"name":"Sri Lankan Airways","country":"Sri Lanka","logo":"https://upload.wikimedia.org/wikipedia/en/thumb/9/9b/Qatar_Airways_Logo.svg/sri_lanka.png","slogan":"From Sri Lanka","head_quaters":"Katunayake, Sri Lanka","website":"www.srilankaairways.com","established":"1990"},{"id":124,"name":"Fake Airways","country":"United States","logo":"https://upload.wikimedia.org/wikipedia/en/thumb/9/9b/Fake_Airways_Logo.svg/us_fake_ar.png","slogan":"Here we fly","head_quaters":"Huwai, US","website":"www.fakeairways.com","established":"2022"},{"id":501,"name":"Sri Lankan Airways","country":"Sri Lanka","logo":"https://upload.wikimedia.org/wikipedia/en/thumb/9/9b/Qatar_Airways_Logo.svg/sri_lanka.png","slogan":"From Sri Lanka","head_quaters":"Katunayake, Sri Lanka","website":"www.srilankaairways.com","established":"1990"},{"id":113,"name":"Indian Airways","country":"India","logo":"https://upload.wikimedia.org/wikipedia/en/thumb/9/9b/Qatar_Airways_Logo.svg/sri_lanka.png","slogan":"From India","head_quaters":"CHENNAI","website":"www.indianairways.com","established":"1980"},{"id":112,"name":"Indian Airways","country":"India","logo":"https://upload.wikimedia.org/wikipedia/en/thumb/9/9b/Qatar_Airways_Logo.svg/sri_lanka.png","slogan":"From India","head_quaters":"CHENNAI","website":"www.indianairways.com","established":"1980"},{"name":"Iron Man"},{"name":"John Doe"},{"name":"John Doe"},{"name":"John Doe"},{"name":"hossam"},{"name":"hari"},{"name":"Radhe"},{"id":20002,"name":"Pakistan Airlines","country":"Pakistan","logo":"https://upload.wikimedia.org/wikipedia/en/thumb/6/6b/Singapore_Airlines_Logo_2.svg/250px-Singapore_Airlines_Logo_2.svg.png","slogan":"Best Airline","head_quaters":"Airline House, 25 Airline Road, Islamabad 819829","website":"www.pakistan.com","established":"1951"},{"id":464777,"name":"Sri Lankan Airways","country":"Sri Lanka","logo":"https://upload.wikimedia.org/wikipedia/en/thumb/9/9b/Qatar_Airways_Logo.svg/sri_lanka.png","slogan":"From Sri Lanka","head_quaters":"Katunayake, Sri Lanka","website":"www.srilankaairways.com","established":"1990"},{"id":23246,"name":"Singapore Airlines","country":"Singapore","logo":"https://upload.wikimedia.org/wikipedia/en/thumb/6/6b/Singapore_Airlines_Logo_2.svg/250px-Singapore_Airlines_Logo_2.svg.png","slogan":"A Great Way to Fly","head_quaters":"Airline House, 25 Airline Road, Singapore 819829","website":"www.singaporeair.com","established":"1947"},{"name":"QA Ava","country":"Tayag","logo":"logo","slogan":"00777","head_quaters":"169071","website":"ava.tayag+qaoct4@internetbrands.com","established":"QA Test NG API"},{"name":"PV"},{"id":299,"name":"Indian Airways","country":"India","logo":"https://upload.wikimedia.org/wikipedia/en/thumb/9/9b/Qatar_Airways_Logo.svg/sri_lanka.png","slogan":"From India","head_quaters":"CHENNAI","website":"www.indianairways.com","established":"1980"},{"name":"dgdgd","country":"gdgd"},{"name":"mangal","country":"swss"},{"name":"sqq","country":"sq"},{"id":20222,"name":"Nova Air","country":"Pakistan","logo":"https://upload.wikimedia.org/wikipedia/en/thumb/6/6b/Singapore_Airlines_Logo_2.svg/250px-Singapore_Airlines_Logo_2.svg.png","slogan":"Fly Every Where","head_quaters":"Airline House, 25 Airline Road, Lahore 819829","website":"www.pakistan.com","established":"2016"},{"name":"PakAir","country":"Pakistan","logo":"https://upload.wikimedia.org/wikipedia/en/thumb/6/6b/Singapore_Airlines_Logo_2.svg/250px-Singapore_Airlines_Logo_2.svg.png","slogan":"Visit World with us","website":"www.pakistan.com","established":"2020"},{"name":"Novax","country":"India","logo":"https://upload.wikimedia.org/wikipedia/en/thumb/6/6b/Singapore_Airlines_Logo_2.svg/250px-Singapore_Airlines_Logo_2.svg.png","slogan":"Best in the Best","website":"www.pakistan.com","established":"2002"},{"name":"Lavi","country":"Malaysia","logo":"https://upload.wikimedia.org/wikipedia/en/thumb/6/6b/Singapore_Airlines_Logo_2.svg/250px-Singapore_Airlines_Logo_2.svg.png","slogan":"Visit World","website":"www.pakistan.com","established":"2000"},{"name":"AirIndiaNew ","country":"India","logo":"https://upload.wikimedia.org/wikipedia/en/thumb/6/6b/Singapore_Airlines_Logo_2.svg/250px-Singapore_Airlines_Logo_2.svg.png","slogan":"Fly everywhere","website":"www.pakistan.com","established":"1998"},{"name":"PCharm","country":"Crotia","logo":"https://upload.wikimedia.org/wikipedia/en/thumb/6/6b/Singapore_Airlines_Logo_2.svg/250px-Singapore_Airlines_Logo_2.svg.png","slogan":"Full Fly","website":"www.pakistan.com","established":"2005"},{"name":"Ashutosh","country":"India","slogan":"HareKrishna-harerama"},{"name":"Ashuotsh","country":"India","slogan":"post request practice.."},{"name":"Ashutosh","country":"India","slogan":"Harekrishna...///"},{"id":1552,"name":"Sri Lankan Airways Null","country":"Sri Lanka Null","logo":"https://upload.wikimedia.org/wikipedia/en/thumb/9/9b/Qatar_Airways_Logo.svg/sri_lanka.png","slogan":"From Sri Lanka Nall","head_quaters":"Katunayake, Sri Lanka Nell","website":"www.srilankaairways.com","established":"1991"},{"name":"binny"},{"name":"binny"},{"id":-1547669849,"name":"Sri Lankan Airways","country":"Sri Lanka","logo":"https://upload.wikimedia.org/wikipedia/en/thumb/9/9b/Qatar_Airways_Logo.svg/sri_lanka.png","slogan":"From Sri Lanka","head_quaters":"Katunayake, Sri Lanka","website":"www.srilankaairways.com","established":"1990"},{"name":"Singaporesssss Airlines","country":"Singaporessss","logo":"https://upload.wikimedia.org/wikipedia/en/thumb/6/6b/Singapore_Airlines_Logo_2.svg/250px-Singapore_Airlines_Logo_2.svg.png","slogan":"A Great Way to Fly","head_quaters":"Airline House, 25 Airline Road, Singapore 819829","website":"www.singaporeair.com","established":"1947"},{"name":"Sushil  ","country":"India","slogan":"hello","head_quaters":"stara","website":"www.youtube.com","established":"9987"},{"name":"Sushil  ","country":"India","slogan":"hello","head_quaters":"stara","website":"www.youtube.com","established":"9987"},{"id":5555,"name":"Singaporesssss Airlines","country":"Singaporessss","logo":"https://upload.wikimedia.org/wikipedia/en/thumb/6/6b/Singapore_Airlines_Logo_2.svg/250px-Singapore_Airlines_Logo_2.svg.png","slogan":"A Great Way to Fly","head_quaters":"Airline House, 25 Airline Road, Singapore 819829","website":"www.singaporeair.com","established":"1947"},{"id":-1813686293,"name":"Sri Lankan Airways","country":"Sri Lanka","logo":"https://upload.wikimedia.org/wikipedia/en/thumb/9/9b/Qatar_Airways_Logo.svg/sri_lanka.png","slogan":"From Sri Lanka","head_quaters":"Katunayake, Sri Lanka","website":"www.srilankaairways.com","established":"1990"}]
The Value of id is:1
The Value of id is:2
The Value of id is:5
The Value of id is:6
The Value of id is:8
The Value of id is:9
The Value of id is:3
The Value of id is:4
The Value of id is:12
The Value of id is:7
The Value of id is:10
The Value of id is:929292
The Value of id is:786
The Value of id is:92
The Value of id is:123
The Value of id is:999
The Value of id is:78692
The Value of id is:12345677241241
*******************TestCase7**********************************
]]></system-out>
  </testcase>
  <testcase name="Testcase8" classname="org.testing.testcase.TC8_GetRequest" time="0.002">
    <system-out><![CDATA[*********************TestCase8*************************************
Status code is:200
{"id":-1813686293,"name":"Sri Lankan Airways","country":"Sri Lanka","logo":"https://upload.wikimedia.org/wikipedia/en/thumb/9/9b/Qatar_Airways_Logo.svg/sri_lanka.png","slogan":"From Sri Lanka","head_quaters":"Katunayake, Sri Lanka","website":"www.srilankaairways.com","established":"1990"}
]]></system-out>
  </testcase>
  <testcase name="Testcase9" classname="org.testing.testcase.TC9_UpdateRequest" time="1.093">
    <system-out><![CDATA[The status code is:200
{"_id":"633dc38bf0922b38be62f2af","name":"Dean","trips":250,"airline":[{"id":5,"name":"Eva Air","country":"Taiwan","logo":"https://upload.wikimedia.org/wikipedia/en/thumb/e/ed/EVA_Air_logo.svg/250px-EVA_Air_logo.svg.png","slogan":"Sharing the World, Flying Together","head_quaters":"376, Hsin-Nan Rd., Sec. 1, Luzhu, Taoyuan City, Taiwan","website":"www.evaair.com","established":"1989"}],"__v":0}
{"_id":"633dc38bf0922b38be62f2af","name":"Dean","trips":250,"airline":[{"id":5,"name":"Eva Air","country":"Taiwan","logo":"https://upload.wikimedia.org/wikipedia/en/thumb/e/ed/EVA_Air_logo.svg/250px-EVA_Air_logo.svg.png","slogan":"Sharing the World, Flying Together","head_quaters":"376, Hsin-Nan Rd., Sec. 1, Luzhu, Taoyuan City, Taiwan","website":"www.evaair.com","established":"1989"}],"__v":0}
633dc38bf0922b38be62f2af
******************************Testcase9 Part1**********************************
200
{"message":"Passenger data put successfully completed."}
]]></system-out>
  </testcase>
  <testcase name="Testcase10" classname="org.testing.testcase.TC10_DeleteRequest" time="0.359">
    <system-out><![CDATA[*****************************TestCase10***********************************
200
{"message":"Passenger data deleted successfully."}
]]></system-out>
  </testcase>
</testsuite>